#
# A fatal error has been detected by the Java Runtime Environment:
#
#  SIGSEGV (0xb) at pc=0x00007f8d19348160, pid=7556, tid=7563
#
# JRE version: OpenJDK Runtime Environment (11.0.6+10) (build 11.0.6+10-post-Ubuntu-1ubuntu118.04.1)
# Java VM: OpenJDK 64-Bit Server VM (11.0.6+10-post-Ubuntu-1ubuntu118.04.1, mixed mode, sharing, tiered, compressed oops, g1 gc, linux-amd64)
# Problematic frame:
# V  [libjvm.so+0xd4a160]
#
# Core dump will be written. Default location: Core dumps may be processed with "/usr/share/apport/apport %p %s %c %d %P" (or dumping to /home/gslab/Desktop/Files/com.docker/core.7556)
#
# If you would like to submit a bug report, please visit:
#   https://bugs.launchpad.net/ubuntu/+source/openjdk-lts
#

---------------  S U M M A R Y ------------

Command Line: -agentlib:jdwp=transport=dt_socket,suspend=y,address=localhost:40651 -ea -Dfile.encoding=UTF-8 org.testng.remote.RemoteTestNG -serport 35163 -protocol json -d /home/gslab/Desktop/Files/com.docker/test-output /tmp/testng-eclipse-2075928985/testng-customsuite.xml

Host: Intel(R) Core(TM) i7-4710MQ CPU @ 2.50GHz, 8 cores, 15G, Ubuntu 18.04.3 LTS
Time: Mon Apr 27 00:05:52 2020 IST elapsed time: 7676 seconds (0d 2h 7m 56s)

---------------  T H R E A D  ---------------

Current thread (0x00007f8d10016000):  JavaThread "main" [_thread_in_vm, id=7563, stack(0x00007f8d1a75b000,0x00007f8d1a85c000)]

Stack: [0x00007f8d1a75b000,0x00007f8d1a85c000],  sp=0x00007f8d1a859150,  free space=1016k
Native frames: (J=compiled Java code, A=aot compiled Java code, j=interpreted, Vv=VM code, C=native code)
V  [libjvm.so+0xd4a160]
V  [libjvm.so+0x646187]
V  [libjvm.so+0xa3788a]
V  [libjvm.so+0x83e9f6]
V  [libjvm.so+0x83f8ed]
j  docker.com.docker.StartLinuxDocker.startDockerForLinux()V+76
v  ~StubRoutines::call_stub
V  [libjvm.so+0x8493b9]
V  [libjvm.so+0xc6fcb6]
V  [libjvm.so+0xc70cc2]
V  [libjvm.so+0x8fadbc]  JVM_InvokeMethod+0xfc
j  jdk.internal.reflect.NativeMethodAccessorImpl.invoke0(Ljava/lang/reflect/Method;Ljava/lang/Object;[Ljava/lang/Object;)Ljava/lang/Object;+0 java.base@11.0.6
j  jdk.internal.reflect.NativeMethodAccessorImpl.invoke(Ljava/lang/Object;[Ljava/lang/Object;)Ljava/lang/Object;+100 java.base@11.0.6
j  jdk.internal.reflect.DelegatingMethodAccessorImpl.invoke(Ljava/lang/Object;[Ljava/lang/Object;)Ljava/lang/Object;+6 java.base@11.0.6
j  java.lang.reflect.Method.invoke(Ljava/lang/Object;[Ljava/lang/Object;)Ljava/lang/Object;+59 java.base@11.0.6
j  org.testng.internal.MethodInvocationHelper.invokeMethod(Ljava/lang/reflect/Method;Ljava/lang/Object;[Ljava/lang/Object;)Ljava/lang/Object;+258
j  org.testng.internal.TestInvoker.invokeMethod(Lorg/testng/internal/TestMethodArguments;Lorg/testng/xml/XmlSuite;Lorg/testng/internal/ITestInvoker$FailureContext;)Lorg/testng/ITestResult;+690
j  org.testng.internal.TestInvoker.invokeTestMethod(Lorg/testng/internal/TestMethodArguments;Lorg/testng/xml/XmlSuite;Lorg/testng/internal/ITestInvoker$FailureContext;)Lorg/testng/ITestResult;+16
j  org.testng.internal.MethodRunner.runInSequence(Lorg/testng/internal/TestMethodArguments;Lorg/testng/internal/ITestInvoker;Lorg/testng/ITestContext;Ljava/util/concurrent/atomic/AtomicInteger;Lorg/testng/internal/ITestInvoker$FailureContext;Ljava/util/Iterator;Z)Ljava/util/List;+127
j  org.testng.internal.TestInvoker$MethodInvocationAgent.invoke(I)I+313
j  org.testng.internal.TestInvoker.invokeTestMethods(Lorg/testng/ITestNGMethod;Lorg/testng/internal/ConfigurationGroupMethods;Ljava/lang/Object;Lorg/testng/ITestContext;)Ljava/util/List;+409
j  org.testng.internal.TestMethodWorker.invokeTestMethods(Lorg/testng/ITestNGMethod;Ljava/lang/Object;)V+14
j  org.testng.internal.TestMethodWorker.run()V+127
j  org.testng.TestRunner$$Lambda$73.accept(Ljava/lang/Object;)V+7
j  java.util.ArrayList.forEach(Ljava/util/function/Consumer;)V+46 java.base@11.0.6
j  org.testng.TestRunner.privateRun(Lorg/testng/xml/XmlTest;)V+356
j  org.testng.TestRunner.run()V+25
j  org.testng.SuiteRunner.runTest(Lorg/testng/TestRunner;)V+21
j  org.testng.SuiteRunner.runSequentially()V+31
j  org.testng.SuiteRunner.privateRun()V+296
j  org.testng.SuiteRunner.run()V+6
j  org.testng.SuiteRunnerWorker.runSuite(Lorg/testng/internal/SuiteRunnerMap;Lorg/testng/xml/XmlSuite;)V+87
j  org.testng.SuiteRunnerWorker.run()V+12
j  org.testng.TestNG.runSuitesSequentially(Lorg/testng/xml/XmlSuite;Lorg/testng/internal/SuiteRunnerMap;ILjava/lang/String;)V+66
j  org.testng.TestNG.runSuitesLocally()Ljava/util/List;+156
j  org.testng.TestNG.runSuites()Ljava/util/List;+1
j  org.testng.TestNG.run()V+25
j  org.testng.remote.AbstractRemoteTestNG.run()V+149
j  org.testng.remote.RemoteTestNG.initAndRun(Lorg/testng/remote/IRemoteTestNG;[Ljava/lang/String;Lorg/testng/CommandLineArgs;Lorg/testng/remote/RemoteArgs;)V+184
j  org.testng.remote.RemoteTestNG.main([Ljava/lang/String;)V+201
v  ~StubRoutines::call_stub
V  [libjvm.so+0x8493b9]
V  [libjvm.so+0x8c5e4d]
V  [libjvm.so+0x8c831e]
C  [libjli.so+0x5856]
C  [libjli.so+0x92cd]

Java frames: (J=compiled Java code, j=interpreted, Vv=VM code)
j  docker.com.docker.StartLinuxDocker.startDockerForLinux()V+76
v  ~StubRoutines::call_stub
j  jdk.internal.reflect.NativeMethodAccessorImpl.invoke0(Ljava/lang/reflect/Method;Ljava/lang/Object;[Ljava/lang/Object;)Ljava/lang/Object;+0 java.base@11.0.6
j  jdk.internal.reflect.NativeMethodAccessorImpl.invoke(Ljava/lang/Object;[Ljava/lang/Object;)Ljava/lang/Object;+100 java.base@11.0.6
j  jdk.internal.reflect.DelegatingMethodAccessorImpl.invoke(Ljava/lang/Object;[Ljava/lang/Object;)Ljava/lang/Object;+6 java.base@11.0.6
j  java.lang.reflect.Method.invoke(Ljava/lang/Object;[Ljava/lang/Object;)Ljava/lang/Object;+59 java.base@11.0.6
j  org.testng.internal.MethodInvocationHelper.invokeMethod(Ljava/lang/reflect/Method;Ljava/lang/Object;[Ljava/lang/Object;)Ljava/lang/Object;+258
j  org.testng.internal.TestInvoker.invokeMethod(Lorg/testng/internal/TestMethodArguments;Lorg/testng/xml/XmlSuite;Lorg/testng/internal/ITestInvoker$FailureContext;)Lorg/testng/ITestResult;+690
j  org.testng.internal.TestInvoker.invokeTestMethod(Lorg/testng/internal/TestMethodArguments;Lorg/testng/xml/XmlSuite;Lorg/testng/internal/ITestInvoker$FailureContext;)Lorg/testng/ITestResult;+16
j  org.testng.internal.MethodRunner.runInSequence(Lorg/testng/internal/TestMethodArguments;Lorg/testng/internal/ITestInvoker;Lorg/testng/ITestContext;Ljava/util/concurrent/atomic/AtomicInteger;Lorg/testng/internal/ITestInvoker$FailureContext;Ljava/util/Iterator;Z)Ljava/util/List;+127
j  org.testng.internal.TestInvoker$MethodInvocationAgent.invoke(I)I+313
j  org.testng.internal.TestInvoker.invokeTestMethods(Lorg/testng/ITestNGMethod;Lorg/testng/internal/ConfigurationGroupMethods;Ljava/lang/Object;Lorg/testng/ITestContext;)Ljava/util/List;+409
j  org.testng.internal.TestMethodWorker.invokeTestMethods(Lorg/testng/ITestNGMethod;Ljava/lang/Object;)V+14
j  org.testng.internal.TestMethodWorker.run()V+127
j  org.testng.TestRunner$$Lambda$73.accept(Ljava/lang/Object;)V+7
j  java.util.ArrayList.forEach(Ljava/util/function/Consumer;)V+46 java.base@11.0.6
j  org.testng.TestRunner.privateRun(Lorg/testng/xml/XmlTest;)V+356
j  org.testng.TestRunner.run()V+25
j  org.testng.SuiteRunner.runTest(Lorg/testng/TestRunner;)V+21
j  org.testng.SuiteRunner.runSequentially()V+31
j  org.testng.SuiteRunner.privateRun()V+296
j  org.testng.SuiteRunner.run()V+6
j  org.testng.SuiteRunnerWorker.runSuite(Lorg/testng/internal/SuiteRunnerMap;Lorg/testng/xml/XmlSuite;)V+87
j  org.testng.SuiteRunnerWorker.run()V+12
j  org.testng.TestNG.runSuitesSequentially(Lorg/testng/xml/XmlSuite;Lorg/testng/internal/SuiteRunnerMap;ILjava/lang/String;)V+66
j  org.testng.TestNG.runSuitesLocally()Ljava/util/List;+156
j  org.testng.TestNG.runSuites()Ljava/util/List;+1
j  org.testng.TestNG.run()V+25
j  org.testng.remote.AbstractRemoteTestNG.run()V+149
j  org.testng.remote.RemoteTestNG.initAndRun(Lorg/testng/remote/IRemoteTestNG;[Ljava/lang/String;Lorg/testng/CommandLineArgs;Lorg/testng/remote/RemoteArgs;)V+184
j  org.testng.remote.RemoteTestNG.main([Ljava/lang/String;)V+201
v  ~StubRoutines::call_stub

siginfo: si_signo: 11 (SIGSEGV), si_code: 1 (SEGV_MAPERR), si_addr: 0x0000000000000000

Register to memory mapping:

RAX=0x00007f8d10016fd8 points into unknown readable memory: 38 e1 8a 19 07 00 00 00
RBX=0x0 is NULL
RCX=0x0000000000000001 is an unknown value
RDX=0x00007f8d10016fd8 points into unknown readable memory: 38 e1 8a 19 07 00 00 00
RSP=0x00007f8d1a859150 is pointing into the stack for thread: 0x00007f8d10016000
RBP=0x00007f8d1a8591c0 is pointing into the stack for thread: 0x00007f8d10016000
RSI=0x00007f8d10016fd0 points into unknown readable memory: a8 cb f1 19 07 00 00 00
RDI=0x0 is NULL
R8 =0x00007f8d10016000 is a thread
R9 =0x00007f8d10016fd8 points into unknown readable memory: 38 e1 8a 19 07 00 00 00
R10=0x0 is NULL
R11=0x00007f8d1a8590e8 is pointing into the stack for thread: 0x00007f8d10016000
R12=0x00007f8d10016000 is a thread
R13=0x0000000000000001 is an unknown value
R14=0x00007f8d10016000 is a thread
R15=0x00007f8d10016fd0 points into unknown readable memory: a8 cb f1 19 07 00 00 00


Registers:
RAX=0x00007f8d10016fd8, RBX=0x0000000000000000, RCX=0x0000000000000001, RDX=0x00007f8d10016fd8
RSP=0x00007f8d1a859150, RBP=0x00007f8d1a8591c0, RSI=0x00007f8d10016fd0, RDI=0x0000000000000000
R8 =0x00007f8d10016000, R9 =0x00007f8d10016fd8, R10=0x0000000000000000, R11=0x00007f8d1a8590e8
R12=0x00007f8d10016000, R13=0x0000000000000001, R14=0x00007f8d10016000, R15=0x00007f8d10016fd0
RIP=0x00007f8d19348160, EFLAGS=0x0000000000010206, CSGSFS=0x002b000000000033, ERR=0x0000000000000004
  TRAPNO=0x000000000000000e

Top of Stack: (sp=0x00007f8d1a859150)
0x00007f8d1a859150:   00007f8cf891bd28 000000071902e300
0x00007f8d1a859160:   00007f8d1a859160 000000080079b0df
0x00007f8d1a859170:   00007f8d1a8591b8 00000008001e9520
0x00007f8d1a859180:   0000000000000000 00000007bfe174c8 

Instructions: (pc=0x00007f8d19348160)
0x00007f8d19348060:   8d 05 fa 25 6d 00 4c 8b 4d c8 48 8d 35 57 5f 1a
0x00007f8d19348070:   00 ba dc 00 00 00 4c 89 ff 48 8b 88 90 04 00 00
0x00007f8d19348080:   e8 6b 04 9c ff 49 83 3c 24 00 74 14 48 8b 75 b0
0x00007f8d19348090:   4c 89 ef e8 a8 92 68 ff 4c 89 e7 e8 f0 82 68 ff
0x00007f8d193480a0:   48 8b 45 b8 4d 89 65 10 4d 89 75 18 49 89 45 20
0x00007f8d193480b0:   e9 c6 fd ff ff 0f 1f 00 4c 89 f9 31 d2 31 f6 48
0x00007f8d193480c0:   89 df e8 89 d6 ff ff 49 89 c6 e9 5a fd ff ff 90
0x00007f8d193480d0:   e8 bb 40 cb ff 84 c0 0f 84 9e fd ff ff 49 8b 57
0x00007f8d193480e0:   08 e9 3b ff ff ff 4c 89 f9 31 d2 31 f6 48 89 c7
0x00007f8d193480f0:   48 89 45 98 e8 67 cb ff ff 4c 8b 5d 98 49 89 c6
0x00007f8d19348100:   e9 ec fd ff ff e8 e6 56 fe ff 49 89 c0 48 8d 05
0x00007f8d19348110:   4c 25 6d 00 48 8d 35 ad 5e 1a 00 ba e7 00 00 00
0x00007f8d19348120:   4c 89 ff 48 8b 88 80 03 00 00 e8 e1 06 9c ff 4c
0x00007f8d19348130:   8b 4d a0 e9 92 fe ff ff 0f 1f 84 00 00 00 00 00
0x00007f8d19348140:   55 49 89 d1 48 89 e5 41 57 41 56 41 55 41 54 49
0x00007f8d19348150:   89 f7 53 41 89 cd 48 89 fb 4d 89 c6 48 83 ec 48
0x00007f8d19348160:   0f b7 37 66 83 fe 01 0f 87 63 01 00 00 44 0f b7
0x00007f8d19348170:   e6 41 83 fc 01 7e 0a 80 7b 06 4c 0f 84 7f 00 00
0x00007f8d19348180:   00 4c 89 f1 4c 89 ca 4c 89 fe 48 89 df e8 ce ca
0x00007f8d19348190:   ff ff 49 89 c4 49 8b 56 08 48 85 d2 0f 84 5e 01
0x00007f8d193481a0:   00 00 45 84 ed 74 40 48 8d 05 1e 7d 69 00 48 8b
0x00007f8d193481b0:   35 53 8c 6b 00 80 38 00 0f 84 fa 01 00 00 48 8d
0x00007f8d193481c0:   05 cb b4 66 00 8b 7a 08 8b 48 08 48 d3 e7 8b 4e
0x00007f8d193481d0:   10 48 03 38 48 3b 34 0f 0f 84 eb 01 00 00 83 f9
0x00007f8d193481e0:   20 0f 84 99 02 00 00 45 31 e4 48 83 c4 48 4c 89
0x00007f8d193481f0:   e0 5b 41 5c 41 5d 41 5e 41 5f 5d c3 0f 1f 40 00
0x00007f8d19348200:   41 8d 44 24 ff 48 98 80 7c 03 06 3b 0f 85 6f ff
0x00007f8d19348210:   ff ff 4d 8b 86 70 02 00 00 48 89 df 4c 89 4d 98
0x00007f8d19348220:   49 8b 40 10 4c 89 45 a0 48 89 45 b8 49 8b 40 18
0x00007f8d19348230:   48 89 45 b0 49 8b 40 20 48 89 45 a8 49 8b 40 28
0x00007f8d19348240:   48 89 45 90 e8 a7 55 fe ff 41 8d 74 24 fe 48 8d
0x00007f8d19348250:   78 01 4c 89 f2 45 31 e4 e8 f3 85 fe ff 49 83 7e 


Stack slot to memory mapping:
stack at sp + 0 slots: 0x00007f8cf891bd28 is at code_begin+6216 in an Interpreter codelet
invoke return entry points  [0x00007f8cf891a4e0, 0x00007f8cf891bfc0]  6880 bytes
stack at sp + 1 slots: 0x000000071902e300 points into unknown readable memory: 05 60 01 10 8d 7f 00 00
stack at sp + 2 slots: 0x00007f8d1a859160 is pointing into the stack for thread: 0x00007f8d10016000
stack at sp + 3 slots: 0x000000080079b0df is pointing into metadata
stack at sp + 4 slots: 0x00007f8d1a8591b8 is pointing into the stack for thread: 0x00007f8d10016000
stack at sp + 5 slots: 0x00000008001e9520 is pointing into metadata
stack at sp + 6 slots: 0x0 is NULL
stack at sp + 7 slots: 0x00000007bfe174c8 points into unknown readable memory: 01 27 5e 03 73 00 00 00


---------------  P R O C E S S  ---------------

Threads class SMR info:
_java_thread_list=0x00007f8c90000b20, length=14, elements={
0x00007f8d10016000, 0x00007f8d101ca000, 0x00007f8d101cc000, 0x00007f8d101d1800,
0x00007f8d101d3800, 0x00007f8d101d6000, 0x00007f8d101d8000, 0x00007f8d1024b000,
0x00007f8d1024f000, 0x00007f8cb4001800, 0x00007f8d10250800, 0x00007f8d10257800,
0x00007f8d104d5800, 0x00007f8d105e8800
}

Java Threads: ( => current thread )
=>0x00007f8d10016000 JavaThread "main" [_thread_in_vm, id=7563, stack(0x00007f8d1a75b000,0x00007f8d1a85c000)]
  0x00007f8d101ca000 JavaThread "Reference Handler" daemon [_thread_blocked, id=7573, stack(0x00007f8cec44f000,0x00007f8cec550000)]
  0x00007f8d101cc000 JavaThread "Finalizer" daemon [_thread_blocked, id=7574, stack(0x00007f8cec34e000,0x00007f8cec44f000)]
  0x00007f8d101d1800 JavaThread "Signal Dispatcher" daemon [_thread_blocked, id=7575, stack(0x00007f8cec24d000,0x00007f8cec34e000)]
  0x00007f8d101d3800 JavaThread "C2 CompilerThread0" daemon [_thread_blocked, id=7576, stack(0x00007f8cec14c000,0x00007f8cec24d000)]
  0x00007f8d101d6000 JavaThread "C1 CompilerThread0" daemon [_thread_blocked, id=7577, stack(0x00007f8cec04b000,0x00007f8cec14c000)]
  0x00007f8d101d8000 JavaThread "Sweeper thread" daemon [_thread_blocked, id=7578, stack(0x00007f8ce4d30000,0x00007f8ce4e31000)]
  0x00007f8d1024b000 JavaThread "JDWP Transport Listener: dt_socket" daemon [_thread_blocked, id=7581, stack(0x00007f8ce4a29000,0x00007f8ce4b2a000)]
  0x00007f8d1024f000 JavaThread "JDWP Event Helper Thread" daemon [_thread_blocked, id=7584, stack(0x00007f8ce4928000,0x00007f8ce4a29000)]
  0x00007f8cb4001800 JavaThread "JDWP Command Reader" daemon [_thread_in_native, id=7585, stack(0x00007f8ce4827000,0x00007f8ce4928000)]
  0x00007f8d10250800 JavaThread "Service Thread" daemon [_thread_blocked, id=7587, stack(0x00007f8ce4726000,0x00007f8ce4827000)]
  0x00007f8d10257800 JavaThread "Common-Cleaner" daemon [_thread_blocked, id=7589, stack(0x00007f8ce4523000,0x00007f8ce4624000)]
  0x00007f8d104d5800 JavaThread "ReaderThread" [_thread_in_native, id=7592, stack(0x00007f8ca3bfb000,0x00007f8ca3cfc000)]
  0x00007f8d105e8800 JavaThread "process reaper" daemon [_thread_blocked, id=7597, stack(0x00007f8cf8031000,0x00007f8cf8053000)]

Other Threads:
  0x00007f8d101c7000 VMThread "VM Thread" [stack: 0x00007f8cf8086000,0x00007f8cf8186000] [id=7572]
  0x00007f8d10253000 WatcherThread [stack: 0x00007f8ce4626000,0x00007f8ce4726000] [id=7588]
  0x00007f8d1002f000 GCTaskThread "GC Thread#0" [stack: 0x00007f8d1651b000,0x00007f8d1661b000] [id=7567]
  0x00007f8d1008c000 ConcurrentGCThread "G1 Main Marker" [stack: 0x00007f8d14412000,0x00007f8d14512000] [id=7568]
  0x00007f8d1008e000 ConcurrentGCThread "G1 Conc#0" [stack: 0x00007f8d14310000,0x00007f8d14410000] [id=7569]
  0x00007f8d1018a000 ConcurrentGCThread "G1 Refine#0" [stack: 0x00007f8cf830b000,0x00007f8cf840b000] [id=7570]
  0x00007f8d1018b800 ConcurrentGCThread "G1 Young RemSet Sampling" [stack: 0x00007f8cf8209000,0x00007f8cf8309000] [id=7571]

Threads with active compile tasks:

VM state:synchronizing (normal execution)

VM Mutex/Monitor currently owned by a thread:  ([mutex/lock_event])
[0x00007f8d10012160] Threads_lock - owner thread: 0x00007f8d101c7000

Heap address: 0x000000070aa00000, size: 3926 MB, Compressed Oops mode: Zero based, Oop shift amount: 3
Narrow klass base: 0x0000000800000000, Narrow klass shift: 3
Compressed class space size: 1073741824 Address: 0x0000000840000000

Heap:
 garbage-first heap   total 253952K, used 16068K [0x000000070aa00000, 0x0000000800000000)
  region size 1024K, 17 young (17408K), 0 survivors (0K)
 Metaspace       used 7292K, capacity 7889K, committed 8064K, reserved 1056768K
  class space    used 808K, capacity 895K, committed 896K, reserved 1048576K
Heap Regions: E=young(eden), S=young(survivor), O=old, HS=humongous(starts), HC=humongous(continues), CS=collection set, F=free, A=archive, TAMS=top-at-mark-start (previous, next)
|   0|0x000000070aa00000, 0x000000070aa00000, 0x000000070ab00000|  0%| F|  |TAMS 0x000000070aa00000, 0x000000070aa00000| Untracked 
|   1|0x000000070ab00000, 0x000000070ab00000, 0x000000070ac00000|  0%| F|  |TAMS 0x000000070ab00000, 0x000000070ab00000| Untracked 
|   2|0x000000070ac00000, 0x000000070ac00000, 0x000000070ad00000|  0%| F|  |TAMS 0x000000070ac00000, 0x000000070ac00000| Untracked 
|   3|0x000000070ad00000, 0x000000070ad00000, 0x000000070ae00000|  0%| F|  |TAMS 0x000000070ad00000, 0x000000070ad00000| Untracked 
|   4|0x000000070ae00000, 0x000000070ae00000, 0x000000070af00000|  0%| F|  |TAMS 0x000000070ae00000, 0x000000070ae00000| Untracked 
|   5|0x000000070af00000, 0x000000070af00000, 0x000000070b000000|  0%| F|  |TAMS 0x000000070af00000, 0x000000070af00000| Untracked 
|   6|0x000000070b000000, 0x000000070b000000, 0x000000070b100000|  0%| F|  |TAMS 0x000000070b000000, 0x000000070b000000| Untracked 
|   7|0x000000070b100000, 0x000000070b100000, 0x000000070b200000|  0%| F|  |TAMS 0x000000070b100000, 0x000000070b100000| Untracked 
|   8|0x000000070b200000, 0x000000070b200000, 0x000000070b300000|  0%| F|  |TAMS 0x000000070b200000, 0x000000070b200000| Untracked 
|   9|0x000000070b300000, 0x000000070b300000, 0x000000070b400000|  0%| F|  |TAMS 0x000000070b300000, 0x000000070b300000| Untracked 
|  10|0x000000070b400000, 0x000000070b400000, 0x000000070b500000|  0%| F|  |TAMS 0x000000070b400000, 0x000000070b400000| Untracked 
|  11|0x000000070b500000, 0x000000070b500000, 0x000000070b600000|  0%| F|  |TAMS 0x000000070b500000, 0x000000070b500000| Untracked 
|  12|0x000000070b600000, 0x000000070b600000, 0x000000070b700000|  0%| F|  |TAMS 0x000000070b600000, 0x000000070b600000| Untracked 
|  13|0x000000070b700000, 0x000000070b700000, 0x000000070b800000|  0%| F|  |TAMS 0x000000070b700000, 0x000000070b700000| Untracked 
|  14|0x000000070b800000, 0x000000070b800000, 0x000000070b900000|  0%| F|  |TAMS 0x000000070b800000, 0x000000070b800000| Untracked 
|  15|0x000000070b900000, 0x000000070b900000, 0x000000070ba00000|  0%| F|  |TAMS 0x000000070b900000, 0x000000070b900000| Untracked 
|  16|0x000000070ba00000, 0x000000070ba00000, 0x000000070bb00000|  0%| F|  |TAMS 0x000000070ba00000, 0x000000070ba00000| Untracked 
|  17|0x000000070bb00000, 0x000000070bb00000, 0x000000070bc00000|  0%| F|  |TAMS 0x000000070bb00000, 0x000000070bb00000| Untracked 
|  18|0x000000070bc00000, 0x000000070bc00000, 0x000000070bd00000|  0%| F|  |TAMS 0x000000070bc00000, 0x000000070bc00000| Untracked 
|  19|0x000000070bd00000, 0x000000070bd00000, 0x000000070be00000|  0%| F|  |TAMS 0x000000070bd00000, 0x000000070bd00000| Untracked 
|  20|0x000000070be00000, 0x000000070be00000, 0x000000070bf00000|  0%| F|  |TAMS 0x000000070be00000, 0x000000070be00000| Untracked 
|  21|0x000000070bf00000, 0x000000070bf00000, 0x000000070c000000|  0%| F|  |TAMS 0x000000070bf00000, 0x000000070bf00000| Untracked 
|  22|0x000000070c000000, 0x000000070c000000, 0x000000070c100000|  0%| F|  |TAMS 0x000000070c000000, 0x000000070c000000| Untracked 
|  23|0x000000070c100000, 0x000000070c100000, 0x000000070c200000|  0%| F|  |TAMS 0x000000070c100000, 0x000000070c100000| Untracked 
|  24|0x000000070c200000, 0x000000070c200000, 0x000000070c300000|  0%| F|  |TAMS 0x000000070c200000, 0x000000070c200000| Untracked 
|  25|0x000000070c300000, 0x000000070c300000, 0x000000070c400000|  0%| F|  |TAMS 0x000000070c300000, 0x000000070c300000| Untracked 
|  26|0x000000070c400000, 0x000000070c400000, 0x000000070c500000|  0%| F|  |TAMS 0x000000070c400000, 0x000000070c400000| Untracked 
|  27|0x000000070c500000, 0x000000070c500000, 0x000000070c600000|  0%| F|  |TAMS 0x000000070c500000, 0x000000070c500000| Untracked 
|  28|0x000000070c600000, 0x000000070c600000, 0x000000070c700000|  0%| F|  |TAMS 0x000000070c600000, 0x000000070c600000| Untracked 
|  29|0x000000070c700000, 0x000000070c700000, 0x000000070c800000|  0%| F|  |TAMS 0x000000070c700000, 0x000000070c700000| Untracked 
|  30|0x000000070c800000, 0x000000070c800000, 0x000000070c900000|  0%| F|  |TAMS 0x000000070c800000, 0x000000070c800000| Untracked 
|  31|0x000000070c900000, 0x000000070c900000, 0x000000070ca00000|  0%| F|  |TAMS 0x000000070c900000, 0x000000070c900000| Untracked 
|  32|0x000000070ca00000, 0x000000070ca00000, 0x000000070cb00000|  0%| F|  |TAMS 0x000000070ca00000, 0x000000070ca00000| Untracked 
|  33|0x000000070cb00000, 0x000000070cb00000, 0x000000070cc00000|  0%| F|  |TAMS 0x000000070cb00000, 0x000000070cb00000| Untracked 
|  34|0x000000070cc00000, 0x000000070cc00000, 0x000000070cd00000|  0%| F|  |TAMS 0x000000070cc00000, 0x000000070cc00000| Untracked 
|  35|0x000000070cd00000, 0x000000070cd00000, 0x000000070ce00000|  0%| F|  |TAMS 0x000000070cd00000, 0x000000070cd00000| Untracked 
|  36|0x000000070ce00000, 0x000000070ce00000, 0x000000070cf00000|  0%| F|  |TAMS 0x000000070ce00000, 0x000000070ce00000| Untracked 
|  37|0x000000070cf00000, 0x000000070cf00000, 0x000000070d000000|  0%| F|  |TAMS 0x000000070cf00000, 0x000000070cf00000| Untracked 
|  38|0x000000070d000000, 0x000000070d000000, 0x000000070d100000|  0%| F|  |TAMS 0x000000070d000000, 0x000000070d000000| Untracked 
|  39|0x000000070d100000, 0x000000070d100000, 0x000000070d200000|  0%| F|  |TAMS 0x000000070d100000, 0x000000070d100000| Untracked 
|  40|0x000000070d200000, 0x000000070d200000, 0x000000070d300000|  0%| F|  |TAMS 0x000000070d200000, 0x000000070d200000| Untracked 
|  41|0x000000070d300000, 0x000000070d300000, 0x000000070d400000|  0%| F|  |TAMS 0x000000070d300000, 0x000000070d300000| Untracked 
|  42|0x000000070d400000, 0x000000070d400000, 0x000000070d500000|  0%| F|  |TAMS 0x000000070d400000, 0x000000070d400000| Untracked 
|  43|0x000000070d500000, 0x000000070d500000, 0x000000070d600000|  0%| F|  |TAMS 0x000000070d500000, 0x000000070d500000| Untracked 
|  44|0x000000070d600000, 0x000000070d600000, 0x000000070d700000|  0%| F|  |TAMS 0x000000070d600000, 0x000000070d600000| Untracked 
|  45|0x000000070d700000, 0x000000070d700000, 0x000000070d800000|  0%| F|  |TAMS 0x000000070d700000, 0x000000070d700000| Untracked 
|  46|0x000000070d800000, 0x000000070d800000, 0x000000070d900000|  0%| F|  |TAMS 0x000000070d800000, 0x000000070d800000| Untracked 
|  47|0x000000070d900000, 0x000000070d900000, 0x000000070da00000|  0%| F|  |TAMS 0x000000070d900000, 0x000000070d900000| Untracked 
|  48|0x000000070da00000, 0x000000070da00000, 0x000000070db00000|  0%| F|  |TAMS 0x000000070da00000, 0x000000070da00000| Untracked 
|  49|0x000000070db00000, 0x000000070db00000, 0x000000070dc00000|  0%| F|  |TAMS 0x000000070db00000, 0x000000070db00000| Untracked 
|  50|0x000000070dc00000, 0x000000070dc00000, 0x000000070dd00000|  0%| F|  |TAMS 0x000000070dc00000, 0x000000070dc00000| Untracked 
|  51|0x000000070dd00000, 0x000000070dd00000, 0x000000070de00000|  0%| F|  |TAMS 0x000000070dd00000, 0x000000070dd00000| Untracked 
|  52|0x000000070de00000, 0x000000070de00000, 0x000000070df00000|  0%| F|  |TAMS 0x000000070de00000, 0x000000070de00000| Untracked 
|  53|0x000000070df00000, 0x000000070df00000, 0x000000070e000000|  0%| F|  |TAMS 0x000000070df00000, 0x000000070df00000| Untracked 
|  54|0x000000070e000000, 0x000000070e000000, 0x000000070e100000|  0%| F|  |TAMS 0x000000070e000000, 0x000000070e000000| Untracked 
|  55|0x000000070e100000, 0x000000070e100000, 0x000000070e200000|  0%| F|  |TAMS 0x000000070e100000, 0x000000070e100000| Untracked 
|  56|0x000000070e200000, 0x000000070e200000, 0x000000070e300000|  0%| F|  |TAMS 0x000000070e200000, 0x000000070e200000| Untracked 
|  57|0x000000070e300000, 0x000000070e300000, 0x000000070e400000|  0%| F|  |TAMS 0x000000070e300000, 0x000000070e300000| Untracked 
|  58|0x000000070e400000, 0x000000070e400000, 0x000000070e500000|  0%| F|  |TAMS 0x000000070e400000, 0x000000070e400000| Untracked 
|  59|0x000000070e500000, 0x000000070e500000, 0x000000070e600000|  0%| F|  |TAMS 0x000000070e500000, 0x000000070e500000| Untracked 
|  60|0x000000070e600000, 0x000000070e600000, 0x000000070e700000|  0%| F|  |TAMS 0x000000070e600000, 0x000000070e600000| Untracked 
|  61|0x000000070e700000, 0x000000070e700000, 0x000000070e800000|  0%| F|  |TAMS 0x000000070e700000, 0x000000070e700000| Untracked 
|  62|0x000000070e800000, 0x000000070e800000, 0x000000070e900000|  0%| F|  |TAMS 0x000000070e800000, 0x000000070e800000| Untracked 
|  63|0x000000070e900000, 0x000000070e900000, 0x000000070ea00000|  0%| F|  |TAMS 0x000000070e900000, 0x000000070e900000| Untracked 
|  64|0x000000070ea00000, 0x000000070ea00000, 0x000000070eb00000|  0%| F|  |TAMS 0x000000070ea00000, 0x000000070ea00000| Untracked 
|  65|0x000000070eb00000, 0x000000070eb00000, 0x000000070ec00000|  0%| F|  |TAMS 0x000000070eb00000, 0x000000070eb00000| Untracked 
|  66|0x000000070ec00000, 0x000000070ec00000, 0x000000070ed00000|  0%| F|  |TAMS 0x000000070ec00000, 0x000000070ec00000| Untracked 
|  67|0x000000070ed00000, 0x000000070ed00000, 0x000000070ee00000|  0%| F|  |TAMS 0x000000070ed00000, 0x000000070ed00000| Untracked 
|  68|0x000000070ee00000, 0x000000070ee00000, 0x000000070ef00000|  0%| F|  |TAMS 0x000000070ee00000, 0x000000070ee00000| Untracked 
|  69|0x000000070ef00000, 0x000000070ef00000, 0x000000070f000000|  0%| F|  |TAMS 0x000000070ef00000, 0x000000070ef00000| Untracked 
|  70|0x000000070f000000, 0x000000070f000000, 0x000000070f100000|  0%| F|  |TAMS 0x000000070f000000, 0x000000070f000000| Untracked 
|  71|0x000000070f100000, 0x000000070f100000, 0x000000070f200000|  0%| F|  |TAMS 0x000000070f100000, 0x000000070f100000| Untracked 
|  72|0x000000070f200000, 0x000000070f200000, 0x000000070f300000|  0%| F|  |TAMS 0x000000070f200000, 0x000000070f200000| Untracked 
|  73|0x000000070f300000, 0x000000070f300000, 0x000000070f400000|  0%| F|  |TAMS 0x000000070f300000, 0x000000070f300000| Untracked 
|  74|0x000000070f400000, 0x000000070f400000, 0x000000070f500000|  0%| F|  |TAMS 0x000000070f400000, 0x000000070f400000| Untracked 
|  75|0x000000070f500000, 0x000000070f500000, 0x000000070f600000|  0%| F|  |TAMS 0x000000070f500000, 0x000000070f500000| Untracked 
|  76|0x000000070f600000, 0x000000070f600000, 0x000000070f700000|  0%| F|  |TAMS 0x000000070f600000, 0x000000070f600000| Untracked 
|  77|0x000000070f700000, 0x000000070f700000, 0x000000070f800000|  0%| F|  |TAMS 0x000000070f700000, 0x000000070f700000| Untracked 
|  78|0x000000070f800000, 0x000000070f800000, 0x000000070f900000|  0%| F|  |TAMS 0x000000070f800000, 0x000000070f800000| Untracked 
|  79|0x000000070f900000, 0x000000070f900000, 0x000000070fa00000|  0%| F|  |TAMS 0x000000070f900000, 0x000000070f900000| Untracked 
|  80|0x000000070fa00000, 0x000000070fa00000, 0x000000070fb00000|  0%| F|  |TAMS 0x000000070fa00000, 0x000000070fa00000| Untracked 
|  81|0x000000070fb00000, 0x000000070fb00000, 0x000000070fc00000|  0%| F|  |TAMS 0x000000070fb00000, 0x000000070fb00000| Untracked 
|  82|0x000000070fc00000, 0x000000070fc00000, 0x000000070fd00000|  0%| F|  |TAMS 0x000000070fc00000, 0x000000070fc00000| Untracked 
|  83|0x000000070fd00000, 0x000000070fd00000, 0x000000070fe00000|  0%| F|  |TAMS 0x000000070fd00000, 0x000000070fd00000| Untracked 
|  84|0x000000070fe00000, 0x000000070fe00000, 0x000000070ff00000|  0%| F|  |TAMS 0x000000070fe00000, 0x000000070fe00000| Untracked 
|  85|0x000000070ff00000, 0x000000070ff00000, 0x0000000710000000|  0%| F|  |TAMS 0x000000070ff00000, 0x000000070ff00000| Untracked 
|  86|0x0000000710000000, 0x0000000710000000, 0x0000000710100000|  0%| F|  |TAMS 0x0000000710000000, 0x0000000710000000| Untracked 
|  87|0x0000000710100000, 0x0000000710100000, 0x0000000710200000|  0%| F|  |TAMS 0x0000000710100000, 0x0000000710100000| Untracked 
|  88|0x0000000710200000, 0x0000000710200000, 0x0000000710300000|  0%| F|  |TAMS 0x0000000710200000, 0x0000000710200000| Untracked 
|  89|0x0000000710300000, 0x0000000710300000, 0x0000000710400000|  0%| F|  |TAMS 0x0000000710300000, 0x0000000710300000| Untracked 
|  90|0x0000000710400000, 0x0000000710400000, 0x0000000710500000|  0%| F|  |TAMS 0x0000000710400000, 0x0000000710400000| Untracked 
|  91|0x0000000710500000, 0x0000000710500000, 0x0000000710600000|  0%| F|  |TAMS 0x0000000710500000, 0x0000000710500000| Untracked 
|  92|0x0000000710600000, 0x0000000710600000, 0x0000000710700000|  0%| F|  |TAMS 0x0000000710600000, 0x0000000710600000| Untracked 
|  93|0x0000000710700000, 0x0000000710700000, 0x0000000710800000|  0%| F|  |TAMS 0x0000000710700000, 0x0000000710700000| Untracked 
|  94|0x0000000710800000, 0x0000000710800000, 0x0000000710900000|  0%| F|  |TAMS 0x0000000710800000, 0x0000000710800000| Untracked 
|  95|0x0000000710900000, 0x0000000710900000, 0x0000000710a00000|  0%| F|  |TAMS 0x0000000710900000, 0x0000000710900000| Untracked 
|  96|0x0000000710a00000, 0x0000000710a00000, 0x0000000710b00000|  0%| F|  |TAMS 0x0000000710a00000, 0x0000000710a00000| Untracked 
|  97|0x0000000710b00000, 0x0000000710b00000, 0x0000000710c00000|  0%| F|  |TAMS 0x0000000710b00000, 0x0000000710b00000| Untracked 
|  98|0x0000000710c00000, 0x0000000710c00000, 0x0000000710d00000|  0%| F|  |TAMS 0x0000000710c00000, 0x0000000710c00000| Untracked 
|  99|0x0000000710d00000, 0x0000000710d00000, 0x0000000710e00000|  0%| F|  |TAMS 0x0000000710d00000, 0x0000000710d00000| Untracked 
| 100|0x0000000710e00000, 0x0000000710e00000, 0x0000000710f00000|  0%| F|  |TAMS 0x0000000710e00000, 0x0000000710e00000| Untracked 
| 101|0x0000000710f00000, 0x0000000710f00000, 0x0000000711000000|  0%| F|  |TAMS 0x0000000710f00000, 0x0000000710f00000| Untracked 
| 102|0x0000000711000000, 0x0000000711000000, 0x0000000711100000|  0%| F|  |TAMS 0x0000000711000000, 0x0000000711000000| Untracked 
| 103|0x0000000711100000, 0x0000000711100000, 0x0000000711200000|  0%| F|  |TAMS 0x0000000711100000, 0x0000000711100000| Untracked 
| 104|0x0000000711200000, 0x0000000711200000, 0x0000000711300000|  0%| F|  |TAMS 0x0000000711200000, 0x0000000711200000| Untracked 
| 105|0x0000000711300000, 0x0000000711300000, 0x0000000711400000|  0%| F|  |TAMS 0x0000000711300000, 0x0000000711300000| Untracked 
| 106|0x0000000711400000, 0x0000000711400000, 0x0000000711500000|  0%| F|  |TAMS 0x0000000711400000, 0x0000000711400000| Untracked 
| 107|0x0000000711500000, 0x0000000711500000, 0x0000000711600000|  0%| F|  |TAMS 0x0000000711500000, 0x0000000711500000| Untracked 
| 108|0x0000000711600000, 0x0000000711600000, 0x0000000711700000|  0%| F|  |TAMS 0x0000000711600000, 0x0000000711600000| Untracked 
| 109|0x0000000711700000, 0x0000000711700000, 0x0000000711800000|  0%| F|  |TAMS 0x0000000711700000, 0x0000000711700000| Untracked 
| 110|0x0000000711800000, 0x0000000711800000, 0x0000000711900000|  0%| F|  |TAMS 0x0000000711800000, 0x0000000711800000| Untracked 
| 111|0x0000000711900000, 0x0000000711900000, 0x0000000711a00000|  0%| F|  |TAMS 0x0000000711900000, 0x0000000711900000| Untracked 
| 112|0x0000000711a00000, 0x0000000711a00000, 0x0000000711b00000|  0%| F|  |TAMS 0x0000000711a00000, 0x0000000711a00000| Untracked 
| 113|0x0000000711b00000, 0x0000000711b00000, 0x0000000711c00000|  0%| F|  |TAMS 0x0000000711b00000, 0x0000000711b00000| Untracked 
| 114|0x0000000711c00000, 0x0000000711c00000, 0x0000000711d00000|  0%| F|  |TAMS 0x0000000711c00000, 0x0000000711c00000| Untracked 
| 115|0x0000000711d00000, 0x0000000711d00000, 0x0000000711e00000|  0%| F|  |TAMS 0x0000000711d00000, 0x0000000711d00000| Untracked 
| 116|0x0000000711e00000, 0x0000000711e00000, 0x0000000711f00000|  0%| F|  |TAMS 0x0000000711e00000, 0x0000000711e00000| Untracked 
| 117|0x0000000711f00000, 0x0000000711f00000, 0x0000000712000000|  0%| F|  |TAMS 0x0000000711f00000, 0x0000000711f00000| Untracked 
| 118|0x0000000712000000, 0x0000000712000000, 0x0000000712100000|  0%| F|  |TAMS 0x0000000712000000, 0x0000000712000000| Untracked 
| 119|0x0000000712100000, 0x0000000712100000, 0x0000000712200000|  0%| F|  |TAMS 0x0000000712100000, 0x0000000712100000| Untracked 
| 120|0x0000000712200000, 0x0000000712200000, 0x0000000712300000|  0%| F|  |TAMS 0x0000000712200000, 0x0000000712200000| Untracked 
| 121|0x0000000712300000, 0x0000000712300000, 0x0000000712400000|  0%| F|  |TAMS 0x0000000712300000, 0x0000000712300000| Untracked 
| 122|0x0000000712400000, 0x0000000712400000, 0x0000000712500000|  0%| F|  |TAMS 0x0000000712400000, 0x0000000712400000| Untracked 
| 123|0x0000000712500000, 0x0000000712500000, 0x0000000712600000|  0%| F|  |TAMS 0x0000000712500000, 0x0000000712500000| Untracked 
| 124|0x0000000712600000, 0x0000000712600000, 0x0000000712700000|  0%| F|  |TAMS 0x0000000712600000, 0x0000000712600000| Untracked 
| 125|0x0000000712700000, 0x0000000712700000, 0x0000000712800000|  0%| F|  |TAMS 0x0000000712700000, 0x0000000712700000| Untracked 
| 126|0x0000000712800000, 0x0000000712800000, 0x0000000712900000|  0%| F|  |TAMS 0x0000000712800000, 0x0000000712800000| Untracked 
| 127|0x0000000712900000, 0x0000000712900000, 0x0000000712a00000|  0%| F|  |TAMS 0x0000000712900000, 0x0000000712900000| Untracked 
| 128|0x0000000712a00000, 0x0000000712a00000, 0x0000000712b00000|  0%| F|  |TAMS 0x0000000712a00000, 0x0000000712a00000| Untracked 
| 129|0x0000000712b00000, 0x0000000712b00000, 0x0000000712c00000|  0%| F|  |TAMS 0x0000000712b00000, 0x0000000712b00000| Untracked 
| 130|0x0000000712c00000, 0x0000000712c00000, 0x0000000712d00000|  0%| F|  |TAMS 0x0000000712c00000, 0x0000000712c00000| Untracked 
| 131|0x0000000712d00000, 0x0000000712d00000, 0x0000000712e00000|  0%| F|  |TAMS 0x0000000712d00000, 0x0000000712d00000| Untracked 
| 132|0x0000000712e00000, 0x0000000712e00000, 0x0000000712f00000|  0%| F|  |TAMS 0x0000000712e00000, 0x0000000712e00000| Untracked 
| 133|0x0000000712f00000, 0x0000000712f00000, 0x0000000713000000|  0%| F|  |TAMS 0x0000000712f00000, 0x0000000712f00000| Untracked 
| 134|0x0000000713000000, 0x0000000713000000, 0x0000000713100000|  0%| F|  |TAMS 0x0000000713000000, 0x0000000713000000| Untracked 
| 135|0x0000000713100000, 0x0000000713100000, 0x0000000713200000|  0%| F|  |TAMS 0x0000000713100000, 0x0000000713100000| Untracked 
| 136|0x0000000713200000, 0x0000000713200000, 0x0000000713300000|  0%| F|  |TAMS 0x0000000713200000, 0x0000000713200000| Untracked 
| 137|0x0000000713300000, 0x0000000713300000, 0x0000000713400000|  0%| F|  |TAMS 0x0000000713300000, 0x0000000713300000| Untracked 
| 138|0x0000000713400000, 0x0000000713400000, 0x0000000713500000|  0%| F|  |TAMS 0x0000000713400000, 0x0000000713400000| Untracked 
| 139|0x0000000713500000, 0x0000000713500000, 0x0000000713600000|  0%| F|  |TAMS 0x0000000713500000, 0x0000000713500000| Untracked 
| 140|0x0000000713600000, 0x0000000713600000, 0x0000000713700000|  0%| F|  |TAMS 0x0000000713600000, 0x0000000713600000| Untracked 
| 141|0x0000000713700000, 0x0000000713700000, 0x0000000713800000|  0%| F|  |TAMS 0x0000000713700000, 0x0000000713700000| Untracked 
| 142|0x0000000713800000, 0x0000000713800000, 0x0000000713900000|  0%| F|  |TAMS 0x0000000713800000, 0x0000000713800000| Untracked 
| 143|0x0000000713900000, 0x0000000713900000, 0x0000000713a00000|  0%| F|  |TAMS 0x0000000713900000, 0x0000000713900000| Untracked 
| 144|0x0000000713a00000, 0x0000000713a00000, 0x0000000713b00000|  0%| F|  |TAMS 0x0000000713a00000, 0x0000000713a00000| Untracked 
| 145|0x0000000713b00000, 0x0000000713b00000, 0x0000000713c00000|  0%| F|  |TAMS 0x0000000713b00000, 0x0000000713b00000| Untracked 
| 146|0x0000000713c00000, 0x0000000713c00000, 0x0000000713d00000|  0%| F|  |TAMS 0x0000000713c00000, 0x0000000713c00000| Untracked 
| 147|0x0000000713d00000, 0x0000000713d00000, 0x0000000713e00000|  0%| F|  |TAMS 0x0000000713d00000, 0x0000000713d00000| Untracked 
| 148|0x0000000713e00000, 0x0000000713e00000, 0x0000000713f00000|  0%| F|  |TAMS 0x0000000713e00000, 0x0000000713e00000| Untracked 
| 149|0x0000000713f00000, 0x0000000713f00000, 0x0000000714000000|  0%| F|  |TAMS 0x0000000713f00000, 0x0000000713f00000| Untracked 
| 150|0x0000000714000000, 0x0000000714000000, 0x0000000714100000|  0%| F|  |TAMS 0x0000000714000000, 0x0000000714000000| Untracked 
| 151|0x0000000714100000, 0x0000000714100000, 0x0000000714200000|  0%| F|  |TAMS 0x0000000714100000, 0x0000000714100000| Untracked 
| 152|0x0000000714200000, 0x0000000714200000, 0x0000000714300000|  0%| F|  |TAMS 0x0000000714200000, 0x0000000714200000| Untracked 
| 153|0x0000000714300000, 0x0000000714300000, 0x0000000714400000|  0%| F|  |TAMS 0x0000000714300000, 0x0000000714300000| Untracked 
| 154|0x0000000714400000, 0x0000000714400000, 0x0000000714500000|  0%| F|  |TAMS 0x0000000714400000, 0x0000000714400000| Untracked 
| 155|0x0000000714500000, 0x0000000714500000, 0x0000000714600000|  0%| F|  |TAMS 0x0000000714500000, 0x0000000714500000| Untracked 
| 156|0x0000000714600000, 0x0000000714600000, 0x0000000714700000|  0%| F|  |TAMS 0x0000000714600000, 0x0000000714600000| Untracked 
| 157|0x0000000714700000, 0x0000000714700000, 0x0000000714800000|  0%| F|  |TAMS 0x0000000714700000, 0x0000000714700000| Untracked 
| 158|0x0000000714800000, 0x0000000714800000, 0x0000000714900000|  0%| F|  |TAMS 0x0000000714800000, 0x0000000714800000| Untracked 
| 159|0x0000000714900000, 0x0000000714900000, 0x0000000714a00000|  0%| F|  |TAMS 0x0000000714900000, 0x0000000714900000| Untracked 
| 160|0x0000000714a00000, 0x0000000714a00000, 0x0000000714b00000|  0%| F|  |TAMS 0x0000000714a00000, 0x0000000714a00000| Untracked 
| 161|0x0000000714b00000, 0x0000000714b00000, 0x0000000714c00000|  0%| F|  |TAMS 0x0000000714b00000, 0x0000000714b00000| Untracked 
| 162|0x0000000714c00000, 0x0000000714c00000, 0x0000000714d00000|  0%| F|  |TAMS 0x0000000714c00000, 0x0000000714c00000| Untracked 
| 163|0x0000000714d00000, 0x0000000714d00000, 0x0000000714e00000|  0%| F|  |TAMS 0x0000000714d00000, 0x0000000714d00000| Untracked 
| 164|0x0000000714e00000, 0x0000000714e00000, 0x0000000714f00000|  0%| F|  |TAMS 0x0000000714e00000, 0x0000000714e00000| Untracked 
| 165|0x0000000714f00000, 0x0000000714f00000, 0x0000000715000000|  0%| F|  |TAMS 0x0000000714f00000, 0x0000000714f00000| Untracked 
| 166|0x0000000715000000, 0x0000000715000000, 0x0000000715100000|  0%| F|  |TAMS 0x0000000715000000, 0x0000000715000000| Untracked 
| 167|0x0000000715100000, 0x0000000715100000, 0x0000000715200000|  0%| F|  |TAMS 0x0000000715100000, 0x0000000715100000| Untracked 
| 168|0x0000000715200000, 0x0000000715200000, 0x0000000715300000|  0%| F|  |TAMS 0x0000000715200000, 0x0000000715200000| Untracked 
| 169|0x0000000715300000, 0x0000000715300000, 0x0000000715400000|  0%| F|  |TAMS 0x0000000715300000, 0x0000000715300000| Untracked 
| 170|0x0000000715400000, 0x0000000715400000, 0x0000000715500000|  0%| F|  |TAMS 0x0000000715400000, 0x0000000715400000| Untracked 
| 171|0x0000000715500000, 0x0000000715500000, 0x0000000715600000|  0%| F|  |TAMS 0x0000000715500000, 0x0000000715500000| Untracked 
| 172|0x0000000715600000, 0x0000000715600000, 0x0000000715700000|  0%| F|  |TAMS 0x0000000715600000, 0x0000000715600000| Untracked 
| 173|0x0000000715700000, 0x0000000715700000, 0x0000000715800000|  0%| F|  |TAMS 0x0000000715700000, 0x0000000715700000| Untracked 
| 174|0x0000000715800000, 0x0000000715800000, 0x0000000715900000|  0%| F|  |TAMS 0x0000000715800000, 0x0000000715800000| Untracked 
| 175|0x0000000715900000, 0x0000000715900000, 0x0000000715a00000|  0%| F|  |TAMS 0x0000000715900000, 0x0000000715900000| Untracked 
| 176|0x0000000715a00000, 0x0000000715a00000, 0x0000000715b00000|  0%| F|  |TAMS 0x0000000715a00000, 0x0000000715a00000| Untracked 
| 177|0x0000000715b00000, 0x0000000715b00000, 0x0000000715c00000|  0%| F|  |TAMS 0x0000000715b00000, 0x0000000715b00000| Untracked 
| 178|0x0000000715c00000, 0x0000000715c00000, 0x0000000715d00000|  0%| F|  |TAMS 0x0000000715c00000, 0x0000000715c00000| Untracked 
| 179|0x0000000715d00000, 0x0000000715d00000, 0x0000000715e00000|  0%| F|  |TAMS 0x0000000715d00000, 0x0000000715d00000| Untracked 
| 180|0x0000000715e00000, 0x0000000715e00000, 0x0000000715f00000|  0%| F|  |TAMS 0x0000000715e00000, 0x0000000715e00000| Untracked 
| 181|0x0000000715f00000, 0x0000000715f00000, 0x0000000716000000|  0%| F|  |TAMS 0x0000000715f00000, 0x0000000715f00000| Untracked 
| 182|0x0000000716000000, 0x0000000716000000, 0x0000000716100000|  0%| F|  |TAMS 0x0000000716000000, 0x0000000716000000| Untracked 
| 183|0x0000000716100000, 0x0000000716100000, 0x0000000716200000|  0%| F|  |TAMS 0x0000000716100000, 0x0000000716100000| Untracked 
| 184|0x0000000716200000, 0x0000000716200000, 0x0000000716300000|  0%| F|  |TAMS 0x0000000716200000, 0x0000000716200000| Untracked 
| 185|0x0000000716300000, 0x0000000716300000, 0x0000000716400000|  0%| F|  |TAMS 0x0000000716300000, 0x0000000716300000| Untracked 
| 186|0x0000000716400000, 0x0000000716400000, 0x0000000716500000|  0%| F|  |TAMS 0x0000000716400000, 0x0000000716400000| Untracked 
| 187|0x0000000716500000, 0x0000000716500000, 0x0000000716600000|  0%| F|  |TAMS 0x0000000716500000, 0x0000000716500000| Untracked 
| 188|0x0000000716600000, 0x0000000716600000, 0x0000000716700000|  0%| F|  |TAMS 0x0000000716600000, 0x0000000716600000| Untracked 
| 189|0x0000000716700000, 0x0000000716700000, 0x0000000716800000|  0%| F|  |TAMS 0x0000000716700000, 0x0000000716700000| Untracked 
| 190|0x0000000716800000, 0x0000000716800000, 0x0000000716900000|  0%| F|  |TAMS 0x0000000716800000, 0x0000000716800000| Untracked 
| 191|0x0000000716900000, 0x0000000716900000, 0x0000000716a00000|  0%| F|  |TAMS 0x0000000716900000, 0x0000000716900000| Untracked 
| 192|0x0000000716a00000, 0x0000000716a00000, 0x0000000716b00000|  0%| F|  |TAMS 0x0000000716a00000, 0x0000000716a00000| Untracked 
| 193|0x0000000716b00000, 0x0000000716b00000, 0x0000000716c00000|  0%| F|  |TAMS 0x0000000716b00000, 0x0000000716b00000| Untracked 
| 194|0x0000000716c00000, 0x0000000716c00000, 0x0000000716d00000|  0%| F|  |TAMS 0x0000000716c00000, 0x0000000716c00000| Untracked 
| 195|0x0000000716d00000, 0x0000000716d00000, 0x0000000716e00000|  0%| F|  |TAMS 0x0000000716d00000, 0x0000000716d00000| Untracked 
| 196|0x0000000716e00000, 0x0000000716e00000, 0x0000000716f00000|  0%| F|  |TAMS 0x0000000716e00000, 0x0000000716e00000| Untracked 
| 197|0x0000000716f00000, 0x0000000716f00000, 0x0000000717000000|  0%| F|  |TAMS 0x0000000716f00000, 0x0000000716f00000| Untracked 
| 198|0x0000000717000000, 0x0000000717000000, 0x0000000717100000|  0%| F|  |TAMS 0x0000000717000000, 0x0000000717000000| Untracked 
| 199|0x0000000717100000, 0x0000000717100000, 0x0000000717200000|  0%| F|  |TAMS 0x0000000717100000, 0x0000000717100000| Untracked 
| 200|0x0000000717200000, 0x0000000717200000, 0x0000000717300000|  0%| F|  |TAMS 0x0000000717200000, 0x0000000717200000| Untracked 
| 201|0x0000000717300000, 0x0000000717300000, 0x0000000717400000|  0%| F|  |TAMS 0x0000000717300000, 0x0000000717300000| Untracked 
| 202|0x0000000717400000, 0x0000000717400000, 0x0000000717500000|  0%| F|  |TAMS 0x0000000717400000, 0x0000000717400000| Untracked 
| 203|0x0000000717500000, 0x0000000717500000, 0x0000000717600000|  0%| F|  |TAMS 0x0000000717500000, 0x0000000717500000| Untracked 
| 204|0x0000000717600000, 0x0000000717600000, 0x0000000717700000|  0%| F|  |TAMS 0x0000000717600000, 0x0000000717600000| Untracked 
| 205|0x0000000717700000, 0x0000000717700000, 0x0000000717800000|  0%| F|  |TAMS 0x0000000717700000, 0x0000000717700000| Untracked 
| 206|0x0000000717800000, 0x0000000717800000, 0x0000000717900000|  0%| F|  |TAMS 0x0000000717800000, 0x0000000717800000| Untracked 
| 207|0x0000000717900000, 0x0000000717900000, 0x0000000717a00000|  0%| F|  |TAMS 0x0000000717900000, 0x0000000717900000| Untracked 
| 208|0x0000000717a00000, 0x0000000717a00000, 0x0000000717b00000|  0%| F|  |TAMS 0x0000000717a00000, 0x0000000717a00000| Untracked 
| 209|0x0000000717b00000, 0x0000000717b00000, 0x0000000717c00000|  0%| F|  |TAMS 0x0000000717b00000, 0x0000000717b00000| Untracked 
| 210|0x0000000717c00000, 0x0000000717c00000, 0x0000000717d00000|  0%| F|  |TAMS 0x0000000717c00000, 0x0000000717c00000| Untracked 
| 211|0x0000000717d00000, 0x0000000717d00000, 0x0000000717e00000|  0%| F|  |TAMS 0x0000000717d00000, 0x0000000717d00000| Untracked 
| 212|0x0000000717e00000, 0x0000000717e00000, 0x0000000717f00000|  0%| F|  |TAMS 0x0000000717e00000, 0x0000000717e00000| Untracked 
| 213|0x0000000717f00000, 0x0000000717f00000, 0x0000000718000000|  0%| F|  |TAMS 0x0000000717f00000, 0x0000000717f00000| Untracked 
| 214|0x0000000718000000, 0x0000000718000000, 0x0000000718100000|  0%| F|  |TAMS 0x0000000718000000, 0x0000000718000000| Untracked 
| 215|0x0000000718100000, 0x0000000718100000, 0x0000000718200000|  0%| F|  |TAMS 0x0000000718100000, 0x0000000718100000| Untracked 
| 216|0x0000000718200000, 0x0000000718200000, 0x0000000718300000|  0%| F|  |TAMS 0x0000000718200000, 0x0000000718200000| Untracked 
| 217|0x0000000718300000, 0x0000000718300000, 0x0000000718400000|  0%| F|  |TAMS 0x0000000718300000, 0x0000000718300000| Untracked 
| 218|0x0000000718400000, 0x0000000718400000, 0x0000000718500000|  0%| F|  |TAMS 0x0000000718400000, 0x0000000718400000| Untracked 
| 219|0x0000000718500000, 0x0000000718500000, 0x0000000718600000|  0%| F|  |TAMS 0x0000000718500000, 0x0000000718500000| Untracked 
| 220|0x0000000718600000, 0x0000000718600000, 0x0000000718700000|  0%| F|  |TAMS 0x0000000718600000, 0x0000000718600000| Untracked 
| 221|0x0000000718700000, 0x0000000718700000, 0x0000000718800000|  0%| F|  |TAMS 0x0000000718700000, 0x0000000718700000| Untracked 
| 222|0x0000000718800000, 0x0000000718800000, 0x0000000718900000|  0%| F|  |TAMS 0x0000000718800000, 0x0000000718800000| Untracked 
| 223|0x0000000718900000, 0x0000000718900000, 0x0000000718a00000|  0%| F|  |TAMS 0x0000000718900000, 0x0000000718900000| Untracked 
| 224|0x0000000718a00000, 0x0000000718a00000, 0x0000000718b00000|  0%| F|  |TAMS 0x0000000718a00000, 0x0000000718a00000| Untracked 
| 225|0x0000000718b00000, 0x0000000718b00000, 0x0000000718c00000|  0%| F|  |TAMS 0x0000000718b00000, 0x0000000718b00000| Untracked 
| 226|0x0000000718c00000, 0x0000000718c00000, 0x0000000718d00000|  0%| F|  |TAMS 0x0000000718c00000, 0x0000000718c00000| Untracked 
| 227|0x0000000718d00000, 0x0000000718d00000, 0x0000000718e00000|  0%| F|  |TAMS 0x0000000718d00000, 0x0000000718d00000| Untracked 
| 228|0x0000000718e00000, 0x0000000718e00000, 0x0000000718f00000|  0%| F|  |TAMS 0x0000000718e00000, 0x0000000718e00000| Untracked 
| 229|0x0000000718f00000, 0x0000000718ff64b0, 0x0000000719000000| 96%| E|  |TAMS 0x0000000718f00000, 0x0000000718f00000| Complete 
| 230|0x0000000719000000, 0x0000000719100000, 0x0000000719100000|100%| E|CS|TAMS 0x0000000719000000, 0x0000000719000000| Complete 
| 231|0x0000000719100000, 0x0000000719200000, 0x0000000719200000|100%| E|CS|TAMS 0x0000000719100000, 0x0000000719100000| Complete 
| 232|0x0000000719200000, 0x0000000719300000, 0x0000000719300000|100%| E|CS|TAMS 0x0000000719200000, 0x0000000719200000| Complete 
| 233|0x0000000719300000, 0x0000000719400000, 0x0000000719400000|100%| E|CS|TAMS 0x0000000719300000, 0x0000000719300000| Complete 
| 234|0x0000000719400000, 0x0000000719500000, 0x0000000719500000|100%| E|  |TAMS 0x0000000719400000, 0x0000000719400000| Complete 
| 235|0x0000000719500000, 0x0000000719600000, 0x0000000719600000|100%| E|CS|TAMS 0x0000000719500000, 0x0000000719500000| Complete 
| 236|0x0000000719600000, 0x0000000719700000, 0x0000000719700000|100%| E|CS|TAMS 0x0000000719600000, 0x0000000719600000| Complete 
| 237|0x0000000719700000, 0x0000000719800000, 0x0000000719800000|100%| E|CS|TAMS 0x0000000719700000, 0x0000000719700000| Complete 
| 238|0x0000000719800000, 0x0000000719900000, 0x0000000719900000|100%| E|CS|TAMS 0x0000000719800000, 0x0000000719800000| Complete 
| 239|0x0000000719900000, 0x0000000719a00000, 0x0000000719a00000|100%| E|CS|TAMS 0x0000000719900000, 0x0000000719900000| Complete 
| 240|0x0000000719a00000, 0x0000000719b00000, 0x0000000719b00000|100%| E|CS|TAMS 0x0000000719a00000, 0x0000000719a00000| Complete 
| 241|0x0000000719b00000, 0x0000000719c00000, 0x0000000719c00000|100%| E|CS|TAMS 0x0000000719b00000, 0x0000000719b00000| Complete 
| 242|0x0000000719c00000, 0x0000000719d00000, 0x0000000719d00000|100%| E|CS|TAMS 0x0000000719c00000, 0x0000000719c00000| Complete 
| 243|0x0000000719d00000, 0x0000000719e00000, 0x0000000719e00000|100%| E|CS|TAMS 0x0000000719d00000, 0x0000000719d00000| Complete 
| 244|0x0000000719e00000, 0x0000000719f00000, 0x0000000719f00000|100%| E|CS|TAMS 0x0000000719e00000, 0x0000000719e00000| Complete 
| 245|0x0000000719f00000, 0x000000071a000000, 0x000000071a000000|100%| E|CS|TAMS 0x0000000719f00000, 0x0000000719f00000| Complete 
|2900|0x00000007bfe00000, 0x00000007bfe47000, 0x00000007bff00000| 27%|OA|  |TAMS 0x00000007bfe00000, 0x00000007bfe00000| Untracked 
|2901|0x00000007bff00000, 0x00000007bff6a000, 0x00000007c0000000| 41%|CA|  |TAMS 0x00000007bff00000, 0x00000007bff00000| Untracked 

Card table byte_map: [0x00007f8d14dbb000,0x00007f8d15566000] _byte_map_base: 0x00007f8d11566000

Marking Bits (Prev, Next): (CMBitMap*) 0x00007f8d1007bb48, (CMBitMap*) 0x00007f8d1007bb80
 Prev Bits: [0x00007f8cf02a8000, 0x00007f8cf4000000)
 Next Bits: [0x00007f8cec550000, 0x00007f8cf02a8000)

Polling page: 0x00007f8d1a888000

Metaspace:

Usage:
  Non-class:      6.83 MB capacity,     6.33 MB ( 93%) used,   491.97 KB (  7%) free+waste,    18.25 KB ( <1%) overhead. 
      Class:    895.00 KB capacity,   808.47 KB ( 90%) used,    76.53 KB (  9%) free+waste,    10.00 KB (  1%) overhead. 
       Both:      7.70 MB capacity,     7.12 MB ( 92%) used,   568.50 KB (  7%) free+waste,    28.25 KB ( <1%) overhead. 

Virtual space:
  Non-class space:        8.00 MB reserved,       7.00 MB ( 88%) committed 
      Class space:        1.00 GB reserved,     896.00 KB ( <1%) committed 
             Both:        1.01 GB reserved,       7.88 MB ( <1%) committed 

Chunk freelists:
   Non-Class:  46.00 KB
       Class:  1.00 KB
        Both:  47.00 KB

MaxMetaspaceSize: unlimited
CompressedClassSpaceSize: 1.00 GB

CodeHeap 'non-profiled nmethods': size=120032Kb used=284Kb max_used=284Kb free=119748Kb
 bounds [0x00007f8d003d8000, 0x00007f8d00648000, 0x00007f8d07910000]
CodeHeap 'profiled nmethods': size=120028Kb used=1841Kb max_used=1841Kb free=118186Kb
 bounds [0x00007f8cf8ea1000, 0x00007f8cf9111000, 0x00007f8d003d8000]
CodeHeap 'non-nmethods': size=5700Kb used=1171Kb max_used=1186Kb free=4528Kb
 bounds [0x00007f8cf8910000, 0x00007f8cf8b80000, 0x00007f8cf8ea1000]
 total_blobs=1567 nmethods=936 adapters=343
 compilation: enabled
              stopped_count=0, restarted_count=0
 full_count=0

Compilation events (20 events):
Event: 0.513 Thread 0x00007f8d101d6000 nmethod 917 0x00007f8cf9063790 code [0x00007f8cf9063940, 0x00007f8cf9063c10]
Event: 0.513 Thread 0x00007f8d101d6000  915       3       java.lang.invoke.MethodTypeForm::pack (54 bytes)
Event: 0.513 Thread 0x00007f8d101d6000 nmethod 915 0x00007f8cf9063c90 code [0x00007f8cf9063e40, 0x00007f8cf9063fb0]
Event: 0.513 Thread 0x00007f8cbc12b000 nmethod 912 0x00007f8d0041bc10 code [0x00007f8d0041bda0, 0x00007f8d0041bfd8]
Event: 0.514 Thread 0x00007f8d101d6000  922       3       java.lang.AbstractStringBuilder::append (33 bytes)
Event: 0.514 Thread 0x00007f8d101d6000 nmethod 922 0x00007f8cf9064090 code [0x00007f8cf9064260, 0x00007f8cf90644c8]
Event: 0.515 Thread 0x00007f8d101d6000  923       3       java.lang.invoke.MethodHandles$Lookup::checkSymbolicClass (24 bytes)
Event: 0.516 Thread 0x00007f8d101d6000 nmethod 923 0x00007f8cf9064610 code [0x00007f8cf9064900, 0x00007f8cf9065558]
Event: 0.516 Thread 0x00007f8d101d6000  925       3       jdk.internal.org.objectweb.asm.MethodWriter::visitInsn (114 bytes)
Event: 0.517 Thread 0x00007f8d101d6000 nmethod 925 0x00007f8cf9065a10 code [0x00007f8cf9065c00, 0x00007f8cf90660a8]
Event: 0.517 Thread 0x00007f8d101d6000  929       3       java.lang.invoke.LambdaForm::normalize (322 bytes)
Event: 0.519 Thread 0x00007f8d101d6000 nmethod 929 0x00007f8cf9066290 code [0x00007f8cf9066560, 0x00007f8cf90679f8]
Event: 0.519 Thread 0x00007f8d101d6000  931       3       java.lang.invoke.MethodHandles$Lookup::checkAccess (226 bytes)
Event: 0.521 Thread 0x00007f8d101d6000 nmethod 931 0x00007f8cf9068110 code [0x00007f8cf90684c0, 0x00007f8cf9069b38]
Event: 0.521 Thread 0x00007f8d101d6000  933       3       java.lang.invoke.InnerClassLambdaMetafactory::getOpcodeOffset (38 bytes)
Event: 0.521 Thread 0x00007f8d101d6000 nmethod 933 0x00007f8cf906a210 code [0x00007f8cf906a3e0, 0x00007f8cf906a6b0]
Event: 0.521 Thread 0x00007f8d101d6000  930       3       java.lang.invoke.InvokerBytecodeGenerator::emitReferenceCast (185 bytes)
Event: 0.522 Thread 0x00007f8d101d6000 nmethod 930 0x00007f8cf906a790 code [0x00007f8cf906aa80, 0x00007f8cf906ba88]
Event: 0.525 Thread 0x00007f8d101d3800 nmethod 897 0x00007f8d0041d110 code [0x00007f8d0041d300, 0x00007f8d0041e118]
Event: 7676.715 Thread 0x00007f8d101d6000  936       3       java.lang.invoke.MethodType::insertParameterTypes (121 bytes)

GC Heap History (0 events):
No events

Deoptimization events (20 events):
Event: 0.271 Thread 0x00007f8d10016000 Uncommon trap: trap_request=0xffffff4d fr.pc=0x00007f8d003d8584 relative=0x00000000000000e4
Event: 0.271 Thread 0x00007f8d10016000 Uncommon trap: reason=unstable_if action=reinterpret pc=0x00007f8d003d8584 method=java.lang.String.isLatin1()Z @ 10 c2
Event: 0.271 Thread 0x00007f8d10016000 DEOPT PACKING pc=0x00007f8d003d8584 sp=0x00007f8d1a859be0
Event: 0.271 Thread 0x00007f8d10016000 DEOPT UNPACKING pc=0x00007f8cf89492a5 sp=0x00007f8d1a859b50 mode 2
Event: 0.284 Thread 0x00007f8d10016000 DEOPT PACKING pc=0x00007f8cf8ec5a92 sp=0x00007f8d1a856eb0
Event: 0.284 Thread 0x00007f8d10016000 DEOPT UNPACKING pc=0x00007f8cf89490ba sp=0x00007f8d1a856330 mode 0
Event: 0.343 Thread 0x00007f8d10016000 DEOPT PACKING pc=0x00007f8cf8eefb92 sp=0x00007f8d1a859670
Event: 0.343 Thread 0x00007f8d10016000 DEOPT UNPACKING pc=0x00007f8cf89490ba sp=0x00007f8d1a858b10 mode 0
Event: 0.359 Thread 0x00007f8d10016000 Uncommon trap: trap_request=0xffffff4d fr.pc=0x00007f8d003e9444 relative=0x0000000000000204
Event: 0.359 Thread 0x00007f8d10016000 Uncommon trap: reason=unstable_if action=reinterpret pc=0x00007f8d003e9444 method=java.lang.String.startsWith(Ljava/lang/String;I)Z @ 1 c2
Event: 0.359 Thread 0x00007f8d10016000 DEOPT PACKING pc=0x00007f8d003e9444 sp=0x00007f8d1a857050
Event: 0.359 Thread 0x00007f8d10016000 DEOPT UNPACKING pc=0x00007f8cf89492a5 sp=0x00007f8d1a856ff0 mode 2
Event: 0.366 Thread 0x00007f8d10016000 DEOPT PACKING pc=0x00007f8cf8fb3f6c sp=0x00007f8d1a859e50
Event: 0.366 Thread 0x00007f8d10016000 DEOPT UNPACKING pc=0x00007f8cf89490ba sp=0x00007f8d1a859340 mode 1
Event: 0.504 Thread 0x00007f8d10016000 DEOPT PACKING pc=0x00007f8cf8f1708a sp=0x00007f8d1a857740
Event: 0.504 Thread 0x00007f8d10016000 DEOPT UNPACKING pc=0x00007f8cf89490ba sp=0x00007f8d1a856be8 mode 0
Event: 0.508 Thread 0x00007f8d10016000 DEOPT PACKING pc=0x00007f8cf8ecb56f sp=0x00007f8d1a8574a0
Event: 0.508 Thread 0x00007f8d10016000 DEOPT UNPACKING pc=0x00007f8cf89490ba sp=0x00007f8d1a856948 mode 0
Event: 0.511 Thread 0x00007f8d10016000 DEOPT PACKING pc=0x00007f8cf8ecb56f sp=0x00007f8d1a8584c0
Event: 0.511 Thread 0x00007f8d10016000 DEOPT UNPACKING pc=0x00007f8cf89490ba sp=0x00007f8d1a857980 mode 0

Classes redefined (20 events):
Event: 3671.197 Thread 0x00007f8d101c7000 redefined class name=docker.com.docker.StartLinuxDocker, count=19
Event: 3680.739 Thread 0x00007f8d101c7000 redefined class name=docker.com.docker.StartLinuxDocker, count=20
Event: 3834.451 Thread 0x00007f8d101c7000 redefined class name=docker.com.docker.StartLinuxDocker, count=21
Event: 4042.526 Thread 0x00007f8d101c7000 redefined class name=docker.com.docker.StartLinuxDocker, count=22
Event: 4067.074 Thread 0x00007f8d101c7000 redefined class name=docker.com.docker.StartLinuxDocker, count=23
Event: 4082.702 Thread 0x00007f8d101c7000 redefined class name=docker.com.docker.StartLinuxDocker, count=24
Event: 4131.720 Thread 0x00007f8d101c7000 redefined class name=docker.com.docker.StartLinuxDocker, count=25
Event: 4148.637 Thread 0x00007f8d101c7000 redefined class name=docker.com.docker.StartLinuxDocker, count=26
Event: 4152.649 Thread 0x00007f8d101c7000 redefined class name=docker.com.docker.StartLinuxDocker, count=27
Event: 4423.822 Thread 0x00007f8d101c7000 redefined class name=docker.com.docker.StartLinuxDocker, count=28
Event: 6616.155 Thread 0x00007f8d101c7000 redefined class name=docker.com.docker.StartLinuxDocker, count=29
Event: 6622.142 Thread 0x00007f8d101c7000 redefined class name=docker.com.docker.StartLinuxDocker, count=30
Event: 6786.296 Thread 0x00007f8d101c7000 redefined class name=docker.com.docker.StartLinuxDocker, count=31
Event: 6814.737 Thread 0x00007f8d101c7000 redefined class name=docker.com.docker.StartLinuxDocker, count=32
Event: 6823.125 Thread 0x00007f8d101c7000 redefined class name=docker.com.docker.StartLinuxDocker, count=33
Event: 7239.337 Thread 0x00007f8d101c7000 redefined class name=docker.com.docker.StartLinuxDocker, count=34
Event: 7301.449 Thread 0x00007f8d101c7000 redefined class name=docker.com.docker.StartLinuxDocker, count=35
Event: 7422.496 Thread 0x00007f8d101c7000 redefined class name=docker.com.docker.StartLinuxDocker, count=36
Event: 7424.587 Thread 0x00007f8d101c7000 redefined class name=docker.com.docker.StartLinuxDocker, count=37
Event: 7556.023 Thread 0x00007f8d101c7000 redefined class name=docker.com.docker.StartLinuxDocker, count=38

Internal exceptions (15 events):
Event: 0.252 Thread 0x00007f8d10016000 Exception <a 'java/lang/NoSuchMethodError'{0x0000000719b52af0}: 'int java.lang.invoke.DirectMethodHandle$Holder.invokeStaticInit(java.lang.Object, java.lang.Object)'> (0x0000000719b52af0) thrown at [/build/openjdk-lts-iuKaMP/openjdk-lts-11.0.6+10/src/hots
Event: 0.316 Thread 0x00007f8d10016000 Exception <a 'java/lang/NoSuchMethodError'{0x0000000719954088}: 'java.lang.Object java.lang.invoke.DirectMethodHandle$Holder.invokeStatic(java.lang.Object, java.lang.Object, java.lang.Object, java.lang.Object, java.lang.Object, java.lang.Object, java.lang
Event: 0.318 Thread 0x00007f8d10016000 Exception <a 'java/lang/NoSuchMethodError'{0x0000000719961de8}: 'java.lang.Object java.lang.invoke.DirectMethodHandle$Holder.invokeStatic(java.lang.Object, java.lang.Object, java.lang.Object, java.lang.Object, java.lang.Object, java.lang.Object, java.lang
Event: 0.320 Thread 0x00007f8d10016000 Exception <a 'java/lang/NoSuchMethodError'{0x0000000719970ee8}: 'java.lang.Object java.lang.invoke.DirectMethodHandle$Holder.invokeSpecial(java.lang.Object, java.lang.Object, int, int, java.lang.Object, java.lang.Object, java.lang.Object)'> (0x00000007199
Event: 0.320 Thread 0x00007f8d10016000 Exception <a 'java/lang/NoSuchMethodError'{0x0000000719974478}: 'java.lang.Object java.lang.invoke.DelegatingMethodHandle$Holder.reinvoke_L(java.lang.Object, int, int, java.lang.Object, java.lang.Object, java.lang.Object)'> (0x0000000719974478) thrown at 
Event: 0.320 Thread 0x00007f8d10016000 Exception <a 'java/lang/NoSuchMethodError'{0x0000000719978880}: 'java.lang.Object java.lang.invoke.DirectMethodHandle$Holder.invokeStatic(java.lang.Object, java.lang.Object, java.lang.Object, java.lang.Object, int)'> (0x0000000719978880) thrown at [/build
Event: 0.410 Thread 0x00007f8d10016000 Exception <a 'java/lang/NoSuchMethodError'{0x0000000719529270}: 'int java.lang.invoke.DirectMethodHandle$Holder.invokeVirtual(java.lang.Object, java.lang.Object)'> (0x0000000719529270) thrown at [/build/openjdk-lts-iuKaMP/openjdk-lts-11.0.6+10/src/hotspot
Event: 0.418 Thread 0x00007f8d10016000 Exception <a 'java/lang/NoSuchMethodError'{0x00000007195a0b40}: 'int java.lang.invoke.DirectMethodHandle$Holder.invokeStaticInit(java.lang.Object, java.lang.Object, java.lang.Object)'> (0x00000007195a0b40) thrown at [/build/openjdk-lts-iuKaMP/openjdk-lts-
Event: 0.441 Thread 0x00007f8d10016000 Exception <a 'java/lang/NoSuchMethodError'{0x00000007194a74c0}: 'java.lang.Object java.lang.invoke.Invokers$Holder.linkToTargetMethod(java.lang.Object, java.lang.Object, java.lang.Object, java.lang.Object, java.lang.Object, java.lang.Object, java.lang.Obj
Event: 0.483 Thread 0x00007f8d10016000 Exception <a 'java/lang/NoSuchMethodError'{0x0000000719273038}: 'void java.lang.invoke.DirectMethodHandle$Holder.invokeInterface(java.lang.Object, java.lang.Object)'> (0x0000000719273038) thrown at [/build/openjdk-lts-iuKaMP/openjdk-lts-11.0.6+10/src/hots
Event: 0.513 Thread 0x00007f8d10016000 Exception <a 'java/lang/NoSuchMethodError'{0x00000007191fdd88}: 'java.lang.Object java.lang.invoke.DirectMethodHandle$Holder.invokeStaticInit(java.lang.Object, java.lang.Object, long, java.lang.Object)'> (0x00000007191fdd88) thrown at [/build/openjdk-lts-
Event: 0.514 Thread 0x00007f8d10016000 Exception <a 'java/lang/NoSuchMethodError'{0x000000071900a560}: 'java.lang.Object java.lang.invoke.Invokers$Holder.linkToTargetMethod(java.lang.Object, long, java.lang.Object)'> (0x000000071900a560) thrown at [/build/openjdk-lts-iuKaMP/openjdk-lts-11.0.6+
Event: 0.516 Thread 0x00007f8d10016000 Exception <a 'java/lang/NoSuchMethodError'{0x0000000719011a78}: 'java.lang.Object java.lang.invoke.DirectMethodHandle$Holder.invokeStatic(java.lang.Object, java.lang.Object, java.lang.Object, int)'> (0x0000000719011a78) thrown at [/build/openjdk-lts-iuKaM
Event: 0.516 Thread 0x00007f8d10016000 Exception <a 'java/lang/NoSuchMethodError'{0x0000000719015390}: 'java.lang.Object java.lang.invoke.DirectMethodHandle$Holder.invokeSpecial(java.lang.Object, java.lang.Object, java.lang.Object, java.lang.Object, int)'> (0x0000000719015390) thrown at [/buil
Event: 0.517 Thread 0x00007f8d10016000 Exception <a 'java/lang/NoSuchMethodError'{0x00000007190183f8}: 'java.lang.Object java.lang.invoke.Invokers$Holder.linkToTargetMethod(java.lang.Object, java.lang.Object, int, java.lang.Object)'> (0x00000007190183f8) thrown at [/build/openjdk-lts-iuKaMP/op

Events (20 events):
Event: 7301.455 Executing VM operation: ChangeBreakpoints
Event: 7301.455 Executing VM operation: ChangeBreakpoints done
Event: 7422.492 Executing VM operation: RedefineClasses
Event: 7422.497 Executing VM operation: RedefineClasses done
Event: 7424.582 Executing VM operation: RedefineClasses
Event: 7424.588 Executing VM operation: RedefineClasses done
Event: 7424.592 Executing VM operation: ChangeBreakpoints
Event: 7424.592 Executing VM operation: ChangeBreakpoints done
Event: 7556.018 Executing VM operation: RedefineClasses
Event: 7556.024 Executing VM operation: RedefineClasses done
Event: 7556.028 Executing VM operation: ChangeBreakpoints
Event: 7556.029 Executing VM operation: ChangeBreakpoints done
Event: 7676.709 Executing VM operation: RevokeBias
Event: 7676.709 Executing VM operation: RevokeBias done
Event: 7676.710 Executing VM operation: RevokeBias
Event: 7676.710 Executing VM operation: RevokeBias done
Event: 7676.714 Thread 0x00007f8d105eb800 Thread exited: 0x00007f8d105eb800
Event: 7676.714 Thread 0x00007f8d105ec800 Thread exited: 0x00007f8d105ec800
Event: 7676.715 Executing VM operation: RevokeBias
Event: 7676.715 Executing VM operation: RevokeBias done


Dynamic libraries:
70aa00000-71a000000 rw-p 00000000 00:00 0 
71a000000-7bfe00000 ---p 00000000 00:00 0 
7bfe00000-7bfe47000 rw-p 01105000 fd:01 12059979                         /usr/lib/jvm/java-11-openjdk-amd64/lib/server/classes.jsa
7bfe47000-7bff00000 rw-p 00000000 00:00 0 
7bff00000-7bff6a000 rw-p 0109b000 fd:01 12059979                         /usr/lib/jvm/java-11-openjdk-amd64/lib/server/classes.jsa
7bff6a000-7c0000000 rw-p 00000000 00:00 0 
7c0000000-800000000 ---p 00000000 00:00 0 
800000000-800002000 rwxp 00001000 fd:01 12059979                         /usr/lib/jvm/java-11-openjdk-amd64/lib/server/classes.jsa
800002000-80109a000 rw-p 00003000 fd:01 12059979                         /usr/lib/jvm/java-11-openjdk-amd64/lib/server/classes.jsa
840000000-8400e0000 rw-p 00000000 00:00 0 
8400e0000-880000000 ---p 00000000 00:00 0 
560542d0f000-560542d10000 r-xp 00000000 fd:01 11141522                   /usr/lib/jvm/java-11-openjdk-amd64/bin/java
560542f10000-560542f11000 r--p 00001000 fd:01 11141522                   /usr/lib/jvm/java-11-openjdk-amd64/bin/java
560542f11000-560542f12000 rw-p 00002000 fd:01 11141522                   /usr/lib/jvm/java-11-openjdk-amd64/bin/java
560544ea5000-560544ec6000 rw-p 00000000 00:00 0                          [heap]
7f8c8c000000-7f8c8c021000 rw-p 00000000 00:00 0 
7f8c8c021000-7f8c90000000 ---p 00000000 00:00 0 
7f8c90000000-7f8c90021000 rw-p 00000000 00:00 0 
7f8c90021000-7f8c94000000 ---p 00000000 00:00 0 
7f8c94000000-7f8c94021000 rw-p 00000000 00:00 0 
7f8c94021000-7f8c98000000 ---p 00000000 00:00 0 
7f8c98000000-7f8c98021000 rw-p 00000000 00:00 0 
7f8c98021000-7f8c9c000000 ---p 00000000 00:00 0 
7f8c9c000000-7f8c9c2e1000 rw-p 00000000 00:00 0 
7f8c9c2e1000-7f8ca0000000 ---p 00000000 00:00 0 
7f8ca39f9000-7f8ca39fd000 ---p 00000000 00:00 0 
7f8ca39fd000-7f8ca3afa000 rw-p 00000000 00:00 0 
7f8ca3afa000-7f8ca3afe000 ---p 00000000 00:00 0 
7f8ca3afe000-7f8ca3bfb000 rw-p 00000000 00:00 0 
7f8ca3bfb000-7f8ca3bff000 ---p 00000000 00:00 0 
7f8ca3bff000-7f8ca3cfc000 rw-p 00000000 00:00 0 
7f8ca3cfc000-7f8ca3cfe000 r-xp 00000000 fd:01 12067828                   /usr/lib/jvm/java-11-openjdk-amd64/lib/libextnet.so
7f8ca3cfe000-7f8ca3efd000 ---p 00002000 fd:01 12067828                   /usr/lib/jvm/java-11-openjdk-amd64/lib/libextnet.so
7f8ca3efd000-7f8ca3efe000 r--p 00001000 fd:01 12067828                   /usr/lib/jvm/java-11-openjdk-amd64/lib/libextnet.so
7f8ca3efe000-7f8ca3eff000 rw-p 00002000 fd:01 12067828                   /usr/lib/jvm/java-11-openjdk-amd64/lib/libextnet.so
7f8ca3eff000-7f8ca3f03000 ---p 00000000 00:00 0 
7f8ca3f03000-7f8ca4000000 rw-p 00000000 00:00 0 
7f8ca4000000-7f8ca4021000 rw-p 00000000 00:00 0 
7f8ca4021000-7f8ca8000000 ---p 00000000 00:00 0 
7f8ca8000000-7f8ca8021000 rw-p 00000000 00:00 0 
7f8ca8021000-7f8cac000000 ---p 00000000 00:00 0 
7f8cac000000-7f8cac021000 rw-p 00000000 00:00 0 
7f8cac021000-7f8cb0000000 ---p 00000000 00:00 0 
7f8cb0000000-7f8cb0021000 rw-p 00000000 00:00 0 
7f8cb0021000-7f8cb4000000 ---p 00000000 00:00 0 
7f8cb4000000-7f8cb40a2000 rw-p 00000000 00:00 0 
7f8cb40a2000-7f8cb8000000 ---p 00000000 00:00 0 
7f8cb8000000-7f8cb8021000 rw-p 00000000 00:00 0 
7f8cb8021000-7f8cbc000000 ---p 00000000 00:00 0 
7f8cbc000000-7f8cbc2f8000 rw-p 00000000 00:00 0 
7f8cbc2f8000-7f8cc0000000 ---p 00000000 00:00 0 
7f8cc0000000-7f8cc0021000 rw-p 00000000 00:00 0 
7f8cc0021000-7f8cc4000000 ---p 00000000 00:00 0 
7f8cc4000000-7f8cc4021000 rw-p 00000000 00:00 0 
7f8cc4021000-7f8cc8000000 ---p 00000000 00:00 0 
7f8cc8000000-7f8cc829d000 rw-p 00000000 00:00 0 
7f8cc829d000-7f8ccc000000 ---p 00000000 00:00 0 
7f8ccc000000-7f8ccc021000 rw-p 00000000 00:00 0 
7f8ccc021000-7f8cd0000000 ---p 00000000 00:00 0 
7f8cd0000000-7f8cd0021000 rw-p 00000000 00:00 0 
7f8cd0021000-7f8cd4000000 ---p 00000000 00:00 0 
7f8cd4000000-7f8cd4021000 rw-p 00000000 00:00 0 
7f8cd4021000-7f8cd8000000 ---p 00000000 00:00 0 
7f8cd8000000-7f8cd8021000 rw-p 00000000 00:00 0 
7f8cd8021000-7f8cdc000000 ---p 00000000 00:00 0 
7f8cdc000000-7f8cdc021000 rw-p 00000000 00:00 0 
7f8cdc021000-7f8ce0000000 ---p 00000000 00:00 0 
7f8ce0000000-7f8ce0021000 rw-p 00000000 00:00 0 
7f8ce0021000-7f8ce4000000 ---p 00000000 00:00 0 
7f8ce40fb000-7f8ce4111000 r-xp 00000000 fd:01 12067847                   /usr/lib/jvm/java-11-openjdk-amd64/lib/libnet.so
7f8ce4111000-7f8ce4310000 ---p 00016000 fd:01 12067847                   /usr/lib/jvm/java-11-openjdk-amd64/lib/libnet.so
7f8ce4310000-7f8ce4311000 r--p 00015000 fd:01 12067847                   /usr/lib/jvm/java-11-openjdk-amd64/lib/libnet.so
7f8ce4311000-7f8ce4312000 rw-p 00016000 fd:01 12067847                   /usr/lib/jvm/java-11-openjdk-amd64/lib/libnet.so
7f8ce4312000-7f8ce4322000 r-xp 00000000 fd:01 12067848                   /usr/lib/jvm/java-11-openjdk-amd64/lib/libnio.so
7f8ce4322000-7f8ce4521000 ---p 00010000 fd:01 12067848                   /usr/lib/jvm/java-11-openjdk-amd64/lib/libnio.so
7f8ce4521000-7f8ce4522000 r--p 0000f000 fd:01 12067848                   /usr/lib/jvm/java-11-openjdk-amd64/lib/libnio.so
7f8ce4522000-7f8ce4523000 rw-p 00010000 fd:01 12067848                   /usr/lib/jvm/java-11-openjdk-amd64/lib/libnio.so
7f8ce4523000-7f8ce4527000 ---p 00000000 00:00 0 
7f8ce4527000-7f8ce4624000 rw-p 00000000 00:00 0 
7f8ce4624000-7f8ce4625000 ---p 00000000 00:00 0 
7f8ce4625000-7f8ce4726000 rw-p 00000000 00:00 0 
7f8ce4726000-7f8ce472a000 ---p 00000000 00:00 0 
7f8ce472a000-7f8ce4827000 rw-p 00000000 00:00 0 
7f8ce4827000-7f8ce482b000 ---p 00000000 00:00 0 
7f8ce482b000-7f8ce4928000 rw-p 00000000 00:00 0 
7f8ce4928000-7f8ce492c000 ---p 00000000 00:00 0 
7f8ce492c000-7f8ce4a29000 rw-p 00000000 00:00 0 
7f8ce4a29000-7f8ce4a2d000 ---p 00000000 00:00 0 
7f8ce4a2d000-7f8ce4b2a000 rw-p 00000000 00:00 0 
7f8ce4b2a000-7f8ce4b2e000 r-xp 00000000 fd:01 12067827                   /usr/lib/jvm/java-11-openjdk-amd64/lib/libdt_socket.so
7f8ce4b2e000-7f8ce4d2e000 ---p 00004000 fd:01 12067827                   /usr/lib/jvm/java-11-openjdk-amd64/lib/libdt_socket.so
7f8ce4d2e000-7f8ce4d2f000 r--p 00004000 fd:01 12067827                   /usr/lib/jvm/java-11-openjdk-amd64/lib/libdt_socket.so
7f8ce4d2f000-7f8ce4d30000 rw-p 00005000 fd:01 12067827                   /usr/lib/jvm/java-11-openjdk-amd64/lib/libdt_socket.so
7f8ce4d30000-7f8ce4d34000 ---p 00000000 00:00 0 
7f8ce4d34000-7f8ce4e31000 rw-p 00000000 00:00 0 
7f8ce4e31000-7f8ce5800000 r--p 00000000 fd:01 11016805                   /usr/lib/locale/locale-archive
7f8ce5800000-7f8ce5f00000 rw-p 00000000 00:00 0 
7f8ce5f00000-7f8ce6000000 ---p 00000000 00:00 0 
7f8ce6000000-7f8ce8000000 rw-p 00000000 00:00 0 
7f8ce8000000-7f8ce8021000 rw-p 00000000 00:00 0 
7f8ce8021000-7f8cec000000 ---p 00000000 00:00 0 
7f8cec04b000-7f8cec04f000 ---p 00000000 00:00 0 
7f8cec04f000-7f8cec14c000 rw-p 00000000 00:00 0 
7f8cec14c000-7f8cec150000 ---p 00000000 00:00 0 
7f8cec150000-7f8cec24d000 rw-p 00000000 00:00 0 
7f8cec24d000-7f8cec251000 ---p 00000000 00:00 0 
7f8cec251000-7f8cec34e000 rw-p 00000000 00:00 0 
7f8cec34e000-7f8cec352000 ---p 00000000 00:00 0 
7f8cec352000-7f8cec44f000 rw-p 00000000 00:00 0 
7f8cec44f000-7f8cec453000 ---p 00000000 00:00 0 
7f8cec453000-7f8cec928000 rw-p 00000000 00:00 0 
7f8cec928000-7f8cef2a0000 ---p 00000000 00:00 0 
7f8cef2a0000-7f8cef2a8000 rw-p 00000000 00:00 0 
7f8cef2a8000-7f8cf02a8000 ---p 00000000 00:00 0 
7f8cf02a8000-7f8cf0680000 rw-p 00000000 00:00 0 
7f8cf0680000-7f8cf2ff8000 ---p 00000000 00:00 0 
7f8cf2ff8000-7f8cf3000000 rw-p 00000000 00:00 0 
7f8cf3000000-7f8cf4000000 ---p 00000000 00:00 0 
7f8cf4000000-7f8cf4021000 rw-p 00000000 00:00 0 
7f8cf4021000-7f8cf8000000 ---p 00000000 00:00 0 
7f8cf8031000-7f8cf8035000 ---p 00000000 00:00 0 
7f8cf8035000-7f8cf8084000 rw-p 00000000 00:00 0 
7f8cf8084000-7f8cf8085000 ---p 00000000 00:00 0 
7f8cf8085000-7f8cf8207000 rw-p 00000000 00:00 0 
7f8cf8207000-7f8cf8208000 ---p 00000000 00:00 0 
7f8cf8208000-7f8cf8309000 rw-p 00000000 00:00 0 
7f8cf8309000-7f8cf830a000 ---p 00000000 00:00 0 
7f8cf830a000-7f8cf8910000 rw-p 00000000 00:00 0 
7f8cf8910000-7f8cf8b80000 rwxp 00000000 00:00 0 
7f8cf8b80000-7f8cf8ea1000 ---p 00000000 00:00 0 
7f8cf8ea1000-7f8cf9111000 rwxp 00000000 00:00 0 
7f8cf9111000-7f8d003d8000 ---p 00000000 00:00 0 
7f8d003d8000-7f8d00648000 rwxp 00000000 00:00 0 
7f8d00648000-7f8d07910000 ---p 00000000 00:00 0 
7f8d07910000-7f8d10000000 r--s 00000000 fd:01 12067857                   /usr/lib/jvm/java-11-openjdk-amd64/lib/modules
7f8d10000000-7f8d105f9000 rw-p 00000000 00:00 0 
7f8d105f9000-7f8d14000000 ---p 00000000 00:00 0 
7f8d1400b000-7f8d1430e000 rw-p 00000000 00:00 0 
7f8d1430e000-7f8d1430f000 ---p 00000000 00:00 0 
7f8d1430f000-7f8d14410000 rw-p 00000000 00:00 0 
7f8d14410000-7f8d14411000 ---p 00000000 00:00 0 
7f8d14411000-7f8d1468b000 rw-p 00000000 00:00 0 
7f8d1468b000-7f8d14bba000 ---p 00000000 00:00 0 
7f8d14bba000-7f8d14bbb000 rw-p 00000000 00:00 0 
7f8d14bbb000-7f8d14dbb000 ---p 00000000 00:00 0 
7f8d14dbb000-7f8d14e36000 rw-p 00000000 00:00 0 
7f8d14e36000-7f8d15365000 ---p 00000000 00:00 0 
7f8d15365000-7f8d15366000 rw-p 00000000 00:00 0 
7f8d15366000-7f8d15566000 ---p 00000000 00:00 0 
7f8d15566000-7f8d155e1000 rw-p 00000000 00:00 0 
7f8d155e1000-7f8d15b10000 ---p 00000000 00:00 0 
7f8d15b10000-7f8d15b11000 rw-p 00000000 00:00 0 
7f8d15b11000-7f8d15d11000 ---p 00000000 00:00 0 
7f8d15d11000-7f8d16519000 rw-p 00000000 00:00 0 
7f8d16519000-7f8d1651a000 ---p 00000000 00:00 0 
7f8d1651a000-7f8d16620000 rw-p 00000000 00:00 0 
7f8d16620000-7f8d16706000 ---p 00000000 00:00 0 
7f8d16706000-7f8d1670b000 rw-p 00000000 00:00 0 
7f8d1670b000-7f8d167f1000 ---p 00000000 00:00 0 
7f8d167f1000-7f8d167f6000 r-xp 00000000 fd:01 12067839                   /usr/lib/jvm/java-11-openjdk-amd64/lib/libjimage.so
7f8d167f6000-7f8d169f5000 ---p 00005000 fd:01 12067839                   /usr/lib/jvm/java-11-openjdk-amd64/lib/libjimage.so
7f8d169f5000-7f8d169f6000 r--p 00004000 fd:01 12067839                   /usr/lib/jvm/java-11-openjdk-amd64/lib/libjimage.so
7f8d169f6000-7f8d169f7000 rw-p 00005000 fd:01 12067839                   /usr/lib/jvm/java-11-openjdk-amd64/lib/libjimage.so
7f8d169f7000-7f8d169fe000 r-xp 00000000 fd:01 12067856                   /usr/lib/jvm/java-11-openjdk-amd64/lib/libzip.so
7f8d169fe000-7f8d16bfd000 ---p 00007000 fd:01 12067856                   /usr/lib/jvm/java-11-openjdk-amd64/lib/libzip.so
7f8d16bfd000-7f8d16bfe000 r--p 00006000 fd:01 12067856                   /usr/lib/jvm/java-11-openjdk-amd64/lib/libzip.so
7f8d16bfe000-7f8d16bff000 rw-p 00007000 fd:01 12067856                   /usr/lib/jvm/java-11-openjdk-amd64/lib/libzip.so
7f8d16bff000-7f8d16c0a000 r-xp 00000000 fd:01 6427711                    /lib/x86_64-linux-gnu/libnss_files-2.27.so
7f8d16c0a000-7f8d16e09000 ---p 0000b000 fd:01 6427711                    /lib/x86_64-linux-gnu/libnss_files-2.27.so
7f8d16e09000-7f8d16e0a000 r--p 0000a000 fd:01 6427711                    /lib/x86_64-linux-gnu/libnss_files-2.27.so
7f8d16e0a000-7f8d16e0b000 rw-p 0000b000 fd:01 6427711                    /lib/x86_64-linux-gnu/libnss_files-2.27.so
7f8d16e0b000-7f8d16e11000 rw-p 00000000 00:00 0 
7f8d16e11000-7f8d16e28000 r-xp 00000000 fd:01 6427705                    /lib/x86_64-linux-gnu/libnsl-2.27.so
7f8d16e28000-7f8d17027000 ---p 00017000 fd:01 6427705                    /lib/x86_64-linux-gnu/libnsl-2.27.so
7f8d17027000-7f8d17028000 r--p 00016000 fd:01 6427705                    /lib/x86_64-linux-gnu/libnsl-2.27.so
7f8d17028000-7f8d17029000 rw-p 00017000 fd:01 6427705                    /lib/x86_64-linux-gnu/libnsl-2.27.so
7f8d17029000-7f8d1702b000 rw-p 00000000 00:00 0 
7f8d1702b000-7f8d17036000 r-xp 00000000 fd:01 6427722                    /lib/x86_64-linux-gnu/libnss_nis-2.27.so
7f8d17036000-7f8d17235000 ---p 0000b000 fd:01 6427722                    /lib/x86_64-linux-gnu/libnss_nis-2.27.so
7f8d17235000-7f8d17236000 r--p 0000a000 fd:01 6427722                    /lib/x86_64-linux-gnu/libnss_nis-2.27.so
7f8d17236000-7f8d17237000 rw-p 0000b000 fd:01 6427722                    /lib/x86_64-linux-gnu/libnss_nis-2.27.so
7f8d17237000-7f8d1723f000 r-xp 00000000 fd:01 6427707                    /lib/x86_64-linux-gnu/libnss_compat-2.27.so
7f8d1723f000-7f8d1743f000 ---p 00008000 fd:01 6427707                    /lib/x86_64-linux-gnu/libnss_compat-2.27.so
7f8d1743f000-7f8d17440000 r--p 00008000 fd:01 6427707                    /lib/x86_64-linux-gnu/libnss_compat-2.27.so
7f8d17440000-7f8d17441000 rw-p 00009000 fd:01 6427707                    /lib/x86_64-linux-gnu/libnss_compat-2.27.so
7f8d17441000-7f8d1747c000 r-xp 00000000 fd:01 12067838                   /usr/lib/jvm/java-11-openjdk-amd64/lib/libjdwp.so
7f8d1747c000-7f8d1767b000 ---p 0003b000 fd:01 12067838                   /usr/lib/jvm/java-11-openjdk-amd64/lib/libjdwp.so
7f8d1767b000-7f8d1767c000 r--p 0003a000 fd:01 12067838                   /usr/lib/jvm/java-11-openjdk-amd64/lib/libjdwp.so
7f8d1767c000-7f8d1767d000 rw-p 0003b000 fd:01 12067838                   /usr/lib/jvm/java-11-openjdk-amd64/lib/libjdwp.so
7f8d1767d000-7f8d176a6000 r-xp 00000000 fd:01 12067835                   /usr/lib/jvm/java-11-openjdk-amd64/lib/libjava.so
7f8d176a6000-7f8d178a5000 ---p 00029000 fd:01 12067835                   /usr/lib/jvm/java-11-openjdk-amd64/lib/libjava.so
7f8d178a5000-7f8d178a6000 r--p 00028000 fd:01 12067835                   /usr/lib/jvm/java-11-openjdk-amd64/lib/libjava.so
7f8d178a6000-7f8d178a8000 rw-p 00029000 fd:01 12067835                   /usr/lib/jvm/java-11-openjdk-amd64/lib/libjava.so
7f8d178a8000-7f8d178b5000 r-xp 00000000 fd:01 12067855                   /usr/lib/jvm/java-11-openjdk-amd64/lib/libverify.so
7f8d178b5000-7f8d17ab4000 ---p 0000d000 fd:01 12067855                   /usr/lib/jvm/java-11-openjdk-amd64/lib/libverify.so
7f8d17ab4000-7f8d17ab6000 r--p 0000c000 fd:01 12067855                   /usr/lib/jvm/java-11-openjdk-amd64/lib/libverify.so
7f8d17ab6000-7f8d17ab7000 rw-p 0000e000 fd:01 12067855                   /usr/lib/jvm/java-11-openjdk-amd64/lib/libverify.so
7f8d17ab7000-7f8d17abe000 r-xp 00000000 fd:01 6427762                    /lib/x86_64-linux-gnu/librt-2.27.so
7f8d17abe000-7f8d17cbd000 ---p 00007000 fd:01 6427762                    /lib/x86_64-linux-gnu/librt-2.27.so
7f8d17cbd000-7f8d17cbe000 r--p 00006000 fd:01 6427762                    /lib/x86_64-linux-gnu/librt-2.27.so
7f8d17cbe000-7f8d17cbf000 rw-p 00007000 fd:01 6427762                    /lib/x86_64-linux-gnu/librt-2.27.so
7f8d17cbf000-7f8d17cd6000 r-xp 00000000 fd:01 6427658                    /lib/x86_64-linux-gnu/libgcc_s.so.1
7f8d17cd6000-7f8d17ed5000 ---p 00017000 fd:01 6427658                    /lib/x86_64-linux-gnu/libgcc_s.so.1
7f8d17ed5000-7f8d17ed6000 r--p 00016000 fd:01 6427658                    /lib/x86_64-linux-gnu/libgcc_s.so.1
7f8d17ed6000-7f8d17ed7000 rw-p 00017000 fd:01 6427658                    /lib/x86_64-linux-gnu/libgcc_s.so.1
7f8d17ed7000-7f8d18074000 r-xp 00000000 fd:01 6427684                    /lib/x86_64-linux-gnu/libm-2.27.so
7f8d18074000-7f8d18273000 ---p 0019d000 fd:01 6427684                    /lib/x86_64-linux-gnu/libm-2.27.so
7f8d18273000-7f8d18274000 r--p 0019c000 fd:01 6427684                    /lib/x86_64-linux-gnu/libm-2.27.so
7f8d18274000-7f8d18275000 rw-p 0019d000 fd:01 6427684                    /lib/x86_64-linux-gnu/libm-2.27.so
7f8d18275000-7f8d183ee000 r-xp 00000000 fd:01 11018864                   /usr/lib/x86_64-linux-gnu/libstdc++.so.6.0.25
7f8d183ee000-7f8d185ee000 ---p 00179000 fd:01 11018864                   /usr/lib/x86_64-linux-gnu/libstdc++.so.6.0.25
7f8d185ee000-7f8d185f8000 r--p 00179000 fd:01 11018864                   /usr/lib/x86_64-linux-gnu/libstdc++.so.6.0.25
7f8d185f8000-7f8d185fa000 rw-p 00183000 fd:01 11018864                   /usr/lib/x86_64-linux-gnu/libstdc++.so.6.0.25
7f8d185fa000-7f8d185fe000 rw-p 00000000 00:00 0 
7f8d185fe000-7f8d196d7000 r-xp 00000000 fd:01 12067861                   /usr/lib/jvm/java-11-openjdk-amd64/lib/server/libjvm.so
7f8d196d7000-7f8d198d6000 ---p 010d9000 fd:01 12067861                   /usr/lib/jvm/java-11-openjdk-amd64/lib/server/libjvm.so
7f8d198d6000-7f8d19993000 r--p 010d8000 fd:01 12067861                   /usr/lib/jvm/java-11-openjdk-amd64/lib/server/libjvm.so
7f8d19993000-7f8d199cd000 rw-p 01195000 fd:01 12067861                   /usr/lib/jvm/java-11-openjdk-amd64/lib/server/libjvm.so
7f8d199cd000-7f8d19a23000 rw-p 00000000 00:00 0 
7f8d19a23000-7f8d19a3d000 r-xp 00000000 fd:01 6427754                    /lib/x86_64-linux-gnu/libpthread-2.27.so
7f8d19a3d000-7f8d19c3c000 ---p 0001a000 fd:01 6427754                    /lib/x86_64-linux-gnu/libpthread-2.27.so
7f8d19c3c000-7f8d19c3d000 r--p 00019000 fd:01 6427754                    /lib/x86_64-linux-gnu/libpthread-2.27.so
7f8d19c3d000-7f8d19c3e000 rw-p 0001a000 fd:01 6427754                    /lib/x86_64-linux-gnu/libpthread-2.27.so
7f8d19c3e000-7f8d19c42000 rw-p 00000000 00:00 0 
7f8d19c42000-7f8d19c45000 r-xp 00000000 fd:01 6427644                    /lib/x86_64-linux-gnu/libdl-2.27.so
7f8d19c45000-7f8d19e44000 ---p 00003000 fd:01 6427644                    /lib/x86_64-linux-gnu/libdl-2.27.so
7f8d19e44000-7f8d19e45000 r--p 00002000 fd:01 6427644                    /lib/x86_64-linux-gnu/libdl-2.27.so
7f8d19e45000-7f8d19e46000 rw-p 00003000 fd:01 6427644                    /lib/x86_64-linux-gnu/libdl-2.27.so
7f8d19e46000-7f8d19e62000 r-xp 00000000 fd:01 6427793                    /lib/x86_64-linux-gnu/libz.so.1.2.11
7f8d19e62000-7f8d1a061000 ---p 0001c000 fd:01 6427793                    /lib/x86_64-linux-gnu/libz.so.1.2.11
7f8d1a061000-7f8d1a062000 r--p 0001b000 fd:01 6427793                    /lib/x86_64-linux-gnu/libz.so.1.2.11
7f8d1a062000-7f8d1a063000 rw-p 0001c000 fd:01 6427793                    /lib/x86_64-linux-gnu/libz.so.1.2.11
7f8d1a063000-7f8d1a24a000 r-xp 00000000 fd:01 6427621                    /lib/x86_64-linux-gnu/libc-2.27.so
7f8d1a24a000-7f8d1a44a000 ---p 001e7000 fd:01 6427621                    /lib/x86_64-linux-gnu/libc-2.27.so
7f8d1a44a000-7f8d1a44e000 r--p 001e7000 fd:01 6427621                    /lib/x86_64-linux-gnu/libc-2.27.so
7f8d1a44e000-7f8d1a450000 rw-p 001eb000 fd:01 6427621                    /lib/x86_64-linux-gnu/libc-2.27.so
7f8d1a450000-7f8d1a454000 rw-p 00000000 00:00 0 
7f8d1a454000-7f8d1a464000 r-xp 00000000 fd:01 12060004                   /usr/lib/jvm/java-11-openjdk-amd64/lib/jli/libjli.so
7f8d1a464000-7f8d1a663000 ---p 00010000 fd:01 12060004                   /usr/lib/jvm/java-11-openjdk-amd64/lib/jli/libjli.so
7f8d1a663000-7f8d1a664000 r--p 0000f000 fd:01 12060004                   /usr/lib/jvm/java-11-openjdk-amd64/lib/jli/libjli.so
7f8d1a664000-7f8d1a665000 rw-p 00010000 fd:01 12060004                   /usr/lib/jvm/java-11-openjdk-amd64/lib/jli/libjli.so
7f8d1a665000-7f8d1a68c000 r-xp 00000000 fd:01 6427593                    /lib/x86_64-linux-gnu/ld-2.27.so
7f8d1a696000-7f8d1a75b000 rw-p 00000000 00:00 0 
7f8d1a75b000-7f8d1a75f000 ---p 00000000 00:00 0 
7f8d1a75f000-7f8d1a85e000 rw-p 00000000 00:00 0 
7f8d1a86b000-7f8d1a872000 r--s 00000000 fd:01 11275254                   /usr/lib/x86_64-linux-gnu/gconv/gconv-modules.cache
7f8d1a872000-7f8d1a877000 rw-p 00000000 00:00 0 
7f8d1a877000-7f8d1a87e000 ---p 00000000 00:00 0 
7f8d1a87e000-7f8d1a880000 r--s 00007000 fd:01 11407959                   /usr/share/java/java-atk-wrapper.jar
7f8d1a880000-7f8d1a888000 rw-s 00000000 fd:01 4196618                    /tmp/hsperfdata_gslab/7556
7f8d1a888000-7f8d1a889000 ---p 00000000 00:00 0 
7f8d1a889000-7f8d1a88a000 r--p 00000000 00:00 0 
7f8d1a88a000-7f8d1a88c000 rw-p 00000000 00:00 0 
7f8d1a88c000-7f8d1a88d000 r--p 00027000 fd:01 6427593                    /lib/x86_64-linux-gnu/ld-2.27.so
7f8d1a88d000-7f8d1a88e000 rw-p 00028000 fd:01 6427593                    /lib/x86_64-linux-gnu/ld-2.27.so
7f8d1a88e000-7f8d1a88f000 rw-p 00000000 00:00 0 
7ffd7974f000-7ffd79771000 rw-p 00000000 00:00 0                          [stack]
7ffd79783000-7ffd79786000 r--p 00000000 00:00 0                          [vvar]
7ffd79786000-7ffd79787000 r-xp 00000000 00:00 0                          [vdso]
ffffffffff600000-ffffffffff601000 --xp 00000000 00:00 0                  [vsyscall]


VM Arguments:
jvm_args: -agentlib:jdwp=transport=dt_socket,suspend=y,address=localhost:40651 -ea -Dfile.encoding=UTF-8 
java_command: org.testng.remote.RemoteTestNG -serport 35163 -protocol json -d /home/gslab/Desktop/Files/com.docker/test-output /tmp/testng-eclipse-2075928985/testng-customsuite.xml
java_class_path (initial): /home/gslab/eclipse/java-2019-09/eclipse/configuration/org.eclipse.osgi/526/0/.cp/lib/testng-remote.jar:/home/gslab/Desktop/Files/com.docker/target/test-classes:/home/gslab/Desktop/Files/com.docker/target/classes:/home/gslab/.p2/pool/plugins/org.testng_7.0.0.r201908191551.jar:/home/gslab/.p2/pool/plugins/com.beust.jcommander_1.72.0.jar:/home/gslab/.p2/pool/plugins/org.apache-extras.beanshell.bsh_2.0.0.b6.jar:/home/gslab/.p2/pool/plugins/org.yaml.snakeyaml_1.21.0.jar:/home/gslab/.m2/repository/junit/junit/3.8.1/junit-3.8.1.jar:/home/gslab/.m2/repository/org/seleniumhq/selenium/selenium-java/3.141.59/selenium-java-3.141.59.jar:/home/gslab/.m2/repository/org/seleniumhq/selenium/selenium-api/3.141.59/selenium-api-3.141.59.jar:/home/gslab/.m2/repository/org/seleniumhq/selenium/selenium-chrome-driver/3.141.59/selenium-chrome-driver-3.141.59.jar:/home/gslab/.m2/repository/org/seleniumhq/selenium/selenium-edge-driver/3.141.59/selenium-edge-driver-3.141.59.jar:/home/gslab/.m2/repository/org/seleniumhq/selenium/selenium-firefox-driver/3.141.59/selenium-firefox-driver-3.141.59.jar:/home/gslab/.m2/repository/org/seleniumhq/selenium/selenium-ie-driver/3.141.59/selenium-ie-driver-3.141.59.jar:/home/gslab/.m2/repository/org/seleniumhq/selenium/selenium-opera-driver/3.141.59/selenium-opera-driver-3.141.59.jar:/home/gslab/.m2/repository/org/seleniumhq/selenium/selenium-remote-driver/3.141.59/selenium-remote-driver-3.141.59.jar:/home/gslab/.m2/repository/org/seleniumhq/selenium/selenium-safari-driver/3.141.59/selenium-safari-driver-3.141.59.jar:/home/gslab/.m2/repository/org/seleniumhq/selenium/selenium-support/3.141.59/selenium-support-3.141.59.jar:/home/gslab/.m2/repository/net/bytebuddy/byte-buddy/1.8.15/byte-buddy-1.8.15.jar:/home/gslab/.m2/repository/org/apache/commons/commons-exec/1.3/commons-exec-1.3.jar:/home/gslab/.m2/repository/com/google/guava/guava/25.0-jre/guava-25.0-jre.jar:/home/gslab/.m2/repository/com/google/code/findbugs/jsr305/1.3.9/jsr
Launcher Type: SUN_STANDARD

[Global flags]
     intx CICompilerCount                          = 4                                         {product} {ergonomic}
     uint ConcGCThreads                            = 2                                         {product} {ergonomic}
     uint G1ConcRefinementThreads                  = 8                                         {product} {ergonomic}
   size_t G1HeapRegionSize                         = 1048576                                   {product} {ergonomic}
    uintx GCDrainStackTargetSize                   = 64                                        {product} {ergonomic}
   size_t InitialHeapSize                          = 257949696                                 {product} {ergonomic}
   size_t MarkStackSize                            = 4194304                                   {product} {ergonomic}
   size_t MaxHeapSize                              = 4116709376                                {product} {ergonomic}
   size_t MaxNewSize                               = 2469396480                                {product} {ergonomic}
   size_t MinHeapDeltaBytes                        = 1048576                                   {product} {ergonomic}
    uintx NonNMethodCodeHeapSize                   = 5836300                                {pd product} {ergonomic}
    uintx NonProfiledCodeHeapSize                  = 122910970                              {pd product} {ergonomic}
    uintx ProfiledCodeHeapSize                     = 122910970                              {pd product} {ergonomic}
    uintx ReservedCodeCacheSize                    = 251658240                              {pd product} {ergonomic}
     bool SegmentedCodeCache                       = true                                      {product} {ergonomic}
     bool UseCompressedClassPointers               = true                                 {lp64_product} {ergonomic}
     bool UseCompressedOops                        = true                                 {lp64_product} {ergonomic}
     bool UseG1GC                                  = true                                      {product} {ergonomic}

Logging:
Log output configuration:
 #0: stdout all=warning uptime,level,tags
 #1: stderr all=off uptime,level,tags

Environment Variables:
PATH=/home/gslab/.local/share/umake/bin:/home/gslab/.local/bin:/usr/local/sbin:/usr/local/bin:/usr/sbin:/usr/bin:/sbin:/bin:/usr/games:/usr/local/games:/MAVEN_HOME/bin:/snap/bin
USERNAME=gslab
SHELL=/bin/bash
DISPLAY=:0

Signal Handlers:
SIGSEGV: [libjvm.so+0xdf1470], sa_mask[0]=11111111011111111101111111111110, sa_flags=SA_RESTART|SA_SIGINFO
SIGBUS: [libjvm.so+0xdf1470], sa_mask[0]=11111111011111111101111111111110, sa_flags=SA_RESTART|SA_SIGINFO
SIGFPE: [libjvm.so+0xdf1470], sa_mask[0]=11111111011111111101111111111110, sa_flags=SA_RESTART|SA_SIGINFO
SIGPIPE: [libjvm.so+0xbc5560], sa_mask[0]=11111111011111111101111111111110, sa_flags=SA_RESTART|SA_SIGINFO
SIGXFSZ: [libjvm.so+0xbc5560], sa_mask[0]=11111111011111111101111111111110, sa_flags=SA_RESTART|SA_SIGINFO
SIGILL: [libjvm.so+0xdf1470], sa_mask[0]=11111111011111111101111111111110, sa_flags=SA_RESTART|SA_SIGINFO
SIGUSR2: [libjvm.so+0xbc5400], sa_mask[0]=00100000000000000000000000000000, sa_flags=SA_RESTART|SA_SIGINFO
SIGHUP: [libjvm.so+0xbc5760], sa_mask[0]=11111111011111111101111111111110, sa_flags=SA_RESTART|SA_SIGINFO
SIGINT: [libjvm.so+0xbc5760], sa_mask[0]=11111111011111111101111111111110, sa_flags=SA_RESTART|SA_SIGINFO
SIGTERM: [libjvm.so+0xbc5760], sa_mask[0]=11111111011111111101111111111110, sa_flags=SA_RESTART|SA_SIGINFO
SIGQUIT: [libjvm.so+0xbc5760], sa_mask[0]=11111111011111111101111111111110, sa_flags=SA_RESTART|SA_SIGINFO


---------------  S Y S T E M  ---------------

OS:DISTRIB_ID=Ubuntu
DISTRIB_RELEASE=18.04
DISTRIB_CODENAME=bionic
DISTRIB_DESCRIPTION="Ubuntu 18.04.3 LTS"
uname:Linux 5.3.0-40-generic #32~18.04.1-Ubuntu SMP Mon Feb 3 14:05:59 UTC 2020 x86_64
libc:glibc 2.27 NPTL 2.27 
rlimit: STACK 8192k, CORE 0k, NPROC 62531, NOFILE 4096, AS infinity, DATA infinity, FSIZE infinity
load average:2.94 2.43 2.28

/proc/meminfo:
MemTotal:       16080456 kB
MemFree:         1695204 kB
MemAvailable:    6023372 kB
Buffers:          505648 kB
Cached:          4365196 kB
SwapCached:            0 kB
Active:         10429040 kB
Inactive:        2754476 kB
Active(anon):    8399768 kB
Inactive(anon):   419760 kB
Active(file):    2029272 kB
Inactive(file):  2334716 kB
Unevictable:      453752 kB
Mlocked:             208 kB
SwapTotal:       1003516 kB
SwapFree:        1003516 kB
Dirty:               348 kB
Writeback:             0 kB
AnonPages:       8766112 kB
Mapped:          1563612 kB
Shmem:            883460 kB
KReclaimable:     300132 kB
Slab:             495864 kB
SReclaimable:     300132 kB
SUnreclaim:       195732 kB
KernelStack:       34112 kB
PageTables:       121864 kB
NFS_Unstable:          0 kB
Bounce:                0 kB
WritebackTmp:          0 kB
CommitLimit:     9043744 kB
Committed_AS:   26169824 kB
VmallocTotal:   34359738367 kB
VmallocUsed:       51928 kB
VmallocChunk:          0 kB
Percpu:             8512 kB
HardwareCorrupted:     0 kB
AnonHugePages:         0 kB
ShmemHugePages:        0 kB
ShmemPmdMapped:        0 kB
CmaTotal:              0 kB
CmaFree:               0 kB
HugePages_Total:       0
HugePages_Free:        0
HugePages_Rsvd:        0
HugePages_Surp:        0
Hugepagesize:       2048 kB
Hugetlb:               0 kB
DirectMap4k:      481832 kB
DirectMap2M:    12828672 kB
DirectMap1G:     4194304 kB


/proc/sys/kernel/threads-max (system-wide limit on the number of threads):
125063


/proc/sys/vm/max_map_count (maximum number of memory map areas a process may have):
65530


/proc/sys/kernel/pid_max (system-wide limit on number of process identifiers):
32768



container (cgroup) information:
container_type: cgroupv1
cpu_cpuset_cpus: 0-7
cpu_memory_nodes: 0
active_processor_count: 8
cpu_quota: -1
cpu_period: 100000
cpu_shares: -1
memory_limit_in_bytes: -1
memory_and_swap_limit_in_bytes: -2
memory_soft_limit_in_bytes: -1
memory_usage_in_bytes: 9118724096
memory_max_usage_in_bytes: 9738010624

Steal ticks since vm start: 0
Steal ticks percentage since vm start:  0.000

CPU:total 8 (initial active 8) (4 cores per cpu, 2 threads per core) family 6 model 60 stepping 3, cmov, cx8, fxsr, mmx, sse, sse2, sse3, ssse3, sse4.1, sse4.2, popcnt, avx, avx2, aes, clmul, erms, lzcnt, ht, tsc, tscinvbit, bmi1, bmi2, fma
CPU Model and flags from /proc/cpuinfo:
model name	: Intel(R) Core(TM) i7-4710MQ CPU @ 2.50GHz
flags		: fpu vme de pse tsc msr pae mce cx8 apic sep mtrr pge mca cmov pat pse36 clflush dts acpi mmx fxsr sse sse2 ss ht tm pbe syscall nx pdpe1gb rdtscp lm constant_tsc arch_perfmon pebs bts rep_good nopl xtopology nonstop_tsc cpuid aperfmperf pni pclmulqdq dtes64 monitor ds_cpl vmx est tm2 ssse3 sdbg fma cx16 xtpr pdcm pcid sse4_1 sse4_2 movbe popcnt tsc_deadline_timer aes xsave avx f16c rdrand lahf_lm abm cpuid_fault epb invpcid_single pti ssbd ibrs ibpb stibp tpr_shadow vnmi flexpriority ept vpid ept_ad fsgsbase tsc_adjust bmi1 avx2 smep bmi2 erms invpcid xsaveopt dtherm ida arat pln pts md_clear flush_l1d

Memory: 4k page, physical 16080456k(1697360k free), swap 1003516k(1003516k free)

vm_info: OpenJDK 64-Bit Server VM (11.0.6+10-post-Ubuntu-1ubuntu118.04.1) for linux-amd64 JRE (11.0.6+10-post-Ubuntu-1ubuntu118.04.1), built on Jan 15 2020 15:14:00 by "unknown" with gcc 7.4.0

END.
