#
# A fatal error has been detected by the Java Runtime Environment:
#
#  SIGSEGV (0xb) at pc=0x00007f407659e552, pid=7474, tid=7481
#
# JRE version: OpenJDK Runtime Environment (11.0.6+10) (build 11.0.6+10-post-Ubuntu-1ubuntu118.04.1)
# Java VM: OpenJDK 64-Bit Server VM (11.0.6+10-post-Ubuntu-1ubuntu118.04.1, mixed mode, sharing, tiered, compressed oops, g1 gc, linux-amd64)
# Problematic frame:
# V  [libjvm.so+0xa35552]
#
# Core dump will be written. Default location: Core dumps may be processed with "/usr/share/apport/apport %p %s %c %d %P" (or dumping to /home/gslab/Desktop/Files/com.docker/core.7474)
#
# If you would like to submit a bug report, please visit:
#   https://bugs.launchpad.net/ubuntu/+source/openjdk-lts
#

---------------  S U M M A R Y ------------

Command Line: -agentlib:jdwp=transport=dt_socket,suspend=y,address=localhost:35049 -ea -Dfile.encoding=UTF-8 org.testng.remote.RemoteTestNG -serport 42689 -protocol json -d /home/gslab/Desktop/Files/com.docker/test-output /tmp/testng-eclipse--1832411639/testng-customsuite.xml

Host: Intel(R) Core(TM) i7-4710MQ CPU @ 2.50GHz, 8 cores, 15G, Ubuntu 18.04.3 LTS
Time: Mon Apr 27 00:05:52 2020 IST elapsed time: 7710 seconds (0d 2h 8m 30s)

---------------  T H R E A D  ---------------

Current thread (0x00007f4070016000):  JavaThread "main" [_thread_in_vm, id=7481, stack(0x00007f4077cc6000,0x00007f4077dc7000)]

Stack: [0x00007f4077cc6000,0x00007f4077dc7000],  sp=0x00007f4077dc4140,  free space=1016k
Native frames: (J=compiled Java code, A=aot compiled Java code, j=interpreted, Vv=VM code, C=native code)
V  [libjvm.so+0xa35552]
V  [libjvm.so+0xa37935]
V  [libjvm.so+0x83e9f6]
V  [libjvm.so+0x83f8ed]
j  docker.com.docker.StartLinuxDocker.startDockerForLinux()V+76
v  ~StubRoutines::call_stub
V  [libjvm.so+0x8493b9]
V  [libjvm.so+0xc6fcb6]
V  [libjvm.so+0xc70cc2]
V  [libjvm.so+0x8fadbc]  JVM_InvokeMethod+0xfc
j  jdk.internal.reflect.NativeMethodAccessorImpl.invoke0(Ljava/lang/reflect/Method;Ljava/lang/Object;[Ljava/lang/Object;)Ljava/lang/Object;+0 java.base@11.0.6
j  jdk.internal.reflect.NativeMethodAccessorImpl.invoke(Ljava/lang/Object;[Ljava/lang/Object;)Ljava/lang/Object;+100 java.base@11.0.6
j  jdk.internal.reflect.DelegatingMethodAccessorImpl.invoke(Ljava/lang/Object;[Ljava/lang/Object;)Ljava/lang/Object;+6 java.base@11.0.6
j  java.lang.reflect.Method.invoke(Ljava/lang/Object;[Ljava/lang/Object;)Ljava/lang/Object;+59 java.base@11.0.6
j  org.testng.internal.MethodInvocationHelper.invokeMethod(Ljava/lang/reflect/Method;Ljava/lang/Object;[Ljava/lang/Object;)Ljava/lang/Object;+258
j  org.testng.internal.TestInvoker.invokeMethod(Lorg/testng/internal/TestMethodArguments;Lorg/testng/xml/XmlSuite;Lorg/testng/internal/ITestInvoker$FailureContext;)Lorg/testng/ITestResult;+690
j  org.testng.internal.TestInvoker.invokeTestMethod(Lorg/testng/internal/TestMethodArguments;Lorg/testng/xml/XmlSuite;Lorg/testng/internal/ITestInvoker$FailureContext;)Lorg/testng/ITestResult;+16
j  org.testng.internal.MethodRunner.runInSequence(Lorg/testng/internal/TestMethodArguments;Lorg/testng/internal/ITestInvoker;Lorg/testng/ITestContext;Ljava/util/concurrent/atomic/AtomicInteger;Lorg/testng/internal/ITestInvoker$FailureContext;Ljava/util/Iterator;Z)Ljava/util/List;+127
j  org.testng.internal.TestInvoker$MethodInvocationAgent.invoke(I)I+313
j  org.testng.internal.TestInvoker.invokeTestMethods(Lorg/testng/ITestNGMethod;Lorg/testng/internal/ConfigurationGroupMethods;Ljava/lang/Object;Lorg/testng/ITestContext;)Ljava/util/List;+409
j  org.testng.internal.TestMethodWorker.invokeTestMethods(Lorg/testng/ITestNGMethod;Ljava/lang/Object;)V+14
j  org.testng.internal.TestMethodWorker.run()V+127
j  org.testng.TestRunner$$Lambda$73.accept(Ljava/lang/Object;)V+7
j  java.util.ArrayList.forEach(Ljava/util/function/Consumer;)V+46 java.base@11.0.6
j  org.testng.TestRunner.privateRun(Lorg/testng/xml/XmlTest;)V+356
j  org.testng.TestRunner.run()V+25
j  org.testng.SuiteRunner.runTest(Lorg/testng/TestRunner;)V+21
j  org.testng.SuiteRunner.runSequentially()V+31
j  org.testng.SuiteRunner.privateRun()V+296
j  org.testng.SuiteRunner.run()V+6
j  org.testng.SuiteRunnerWorker.runSuite(Lorg/testng/internal/SuiteRunnerMap;Lorg/testng/xml/XmlSuite;)V+87
j  org.testng.SuiteRunnerWorker.run()V+12
j  org.testng.TestNG.runSuitesSequentially(Lorg/testng/xml/XmlSuite;Lorg/testng/internal/SuiteRunnerMap;ILjava/lang/String;)V+66
j  org.testng.TestNG.runSuitesLocally()Ljava/util/List;+156
j  org.testng.TestNG.runSuites()Ljava/util/List;+1
j  org.testng.TestNG.run()V+25
j  org.testng.remote.AbstractRemoteTestNG.run()V+149
j  org.testng.remote.RemoteTestNG.initAndRun(Lorg/testng/remote/IRemoteTestNG;[Ljava/lang/String;Lorg/testng/CommandLineArgs;Lorg/testng/remote/RemoteArgs;)V+184
j  org.testng.remote.RemoteTestNG.main([Ljava/lang/String;)V+201
v  ~StubRoutines::call_stub
V  [libjvm.so+0x8493b9]
V  [libjvm.so+0x8c5e4d]
V  [libjvm.so+0x8c831e]
C  [libjli.so+0x5856]
C  [libjli.so+0x92cd]

Java frames: (J=compiled Java code, j=interpreted, Vv=VM code)
j  docker.com.docker.StartLinuxDocker.startDockerForLinux()V+76
v  ~StubRoutines::call_stub
j  jdk.internal.reflect.NativeMethodAccessorImpl.invoke0(Ljava/lang/reflect/Method;Ljava/lang/Object;[Ljava/lang/Object;)Ljava/lang/Object;+0 java.base@11.0.6
j  jdk.internal.reflect.NativeMethodAccessorImpl.invoke(Ljava/lang/Object;[Ljava/lang/Object;)Ljava/lang/Object;+100 java.base@11.0.6
j  jdk.internal.reflect.DelegatingMethodAccessorImpl.invoke(Ljava/lang/Object;[Ljava/lang/Object;)Ljava/lang/Object;+6 java.base@11.0.6
j  java.lang.reflect.Method.invoke(Ljava/lang/Object;[Ljava/lang/Object;)Ljava/lang/Object;+59 java.base@11.0.6
j  org.testng.internal.MethodInvocationHelper.invokeMethod(Ljava/lang/reflect/Method;Ljava/lang/Object;[Ljava/lang/Object;)Ljava/lang/Object;+258
j  org.testng.internal.TestInvoker.invokeMethod(Lorg/testng/internal/TestMethodArguments;Lorg/testng/xml/XmlSuite;Lorg/testng/internal/ITestInvoker$FailureContext;)Lorg/testng/ITestResult;+690
j  org.testng.internal.TestInvoker.invokeTestMethod(Lorg/testng/internal/TestMethodArguments;Lorg/testng/xml/XmlSuite;Lorg/testng/internal/ITestInvoker$FailureContext;)Lorg/testng/ITestResult;+16
j  org.testng.internal.MethodRunner.runInSequence(Lorg/testng/internal/TestMethodArguments;Lorg/testng/internal/ITestInvoker;Lorg/testng/ITestContext;Ljava/util/concurrent/atomic/AtomicInteger;Lorg/testng/internal/ITestInvoker$FailureContext;Ljava/util/Iterator;Z)Ljava/util/List;+127
j  org.testng.internal.TestInvoker$MethodInvocationAgent.invoke(I)I+313
j  org.testng.internal.TestInvoker.invokeTestMethods(Lorg/testng/ITestNGMethod;Lorg/testng/internal/ConfigurationGroupMethods;Ljava/lang/Object;Lorg/testng/ITestContext;)Ljava/util/List;+409
j  org.testng.internal.TestMethodWorker.invokeTestMethods(Lorg/testng/ITestNGMethod;Ljava/lang/Object;)V+14
j  org.testng.internal.TestMethodWorker.run()V+127
j  org.testng.TestRunner$$Lambda$73.accept(Ljava/lang/Object;)V+7
j  java.util.ArrayList.forEach(Ljava/util/function/Consumer;)V+46 java.base@11.0.6
j  org.testng.TestRunner.privateRun(Lorg/testng/xml/XmlTest;)V+356
j  org.testng.TestRunner.run()V+25
j  org.testng.SuiteRunner.runTest(Lorg/testng/TestRunner;)V+21
j  org.testng.SuiteRunner.runSequentially()V+31
j  org.testng.SuiteRunner.privateRun()V+296
j  org.testng.SuiteRunner.run()V+6
j  org.testng.SuiteRunnerWorker.runSuite(Lorg/testng/internal/SuiteRunnerMap;Lorg/testng/xml/XmlSuite;)V+87
j  org.testng.SuiteRunnerWorker.run()V+12
j  org.testng.TestNG.runSuitesSequentially(Lorg/testng/xml/XmlSuite;Lorg/testng/internal/SuiteRunnerMap;ILjava/lang/String;)V+66
j  org.testng.TestNG.runSuitesLocally()Ljava/util/List;+156
j  org.testng.TestNG.runSuites()Ljava/util/List;+1
j  org.testng.TestNG.run()V+25
j  org.testng.remote.AbstractRemoteTestNG.run()V+149
j  org.testng.remote.RemoteTestNG.initAndRun(Lorg/testng/remote/IRemoteTestNG;[Ljava/lang/String;Lorg/testng/CommandLineArgs;Lorg/testng/remote/RemoteArgs;)V+184
j  org.testng.remote.RemoteTestNG.main([Ljava/lang/String;)V+201
v  ~StubRoutines::call_stub

siginfo: si_signo: 11 (SIGSEGV), si_code: 1 (SEGV_MAPERR), si_addr: 0x0000000001da027d

Register to memory mapping:

RAX=0x00007f4077dc42b0 is pointing into the stack for thread: 0x00007f4070016000
RBX=0x00007f4070016000 is a thread
RCX=0x00007f4070016000 is a thread
RDX=0x0000000000000001 is an unknown value
RSP=0x00007f4077dc4140 is pointing into the stack for thread: 0x00007f4070016000
RBP=0x00007f4077dc4250 is pointing into the stack for thread: 0x00007f4070016000
RSI=0x00007f4077dc4290 is pointing into the stack for thread: 0x00007f4070016000
RDI=0x00007f4077dc43d0 is pointing into the stack for thread: 0x00007f4070016000
R8 =0x0 is NULL
R9 =0x0000000001da01d9 is an unknown value
R10=0x00007f4077dc4290 is pointing into the stack for thread: 0x00007f4070016000
R11=0x00007f4077dc40e8 is pointing into the stack for thread: 0x00007f4070016000
R12=0x00007f4077dc4290 is pointing into the stack for thread: 0x00007f4070016000
R13=0x00007f4077dc43d0 is pointing into the stack for thread: 0x00007f4070016000
R14=0x0000000000001909 is an unknown value
R15=0x00007f4070016000 is a thread


Registers:
RAX=0x00007f4077dc42b0, RBX=0x00007f4070016000, RCX=0x00007f4070016000, RDX=0x0000000000000001
RSP=0x00007f4077dc4140, RBP=0x00007f4077dc4250, RSI=0x00007f4077dc4290, RDI=0x00007f4077dc43d0
R8 =0x0000000000000000, R9 =0x0000000001da01d9, R10=0x00007f4077dc4290, R11=0x00007f4077dc40e8
R12=0x00007f4077dc4290, R13=0x00007f4077dc43d0, R14=0x0000000000001909, R15=0x00007f4070016000
RIP=0x00007f407659e552, EFLAGS=0x0000000000010202, CSGSFS=0x002b000000000033, ERR=0x0000000000000004
  TRAPNO=0x000000000000000e

Top of Stack: (sp=0x00007f4077dc4140)
0x00007f4077dc4140:   00007f4077dc4158 00007f4077dc41a8
0x00007f4077dc4150:   00007f405850dd28 000000071902e2f0
0x00007f4077dc4160:   00007f4077dc4160 000000080079b0df
0x00007f4077dc4170:   00007f4077dc41b8 00000008001e9520 

Instructions: (pc=0x00007f407659e552)
0x00007f407659e452:   7c c6 eb da 83 c2 01 b9 08 00 00 00 39 f2 0f 8c
0x00007f407659e462:   7a ff ff ff eb 9e 89 d0 66 0f 1f 44 00 00 01 c0
0x00007f407659e472:   39 c2 7d fa 41 89 46 04 e9 4f fe ff ff 90 89 d0
0x00007f407659e482:   66 0f 1f 44 00 00 01 c0 39 c2 7d fa 41 89 45 04
0x00007f407659e492:   e9 19 ff ff ff 66 0f 1f 84 00 00 00 00 00 49 8b
0x00007f407659e4a2:   76 18 48 85 f6 0f 84 ba fe ff ff 4c 89 f7 48 89
0x00007f407659e4b2:   85 10 ff ff ff 48 89 8d 28 ff ff ff 4c 89 9d 30
0x00007f407659e4c2:   ff ff ff e8 66 f4 d9 ff 48 8b 85 10 ff ff ff 48
0x00007f407659e4d2:   8b 8d 28 ff ff ff 4c 8b 9d 30 ff ff ff e9 83 fe
0x00007f407659e4e2:   ff ff 49 8b 75 18 48 85 f6 0f 84 4a ff ff ff 4c
0x00007f407659e4f2:   89 ef 48 89 85 28 ff ff ff 4c 89 9d 30 ff ff ff
0x00007f407659e502:   e8 29 f4 d9 ff 48 8b 85 28 ff ff ff 4c 8b 9d 30
0x00007f407659e512:   ff ff ff e9 21 ff ff ff 66 0f 1f 44 00 00 55 66
0x00007f407659e522:   0f ef c0 48 89 e5 41 57 41 56 41 55 41 54 49 89
0x00007f407659e532:   fd 53 49 89 f4 48 89 cb 48 81 ec e8 00 00 00 4c
0x00007f407659e542:   8b 4e 10 89 95 38 ff ff ff 0f 29 85 40 ff ff ff
0x00007f407659e552:   45 8b b1 a4 00 00 00 41 81 e6 00 02 00 00 0f 85
0x00007f407659e562:   4a 01 00 00 0f b6 46 31 48 c7 85 20 ff ff ff 00
0x00007f407659e572:   00 00 00 3c 0a 74 08 84 c0 0f 85 bf 04 00 00 31
0x00007f407659e582:   d2 be 01 00 00 00 4c 89 e7 4c 89 8d 28 ff ff ff
0x00007f407659e592:   e8 19 5b ff ff 48 89 85 30 ff ff ff 48 85 c0 48
0x00007f407659e5a2:   89 c1 f3 0f 7e 85 30 ff ff ff 48 89 9d 30 ff ff
0x00007f407659e5b2:   ff 0f 16 85 30 ff ff ff 4c 8b 8d 28 ff ff ff 0f
0x00007f407659e5c2:   29 85 60 ff ff ff 0f 84 d2 01 00 00 4c 8b bb 80
0x00007f407659e5d2:   02 00 00 49 63 17 41 3b 57 04 0f 84 86 07 00 00
0x00007f407659e5e2:   49 8b 47 18 8d 72 01 41 89 37 48 89 0c d0 48 8b
0x00007f407659e5f2:   85 60 ff ff ff 48 85 c0 0f 84 a0 01 00 00 4c 8d
0x00007f407659e602:   bd 60 ff ff ff 41 80 7c 24 30 00 0f 84 0d 06 00
0x00007f407659e612:   00 48 8b 40 08 49 8b 7c 24 18 49 89 d8 4c 89 f9
0x00007f407659e622:   4c 89 ce 48 8b 40 08 48 8b 50 18 e8 fe 61 ff ff
0x00007f407659e632:   48 83 7b 08 00 0f 84 c3 05 00 00 66 0f ef c0 4c
0x00007f407659e642:   8d b5 50 ff ff ff 0f 29 85 50 ff ff ff 4c 89 ff 


Stack slot to memory mapping:
stack at sp + 0 slots: 0x00007f4077dc4158 is pointing into the stack for thread: 0x00007f4070016000
stack at sp + 1 slots: 0x00007f4077dc41a8 is pointing into the stack for thread: 0x00007f4070016000
stack at sp + 2 slots: 0x00007f405850dd28 is at code_begin+6216 in an Interpreter codelet
invoke return entry points  [0x00007f405850c4e0, 0x00007f405850dfc0]  6880 bytes
stack at sp + 3 slots: 0x000000071902e2f0 points into unknown readable memory: 05 60 01 70 40 7f 00 00
stack at sp + 4 slots: 0x00007f4077dc4160 is pointing into the stack for thread: 0x00007f4070016000
stack at sp + 5 slots: 0x000000080079b0df is pointing into metadata
stack at sp + 6 slots: 0x00007f4077dc41b8 is pointing into the stack for thread: 0x00007f4070016000
stack at sp + 7 slots: 0x00000008001e9520 is pointing into metadata


---------------  P R O C E S S  ---------------

Threads class SMR info:
_java_thread_list=0x00007f3fe8000b20, length=14, elements={
0x00007f4070016000, 0x00007f40701ca000, 0x00007f40701cc000, 0x00007f40701d1800,
0x00007f40701d3800, 0x00007f40701d6000, 0x00007f40701d8000, 0x00007f407024b000,
0x00007f407024f000, 0x00007f4010001800, 0x00007f4070250800, 0x00007f4070257000,
0x00007f40704b5000, 0x00007f40705c9000
}

Java Threads: ( => current thread )
=>0x00007f4070016000 JavaThread "main" [_thread_in_vm, id=7481, stack(0x00007f4077cc6000,0x00007f4077dc7000)]
  0x00007f40701ca000 JavaThread "Reference Handler" daemon [_thread_blocked, id=7489, stack(0x00007f4043176000,0x00007f4043277000)]
  0x00007f40701cc000 JavaThread "Finalizer" daemon [_thread_blocked, id=7490, stack(0x00007f4043075000,0x00007f4043176000)]
  0x00007f40701d1800 JavaThread "Signal Dispatcher" daemon [_thread_blocked, id=7491, stack(0x00007f40425a5000,0x00007f40426a6000)]
  0x00007f40701d3800 JavaThread "C2 CompilerThread0" daemon [_thread_blocked, id=7492, stack(0x00007f40424a4000,0x00007f40425a5000)]
  0x00007f40701d6000 JavaThread "C1 CompilerThread0" daemon [_thread_blocked, id=7493, stack(0x00007f40423a3000,0x00007f40424a4000)]
  0x00007f40701d8000 JavaThread "Sweeper thread" daemon [_thread_blocked, id=7494, stack(0x00007f40422a2000,0x00007f40423a3000)]
  0x00007f407024b000 JavaThread "JDWP Transport Listener: dt_socket" daemon [_thread_blocked, id=7496, stack(0x00007f4041f9b000,0x00007f404209c000)]
  0x00007f407024f000 JavaThread "JDWP Event Helper Thread" daemon [_thread_blocked, id=7498, stack(0x00007f4041e9a000,0x00007f4041f9b000)]
  0x00007f4010001800 JavaThread "JDWP Command Reader" daemon [_thread_in_native, id=7499, stack(0x00007f4041d99000,0x00007f4041e9a000)]
  0x00007f4070250800 JavaThread "Service Thread" daemon [_thread_blocked, id=7502, stack(0x00007f4041c98000,0x00007f4041d99000)]
  0x00007f4070257000 JavaThread "Common-Cleaner" daemon [_thread_blocked, id=7504, stack(0x00007f4041a95000,0x00007f4041b96000)]
  0x00007f40704b5000 JavaThread "ReaderThread" [_thread_in_native, id=7507, stack(0x00007f4041268000,0x00007f4041369000)]
  0x00007f40705c9000 JavaThread "process reaper" daemon [_thread_blocked, id=7512, stack(0x00007f407402c000,0x00007f407404e000)]

Other Threads:
  0x00007f40701c7000 VMThread "VM Thread" [stack: 0x00007f4043279000,0x00007f4043379000] [id=7488]
  0x00007f4070253000 WatcherThread [stack: 0x00007f4041b98000,0x00007f4041c98000] [id=7503]
  0x00007f407002f000 GCTaskThread "GC Thread#0" [stack: 0x00007f4058317000,0x00007f4058417000] [id=7483]
  0x00007f407008c000 ConcurrentGCThread "G1 Main Marker" [stack: 0x00007f404a74c000,0x00007f404a84c000] [id=7484]
  0x00007f407008e000 ConcurrentGCThread "G1 Conc#0" [stack: 0x00007f404a64a000,0x00007f404a74a000] [id=7485]
  0x00007f407018a000 ConcurrentGCThread "G1 Refine#0" [stack: 0x00007f4043cfe000,0x00007f4043dfe000] [id=7486]
  0x00007f407018b800 ConcurrentGCThread "G1 Young RemSet Sampling" [stack: 0x00007f4043bfc000,0x00007f4043cfc000] [id=7487]

Threads with active compile tasks:

VM state:synchronizing (normal execution)

VM Mutex/Monitor currently owned by a thread:  ([mutex/lock_event])
[0x00007f4070012160] Threads_lock - owner thread: 0x00007f40701c7000

Heap address: 0x000000070aa00000, size: 3926 MB, Compressed Oops mode: Zero based, Oop shift amount: 3
Narrow klass base: 0x0000000800000000, Narrow klass shift: 3
Compressed class space size: 1073741824 Address: 0x0000000840000000

Heap:
 garbage-first heap   total 253952K, used 16068K [0x000000070aa00000, 0x0000000800000000)
  region size 1024K, 17 young (17408K), 0 survivors (0K)
 Metaspace       used 7283K, capacity 7889K, committed 8064K, reserved 1056768K
  class space    used 809K, capacity 895K, committed 896K, reserved 1048576K
Heap Regions: E=young(eden), S=young(survivor), O=old, HS=humongous(starts), HC=humongous(continues), CS=collection set, F=free, A=archive, TAMS=top-at-mark-start (previous, next)
|   0|0x000000070aa00000, 0x000000070aa00000, 0x000000070ab00000|  0%| F|  |TAMS 0x000000070aa00000, 0x000000070aa00000| Untracked 
|   1|0x000000070ab00000, 0x000000070ab00000, 0x000000070ac00000|  0%| F|  |TAMS 0x000000070ab00000, 0x000000070ab00000| Untracked 
|   2|0x000000070ac00000, 0x000000070ac00000, 0x000000070ad00000|  0%| F|  |TAMS 0x000000070ac00000, 0x000000070ac00000| Untracked 
|   3|0x000000070ad00000, 0x000000070ad00000, 0x000000070ae00000|  0%| F|  |TAMS 0x000000070ad00000, 0x000000070ad00000| Untracked 
|   4|0x000000070ae00000, 0x000000070ae00000, 0x000000070af00000|  0%| F|  |TAMS 0x000000070ae00000, 0x000000070ae00000| Untracked 
|   5|0x000000070af00000, 0x000000070af00000, 0x000000070b000000|  0%| F|  |TAMS 0x000000070af00000, 0x000000070af00000| Untracked 
|   6|0x000000070b000000, 0x000000070b000000, 0x000000070b100000|  0%| F|  |TAMS 0x000000070b000000, 0x000000070b000000| Untracked 
|   7|0x000000070b100000, 0x000000070b100000, 0x000000070b200000|  0%| F|  |TAMS 0x000000070b100000, 0x000000070b100000| Untracked 
|   8|0x000000070b200000, 0x000000070b200000, 0x000000070b300000|  0%| F|  |TAMS 0x000000070b200000, 0x000000070b200000| Untracked 
|   9|0x000000070b300000, 0x000000070b300000, 0x000000070b400000|  0%| F|  |TAMS 0x000000070b300000, 0x000000070b300000| Untracked 
|  10|0x000000070b400000, 0x000000070b400000, 0x000000070b500000|  0%| F|  |TAMS 0x000000070b400000, 0x000000070b400000| Untracked 
|  11|0x000000070b500000, 0x000000070b500000, 0x000000070b600000|  0%| F|  |TAMS 0x000000070b500000, 0x000000070b500000| Untracked 
|  12|0x000000070b600000, 0x000000070b600000, 0x000000070b700000|  0%| F|  |TAMS 0x000000070b600000, 0x000000070b600000| Untracked 
|  13|0x000000070b700000, 0x000000070b700000, 0x000000070b800000|  0%| F|  |TAMS 0x000000070b700000, 0x000000070b700000| Untracked 
|  14|0x000000070b800000, 0x000000070b800000, 0x000000070b900000|  0%| F|  |TAMS 0x000000070b800000, 0x000000070b800000| Untracked 
|  15|0x000000070b900000, 0x000000070b900000, 0x000000070ba00000|  0%| F|  |TAMS 0x000000070b900000, 0x000000070b900000| Untracked 
|  16|0x000000070ba00000, 0x000000070ba00000, 0x000000070bb00000|  0%| F|  |TAMS 0x000000070ba00000, 0x000000070ba00000| Untracked 
|  17|0x000000070bb00000, 0x000000070bb00000, 0x000000070bc00000|  0%| F|  |TAMS 0x000000070bb00000, 0x000000070bb00000| Untracked 
|  18|0x000000070bc00000, 0x000000070bc00000, 0x000000070bd00000|  0%| F|  |TAMS 0x000000070bc00000, 0x000000070bc00000| Untracked 
|  19|0x000000070bd00000, 0x000000070bd00000, 0x000000070be00000|  0%| F|  |TAMS 0x000000070bd00000, 0x000000070bd00000| Untracked 
|  20|0x000000070be00000, 0x000000070be00000, 0x000000070bf00000|  0%| F|  |TAMS 0x000000070be00000, 0x000000070be00000| Untracked 
|  21|0x000000070bf00000, 0x000000070bf00000, 0x000000070c000000|  0%| F|  |TAMS 0x000000070bf00000, 0x000000070bf00000| Untracked 
|  22|0x000000070c000000, 0x000000070c000000, 0x000000070c100000|  0%| F|  |TAMS 0x000000070c000000, 0x000000070c000000| Untracked 
|  23|0x000000070c100000, 0x000000070c100000, 0x000000070c200000|  0%| F|  |TAMS 0x000000070c100000, 0x000000070c100000| Untracked 
|  24|0x000000070c200000, 0x000000070c200000, 0x000000070c300000|  0%| F|  |TAMS 0x000000070c200000, 0x000000070c200000| Untracked 
|  25|0x000000070c300000, 0x000000070c300000, 0x000000070c400000|  0%| F|  |TAMS 0x000000070c300000, 0x000000070c300000| Untracked 
|  26|0x000000070c400000, 0x000000070c400000, 0x000000070c500000|  0%| F|  |TAMS 0x000000070c400000, 0x000000070c400000| Untracked 
|  27|0x000000070c500000, 0x000000070c500000, 0x000000070c600000|  0%| F|  |TAMS 0x000000070c500000, 0x000000070c500000| Untracked 
|  28|0x000000070c600000, 0x000000070c600000, 0x000000070c700000|  0%| F|  |TAMS 0x000000070c600000, 0x000000070c600000| Untracked 
|  29|0x000000070c700000, 0x000000070c700000, 0x000000070c800000|  0%| F|  |TAMS 0x000000070c700000, 0x000000070c700000| Untracked 
|  30|0x000000070c800000, 0x000000070c800000, 0x000000070c900000|  0%| F|  |TAMS 0x000000070c800000, 0x000000070c800000| Untracked 
|  31|0x000000070c900000, 0x000000070c900000, 0x000000070ca00000|  0%| F|  |TAMS 0x000000070c900000, 0x000000070c900000| Untracked 
|  32|0x000000070ca00000, 0x000000070ca00000, 0x000000070cb00000|  0%| F|  |TAMS 0x000000070ca00000, 0x000000070ca00000| Untracked 
|  33|0x000000070cb00000, 0x000000070cb00000, 0x000000070cc00000|  0%| F|  |TAMS 0x000000070cb00000, 0x000000070cb00000| Untracked 
|  34|0x000000070cc00000, 0x000000070cc00000, 0x000000070cd00000|  0%| F|  |TAMS 0x000000070cc00000, 0x000000070cc00000| Untracked 
|  35|0x000000070cd00000, 0x000000070cd00000, 0x000000070ce00000|  0%| F|  |TAMS 0x000000070cd00000, 0x000000070cd00000| Untracked 
|  36|0x000000070ce00000, 0x000000070ce00000, 0x000000070cf00000|  0%| F|  |TAMS 0x000000070ce00000, 0x000000070ce00000| Untracked 
|  37|0x000000070cf00000, 0x000000070cf00000, 0x000000070d000000|  0%| F|  |TAMS 0x000000070cf00000, 0x000000070cf00000| Untracked 
|  38|0x000000070d000000, 0x000000070d000000, 0x000000070d100000|  0%| F|  |TAMS 0x000000070d000000, 0x000000070d000000| Untracked 
|  39|0x000000070d100000, 0x000000070d100000, 0x000000070d200000|  0%| F|  |TAMS 0x000000070d100000, 0x000000070d100000| Untracked 
|  40|0x000000070d200000, 0x000000070d200000, 0x000000070d300000|  0%| F|  |TAMS 0x000000070d200000, 0x000000070d200000| Untracked 
|  41|0x000000070d300000, 0x000000070d300000, 0x000000070d400000|  0%| F|  |TAMS 0x000000070d300000, 0x000000070d300000| Untracked 
|  42|0x000000070d400000, 0x000000070d400000, 0x000000070d500000|  0%| F|  |TAMS 0x000000070d400000, 0x000000070d400000| Untracked 
|  43|0x000000070d500000, 0x000000070d500000, 0x000000070d600000|  0%| F|  |TAMS 0x000000070d500000, 0x000000070d500000| Untracked 
|  44|0x000000070d600000, 0x000000070d600000, 0x000000070d700000|  0%| F|  |TAMS 0x000000070d600000, 0x000000070d600000| Untracked 
|  45|0x000000070d700000, 0x000000070d700000, 0x000000070d800000|  0%| F|  |TAMS 0x000000070d700000, 0x000000070d700000| Untracked 
|  46|0x000000070d800000, 0x000000070d800000, 0x000000070d900000|  0%| F|  |TAMS 0x000000070d800000, 0x000000070d800000| Untracked 
|  47|0x000000070d900000, 0x000000070d900000, 0x000000070da00000|  0%| F|  |TAMS 0x000000070d900000, 0x000000070d900000| Untracked 
|  48|0x000000070da00000, 0x000000070da00000, 0x000000070db00000|  0%| F|  |TAMS 0x000000070da00000, 0x000000070da00000| Untracked 
|  49|0x000000070db00000, 0x000000070db00000, 0x000000070dc00000|  0%| F|  |TAMS 0x000000070db00000, 0x000000070db00000| Untracked 
|  50|0x000000070dc00000, 0x000000070dc00000, 0x000000070dd00000|  0%| F|  |TAMS 0x000000070dc00000, 0x000000070dc00000| Untracked 
|  51|0x000000070dd00000, 0x000000070dd00000, 0x000000070de00000|  0%| F|  |TAMS 0x000000070dd00000, 0x000000070dd00000| Untracked 
|  52|0x000000070de00000, 0x000000070de00000, 0x000000070df00000|  0%| F|  |TAMS 0x000000070de00000, 0x000000070de00000| Untracked 
|  53|0x000000070df00000, 0x000000070df00000, 0x000000070e000000|  0%| F|  |TAMS 0x000000070df00000, 0x000000070df00000| Untracked 
|  54|0x000000070e000000, 0x000000070e000000, 0x000000070e100000|  0%| F|  |TAMS 0x000000070e000000, 0x000000070e000000| Untracked 
|  55|0x000000070e100000, 0x000000070e100000, 0x000000070e200000|  0%| F|  |TAMS 0x000000070e100000, 0x000000070e100000| Untracked 
|  56|0x000000070e200000, 0x000000070e200000, 0x000000070e300000|  0%| F|  |TAMS 0x000000070e200000, 0x000000070e200000| Untracked 
|  57|0x000000070e300000, 0x000000070e300000, 0x000000070e400000|  0%| F|  |TAMS 0x000000070e300000, 0x000000070e300000| Untracked 
|  58|0x000000070e400000, 0x000000070e400000, 0x000000070e500000|  0%| F|  |TAMS 0x000000070e400000, 0x000000070e400000| Untracked 
|  59|0x000000070e500000, 0x000000070e500000, 0x000000070e600000|  0%| F|  |TAMS 0x000000070e500000, 0x000000070e500000| Untracked 
|  60|0x000000070e600000, 0x000000070e600000, 0x000000070e700000|  0%| F|  |TAMS 0x000000070e600000, 0x000000070e600000| Untracked 
|  61|0x000000070e700000, 0x000000070e700000, 0x000000070e800000|  0%| F|  |TAMS 0x000000070e700000, 0x000000070e700000| Untracked 
|  62|0x000000070e800000, 0x000000070e800000, 0x000000070e900000|  0%| F|  |TAMS 0x000000070e800000, 0x000000070e800000| Untracked 
|  63|0x000000070e900000, 0x000000070e900000, 0x000000070ea00000|  0%| F|  |TAMS 0x000000070e900000, 0x000000070e900000| Untracked 
|  64|0x000000070ea00000, 0x000000070ea00000, 0x000000070eb00000|  0%| F|  |TAMS 0x000000070ea00000, 0x000000070ea00000| Untracked 
|  65|0x000000070eb00000, 0x000000070eb00000, 0x000000070ec00000|  0%| F|  |TAMS 0x000000070eb00000, 0x000000070eb00000| Untracked 
|  66|0x000000070ec00000, 0x000000070ec00000, 0x000000070ed00000|  0%| F|  |TAMS 0x000000070ec00000, 0x000000070ec00000| Untracked 
|  67|0x000000070ed00000, 0x000000070ed00000, 0x000000070ee00000|  0%| F|  |TAMS 0x000000070ed00000, 0x000000070ed00000| Untracked 
|  68|0x000000070ee00000, 0x000000070ee00000, 0x000000070ef00000|  0%| F|  |TAMS 0x000000070ee00000, 0x000000070ee00000| Untracked 
|  69|0x000000070ef00000, 0x000000070ef00000, 0x000000070f000000|  0%| F|  |TAMS 0x000000070ef00000, 0x000000070ef00000| Untracked 
|  70|0x000000070f000000, 0x000000070f000000, 0x000000070f100000|  0%| F|  |TAMS 0x000000070f000000, 0x000000070f000000| Untracked 
|  71|0x000000070f100000, 0x000000070f100000, 0x000000070f200000|  0%| F|  |TAMS 0x000000070f100000, 0x000000070f100000| Untracked 
|  72|0x000000070f200000, 0x000000070f200000, 0x000000070f300000|  0%| F|  |TAMS 0x000000070f200000, 0x000000070f200000| Untracked 
|  73|0x000000070f300000, 0x000000070f300000, 0x000000070f400000|  0%| F|  |TAMS 0x000000070f300000, 0x000000070f300000| Untracked 
|  74|0x000000070f400000, 0x000000070f400000, 0x000000070f500000|  0%| F|  |TAMS 0x000000070f400000, 0x000000070f400000| Untracked 
|  75|0x000000070f500000, 0x000000070f500000, 0x000000070f600000|  0%| F|  |TAMS 0x000000070f500000, 0x000000070f500000| Untracked 
|  76|0x000000070f600000, 0x000000070f600000, 0x000000070f700000|  0%| F|  |TAMS 0x000000070f600000, 0x000000070f600000| Untracked 
|  77|0x000000070f700000, 0x000000070f700000, 0x000000070f800000|  0%| F|  |TAMS 0x000000070f700000, 0x000000070f700000| Untracked 
|  78|0x000000070f800000, 0x000000070f800000, 0x000000070f900000|  0%| F|  |TAMS 0x000000070f800000, 0x000000070f800000| Untracked 
|  79|0x000000070f900000, 0x000000070f900000, 0x000000070fa00000|  0%| F|  |TAMS 0x000000070f900000, 0x000000070f900000| Untracked 
|  80|0x000000070fa00000, 0x000000070fa00000, 0x000000070fb00000|  0%| F|  |TAMS 0x000000070fa00000, 0x000000070fa00000| Untracked 
|  81|0x000000070fb00000, 0x000000070fb00000, 0x000000070fc00000|  0%| F|  |TAMS 0x000000070fb00000, 0x000000070fb00000| Untracked 
|  82|0x000000070fc00000, 0x000000070fc00000, 0x000000070fd00000|  0%| F|  |TAMS 0x000000070fc00000, 0x000000070fc00000| Untracked 
|  83|0x000000070fd00000, 0x000000070fd00000, 0x000000070fe00000|  0%| F|  |TAMS 0x000000070fd00000, 0x000000070fd00000| Untracked 
|  84|0x000000070fe00000, 0x000000070fe00000, 0x000000070ff00000|  0%| F|  |TAMS 0x000000070fe00000, 0x000000070fe00000| Untracked 
|  85|0x000000070ff00000, 0x000000070ff00000, 0x0000000710000000|  0%| F|  |TAMS 0x000000070ff00000, 0x000000070ff00000| Untracked 
|  86|0x0000000710000000, 0x0000000710000000, 0x0000000710100000|  0%| F|  |TAMS 0x0000000710000000, 0x0000000710000000| Untracked 
|  87|0x0000000710100000, 0x0000000710100000, 0x0000000710200000|  0%| F|  |TAMS 0x0000000710100000, 0x0000000710100000| Untracked 
|  88|0x0000000710200000, 0x0000000710200000, 0x0000000710300000|  0%| F|  |TAMS 0x0000000710200000, 0x0000000710200000| Untracked 
|  89|0x0000000710300000, 0x0000000710300000, 0x0000000710400000|  0%| F|  |TAMS 0x0000000710300000, 0x0000000710300000| Untracked 
|  90|0x0000000710400000, 0x0000000710400000, 0x0000000710500000|  0%| F|  |TAMS 0x0000000710400000, 0x0000000710400000| Untracked 
|  91|0x0000000710500000, 0x0000000710500000, 0x0000000710600000|  0%| F|  |TAMS 0x0000000710500000, 0x0000000710500000| Untracked 
|  92|0x0000000710600000, 0x0000000710600000, 0x0000000710700000|  0%| F|  |TAMS 0x0000000710600000, 0x0000000710600000| Untracked 
|  93|0x0000000710700000, 0x0000000710700000, 0x0000000710800000|  0%| F|  |TAMS 0x0000000710700000, 0x0000000710700000| Untracked 
|  94|0x0000000710800000, 0x0000000710800000, 0x0000000710900000|  0%| F|  |TAMS 0x0000000710800000, 0x0000000710800000| Untracked 
|  95|0x0000000710900000, 0x0000000710900000, 0x0000000710a00000|  0%| F|  |TAMS 0x0000000710900000, 0x0000000710900000| Untracked 
|  96|0x0000000710a00000, 0x0000000710a00000, 0x0000000710b00000|  0%| F|  |TAMS 0x0000000710a00000, 0x0000000710a00000| Untracked 
|  97|0x0000000710b00000, 0x0000000710b00000, 0x0000000710c00000|  0%| F|  |TAMS 0x0000000710b00000, 0x0000000710b00000| Untracked 
|  98|0x0000000710c00000, 0x0000000710c00000, 0x0000000710d00000|  0%| F|  |TAMS 0x0000000710c00000, 0x0000000710c00000| Untracked 
|  99|0x0000000710d00000, 0x0000000710d00000, 0x0000000710e00000|  0%| F|  |TAMS 0x0000000710d00000, 0x0000000710d00000| Untracked 
| 100|0x0000000710e00000, 0x0000000710e00000, 0x0000000710f00000|  0%| F|  |TAMS 0x0000000710e00000, 0x0000000710e00000| Untracked 
| 101|0x0000000710f00000, 0x0000000710f00000, 0x0000000711000000|  0%| F|  |TAMS 0x0000000710f00000, 0x0000000710f00000| Untracked 
| 102|0x0000000711000000, 0x0000000711000000, 0x0000000711100000|  0%| F|  |TAMS 0x0000000711000000, 0x0000000711000000| Untracked 
| 103|0x0000000711100000, 0x0000000711100000, 0x0000000711200000|  0%| F|  |TAMS 0x0000000711100000, 0x0000000711100000| Untracked 
| 104|0x0000000711200000, 0x0000000711200000, 0x0000000711300000|  0%| F|  |TAMS 0x0000000711200000, 0x0000000711200000| Untracked 
| 105|0x0000000711300000, 0x0000000711300000, 0x0000000711400000|  0%| F|  |TAMS 0x0000000711300000, 0x0000000711300000| Untracked 
| 106|0x0000000711400000, 0x0000000711400000, 0x0000000711500000|  0%| F|  |TAMS 0x0000000711400000, 0x0000000711400000| Untracked 
| 107|0x0000000711500000, 0x0000000711500000, 0x0000000711600000|  0%| F|  |TAMS 0x0000000711500000, 0x0000000711500000| Untracked 
| 108|0x0000000711600000, 0x0000000711600000, 0x0000000711700000|  0%| F|  |TAMS 0x0000000711600000, 0x0000000711600000| Untracked 
| 109|0x0000000711700000, 0x0000000711700000, 0x0000000711800000|  0%| F|  |TAMS 0x0000000711700000, 0x0000000711700000| Untracked 
| 110|0x0000000711800000, 0x0000000711800000, 0x0000000711900000|  0%| F|  |TAMS 0x0000000711800000, 0x0000000711800000| Untracked 
| 111|0x0000000711900000, 0x0000000711900000, 0x0000000711a00000|  0%| F|  |TAMS 0x0000000711900000, 0x0000000711900000| Untracked 
| 112|0x0000000711a00000, 0x0000000711a00000, 0x0000000711b00000|  0%| F|  |TAMS 0x0000000711a00000, 0x0000000711a00000| Untracked 
| 113|0x0000000711b00000, 0x0000000711b00000, 0x0000000711c00000|  0%| F|  |TAMS 0x0000000711b00000, 0x0000000711b00000| Untracked 
| 114|0x0000000711c00000, 0x0000000711c00000, 0x0000000711d00000|  0%| F|  |TAMS 0x0000000711c00000, 0x0000000711c00000| Untracked 
| 115|0x0000000711d00000, 0x0000000711d00000, 0x0000000711e00000|  0%| F|  |TAMS 0x0000000711d00000, 0x0000000711d00000| Untracked 
| 116|0x0000000711e00000, 0x0000000711e00000, 0x0000000711f00000|  0%| F|  |TAMS 0x0000000711e00000, 0x0000000711e00000| Untracked 
| 117|0x0000000711f00000, 0x0000000711f00000, 0x0000000712000000|  0%| F|  |TAMS 0x0000000711f00000, 0x0000000711f00000| Untracked 
| 118|0x0000000712000000, 0x0000000712000000, 0x0000000712100000|  0%| F|  |TAMS 0x0000000712000000, 0x0000000712000000| Untracked 
| 119|0x0000000712100000, 0x0000000712100000, 0x0000000712200000|  0%| F|  |TAMS 0x0000000712100000, 0x0000000712100000| Untracked 
| 120|0x0000000712200000, 0x0000000712200000, 0x0000000712300000|  0%| F|  |TAMS 0x0000000712200000, 0x0000000712200000| Untracked 
| 121|0x0000000712300000, 0x0000000712300000, 0x0000000712400000|  0%| F|  |TAMS 0x0000000712300000, 0x0000000712300000| Untracked 
| 122|0x0000000712400000, 0x0000000712400000, 0x0000000712500000|  0%| F|  |TAMS 0x0000000712400000, 0x0000000712400000| Untracked 
| 123|0x0000000712500000, 0x0000000712500000, 0x0000000712600000|  0%| F|  |TAMS 0x0000000712500000, 0x0000000712500000| Untracked 
| 124|0x0000000712600000, 0x0000000712600000, 0x0000000712700000|  0%| F|  |TAMS 0x0000000712600000, 0x0000000712600000| Untracked 
| 125|0x0000000712700000, 0x0000000712700000, 0x0000000712800000|  0%| F|  |TAMS 0x0000000712700000, 0x0000000712700000| Untracked 
| 126|0x0000000712800000, 0x0000000712800000, 0x0000000712900000|  0%| F|  |TAMS 0x0000000712800000, 0x0000000712800000| Untracked 
| 127|0x0000000712900000, 0x0000000712900000, 0x0000000712a00000|  0%| F|  |TAMS 0x0000000712900000, 0x0000000712900000| Untracked 
| 128|0x0000000712a00000, 0x0000000712a00000, 0x0000000712b00000|  0%| F|  |TAMS 0x0000000712a00000, 0x0000000712a00000| Untracked 
| 129|0x0000000712b00000, 0x0000000712b00000, 0x0000000712c00000|  0%| F|  |TAMS 0x0000000712b00000, 0x0000000712b00000| Untracked 
| 130|0x0000000712c00000, 0x0000000712c00000, 0x0000000712d00000|  0%| F|  |TAMS 0x0000000712c00000, 0x0000000712c00000| Untracked 
| 131|0x0000000712d00000, 0x0000000712d00000, 0x0000000712e00000|  0%| F|  |TAMS 0x0000000712d00000, 0x0000000712d00000| Untracked 
| 132|0x0000000712e00000, 0x0000000712e00000, 0x0000000712f00000|  0%| F|  |TAMS 0x0000000712e00000, 0x0000000712e00000| Untracked 
| 133|0x0000000712f00000, 0x0000000712f00000, 0x0000000713000000|  0%| F|  |TAMS 0x0000000712f00000, 0x0000000712f00000| Untracked 
| 134|0x0000000713000000, 0x0000000713000000, 0x0000000713100000|  0%| F|  |TAMS 0x0000000713000000, 0x0000000713000000| Untracked 
| 135|0x0000000713100000, 0x0000000713100000, 0x0000000713200000|  0%| F|  |TAMS 0x0000000713100000, 0x0000000713100000| Untracked 
| 136|0x0000000713200000, 0x0000000713200000, 0x0000000713300000|  0%| F|  |TAMS 0x0000000713200000, 0x0000000713200000| Untracked 
| 137|0x0000000713300000, 0x0000000713300000, 0x0000000713400000|  0%| F|  |TAMS 0x0000000713300000, 0x0000000713300000| Untracked 
| 138|0x0000000713400000, 0x0000000713400000, 0x0000000713500000|  0%| F|  |TAMS 0x0000000713400000, 0x0000000713400000| Untracked 
| 139|0x0000000713500000, 0x0000000713500000, 0x0000000713600000|  0%| F|  |TAMS 0x0000000713500000, 0x0000000713500000| Untracked 
| 140|0x0000000713600000, 0x0000000713600000, 0x0000000713700000|  0%| F|  |TAMS 0x0000000713600000, 0x0000000713600000| Untracked 
| 141|0x0000000713700000, 0x0000000713700000, 0x0000000713800000|  0%| F|  |TAMS 0x0000000713700000, 0x0000000713700000| Untracked 
| 142|0x0000000713800000, 0x0000000713800000, 0x0000000713900000|  0%| F|  |TAMS 0x0000000713800000, 0x0000000713800000| Untracked 
| 143|0x0000000713900000, 0x0000000713900000, 0x0000000713a00000|  0%| F|  |TAMS 0x0000000713900000, 0x0000000713900000| Untracked 
| 144|0x0000000713a00000, 0x0000000713a00000, 0x0000000713b00000|  0%| F|  |TAMS 0x0000000713a00000, 0x0000000713a00000| Untracked 
| 145|0x0000000713b00000, 0x0000000713b00000, 0x0000000713c00000|  0%| F|  |TAMS 0x0000000713b00000, 0x0000000713b00000| Untracked 
| 146|0x0000000713c00000, 0x0000000713c00000, 0x0000000713d00000|  0%| F|  |TAMS 0x0000000713c00000, 0x0000000713c00000| Untracked 
| 147|0x0000000713d00000, 0x0000000713d00000, 0x0000000713e00000|  0%| F|  |TAMS 0x0000000713d00000, 0x0000000713d00000| Untracked 
| 148|0x0000000713e00000, 0x0000000713e00000, 0x0000000713f00000|  0%| F|  |TAMS 0x0000000713e00000, 0x0000000713e00000| Untracked 
| 149|0x0000000713f00000, 0x0000000713f00000, 0x0000000714000000|  0%| F|  |TAMS 0x0000000713f00000, 0x0000000713f00000| Untracked 
| 150|0x0000000714000000, 0x0000000714000000, 0x0000000714100000|  0%| F|  |TAMS 0x0000000714000000, 0x0000000714000000| Untracked 
| 151|0x0000000714100000, 0x0000000714100000, 0x0000000714200000|  0%| F|  |TAMS 0x0000000714100000, 0x0000000714100000| Untracked 
| 152|0x0000000714200000, 0x0000000714200000, 0x0000000714300000|  0%| F|  |TAMS 0x0000000714200000, 0x0000000714200000| Untracked 
| 153|0x0000000714300000, 0x0000000714300000, 0x0000000714400000|  0%| F|  |TAMS 0x0000000714300000, 0x0000000714300000| Untracked 
| 154|0x0000000714400000, 0x0000000714400000, 0x0000000714500000|  0%| F|  |TAMS 0x0000000714400000, 0x0000000714400000| Untracked 
| 155|0x0000000714500000, 0x0000000714500000, 0x0000000714600000|  0%| F|  |TAMS 0x0000000714500000, 0x0000000714500000| Untracked 
| 156|0x0000000714600000, 0x0000000714600000, 0x0000000714700000|  0%| F|  |TAMS 0x0000000714600000, 0x0000000714600000| Untracked 
| 157|0x0000000714700000, 0x0000000714700000, 0x0000000714800000|  0%| F|  |TAMS 0x0000000714700000, 0x0000000714700000| Untracked 
| 158|0x0000000714800000, 0x0000000714800000, 0x0000000714900000|  0%| F|  |TAMS 0x0000000714800000, 0x0000000714800000| Untracked 
| 159|0x0000000714900000, 0x0000000714900000, 0x0000000714a00000|  0%| F|  |TAMS 0x0000000714900000, 0x0000000714900000| Untracked 
| 160|0x0000000714a00000, 0x0000000714a00000, 0x0000000714b00000|  0%| F|  |TAMS 0x0000000714a00000, 0x0000000714a00000| Untracked 
| 161|0x0000000714b00000, 0x0000000714b00000, 0x0000000714c00000|  0%| F|  |TAMS 0x0000000714b00000, 0x0000000714b00000| Untracked 
| 162|0x0000000714c00000, 0x0000000714c00000, 0x0000000714d00000|  0%| F|  |TAMS 0x0000000714c00000, 0x0000000714c00000| Untracked 
| 163|0x0000000714d00000, 0x0000000714d00000, 0x0000000714e00000|  0%| F|  |TAMS 0x0000000714d00000, 0x0000000714d00000| Untracked 
| 164|0x0000000714e00000, 0x0000000714e00000, 0x0000000714f00000|  0%| F|  |TAMS 0x0000000714e00000, 0x0000000714e00000| Untracked 
| 165|0x0000000714f00000, 0x0000000714f00000, 0x0000000715000000|  0%| F|  |TAMS 0x0000000714f00000, 0x0000000714f00000| Untracked 
| 166|0x0000000715000000, 0x0000000715000000, 0x0000000715100000|  0%| F|  |TAMS 0x0000000715000000, 0x0000000715000000| Untracked 
| 167|0x0000000715100000, 0x0000000715100000, 0x0000000715200000|  0%| F|  |TAMS 0x0000000715100000, 0x0000000715100000| Untracked 
| 168|0x0000000715200000, 0x0000000715200000, 0x0000000715300000|  0%| F|  |TAMS 0x0000000715200000, 0x0000000715200000| Untracked 
| 169|0x0000000715300000, 0x0000000715300000, 0x0000000715400000|  0%| F|  |TAMS 0x0000000715300000, 0x0000000715300000| Untracked 
| 170|0x0000000715400000, 0x0000000715400000, 0x0000000715500000|  0%| F|  |TAMS 0x0000000715400000, 0x0000000715400000| Untracked 
| 171|0x0000000715500000, 0x0000000715500000, 0x0000000715600000|  0%| F|  |TAMS 0x0000000715500000, 0x0000000715500000| Untracked 
| 172|0x0000000715600000, 0x0000000715600000, 0x0000000715700000|  0%| F|  |TAMS 0x0000000715600000, 0x0000000715600000| Untracked 
| 173|0x0000000715700000, 0x0000000715700000, 0x0000000715800000|  0%| F|  |TAMS 0x0000000715700000, 0x0000000715700000| Untracked 
| 174|0x0000000715800000, 0x0000000715800000, 0x0000000715900000|  0%| F|  |TAMS 0x0000000715800000, 0x0000000715800000| Untracked 
| 175|0x0000000715900000, 0x0000000715900000, 0x0000000715a00000|  0%| F|  |TAMS 0x0000000715900000, 0x0000000715900000| Untracked 
| 176|0x0000000715a00000, 0x0000000715a00000, 0x0000000715b00000|  0%| F|  |TAMS 0x0000000715a00000, 0x0000000715a00000| Untracked 
| 177|0x0000000715b00000, 0x0000000715b00000, 0x0000000715c00000|  0%| F|  |TAMS 0x0000000715b00000, 0x0000000715b00000| Untracked 
| 178|0x0000000715c00000, 0x0000000715c00000, 0x0000000715d00000|  0%| F|  |TAMS 0x0000000715c00000, 0x0000000715c00000| Untracked 
| 179|0x0000000715d00000, 0x0000000715d00000, 0x0000000715e00000|  0%| F|  |TAMS 0x0000000715d00000, 0x0000000715d00000| Untracked 
| 180|0x0000000715e00000, 0x0000000715e00000, 0x0000000715f00000|  0%| F|  |TAMS 0x0000000715e00000, 0x0000000715e00000| Untracked 
| 181|0x0000000715f00000, 0x0000000715f00000, 0x0000000716000000|  0%| F|  |TAMS 0x0000000715f00000, 0x0000000715f00000| Untracked 
| 182|0x0000000716000000, 0x0000000716000000, 0x0000000716100000|  0%| F|  |TAMS 0x0000000716000000, 0x0000000716000000| Untracked 
| 183|0x0000000716100000, 0x0000000716100000, 0x0000000716200000|  0%| F|  |TAMS 0x0000000716100000, 0x0000000716100000| Untracked 
| 184|0x0000000716200000, 0x0000000716200000, 0x0000000716300000|  0%| F|  |TAMS 0x0000000716200000, 0x0000000716200000| Untracked 
| 185|0x0000000716300000, 0x0000000716300000, 0x0000000716400000|  0%| F|  |TAMS 0x0000000716300000, 0x0000000716300000| Untracked 
| 186|0x0000000716400000, 0x0000000716400000, 0x0000000716500000|  0%| F|  |TAMS 0x0000000716400000, 0x0000000716400000| Untracked 
| 187|0x0000000716500000, 0x0000000716500000, 0x0000000716600000|  0%| F|  |TAMS 0x0000000716500000, 0x0000000716500000| Untracked 
| 188|0x0000000716600000, 0x0000000716600000, 0x0000000716700000|  0%| F|  |TAMS 0x0000000716600000, 0x0000000716600000| Untracked 
| 189|0x0000000716700000, 0x0000000716700000, 0x0000000716800000|  0%| F|  |TAMS 0x0000000716700000, 0x0000000716700000| Untracked 
| 190|0x0000000716800000, 0x0000000716800000, 0x0000000716900000|  0%| F|  |TAMS 0x0000000716800000, 0x0000000716800000| Untracked 
| 191|0x0000000716900000, 0x0000000716900000, 0x0000000716a00000|  0%| F|  |TAMS 0x0000000716900000, 0x0000000716900000| Untracked 
| 192|0x0000000716a00000, 0x0000000716a00000, 0x0000000716b00000|  0%| F|  |TAMS 0x0000000716a00000, 0x0000000716a00000| Untracked 
| 193|0x0000000716b00000, 0x0000000716b00000, 0x0000000716c00000|  0%| F|  |TAMS 0x0000000716b00000, 0x0000000716b00000| Untracked 
| 194|0x0000000716c00000, 0x0000000716c00000, 0x0000000716d00000|  0%| F|  |TAMS 0x0000000716c00000, 0x0000000716c00000| Untracked 
| 195|0x0000000716d00000, 0x0000000716d00000, 0x0000000716e00000|  0%| F|  |TAMS 0x0000000716d00000, 0x0000000716d00000| Untracked 
| 196|0x0000000716e00000, 0x0000000716e00000, 0x0000000716f00000|  0%| F|  |TAMS 0x0000000716e00000, 0x0000000716e00000| Untracked 
| 197|0x0000000716f00000, 0x0000000716f00000, 0x0000000717000000|  0%| F|  |TAMS 0x0000000716f00000, 0x0000000716f00000| Untracked 
| 198|0x0000000717000000, 0x0000000717000000, 0x0000000717100000|  0%| F|  |TAMS 0x0000000717000000, 0x0000000717000000| Untracked 
| 199|0x0000000717100000, 0x0000000717100000, 0x0000000717200000|  0%| F|  |TAMS 0x0000000717100000, 0x0000000717100000| Untracked 
| 200|0x0000000717200000, 0x0000000717200000, 0x0000000717300000|  0%| F|  |TAMS 0x0000000717200000, 0x0000000717200000| Untracked 
| 201|0x0000000717300000, 0x0000000717300000, 0x0000000717400000|  0%| F|  |TAMS 0x0000000717300000, 0x0000000717300000| Untracked 
| 202|0x0000000717400000, 0x0000000717400000, 0x0000000717500000|  0%| F|  |TAMS 0x0000000717400000, 0x0000000717400000| Untracked 
| 203|0x0000000717500000, 0x0000000717500000, 0x0000000717600000|  0%| F|  |TAMS 0x0000000717500000, 0x0000000717500000| Untracked 
| 204|0x0000000717600000, 0x0000000717600000, 0x0000000717700000|  0%| F|  |TAMS 0x0000000717600000, 0x0000000717600000| Untracked 
| 205|0x0000000717700000, 0x0000000717700000, 0x0000000717800000|  0%| F|  |TAMS 0x0000000717700000, 0x0000000717700000| Untracked 
| 206|0x0000000717800000, 0x0000000717800000, 0x0000000717900000|  0%| F|  |TAMS 0x0000000717800000, 0x0000000717800000| Untracked 
| 207|0x0000000717900000, 0x0000000717900000, 0x0000000717a00000|  0%| F|  |TAMS 0x0000000717900000, 0x0000000717900000| Untracked 
| 208|0x0000000717a00000, 0x0000000717a00000, 0x0000000717b00000|  0%| F|  |TAMS 0x0000000717a00000, 0x0000000717a00000| Untracked 
| 209|0x0000000717b00000, 0x0000000717b00000, 0x0000000717c00000|  0%| F|  |TAMS 0x0000000717b00000, 0x0000000717b00000| Untracked 
| 210|0x0000000717c00000, 0x0000000717c00000, 0x0000000717d00000|  0%| F|  |TAMS 0x0000000717c00000, 0x0000000717c00000| Untracked 
| 211|0x0000000717d00000, 0x0000000717d00000, 0x0000000717e00000|  0%| F|  |TAMS 0x0000000717d00000, 0x0000000717d00000| Untracked 
| 212|0x0000000717e00000, 0x0000000717e00000, 0x0000000717f00000|  0%| F|  |TAMS 0x0000000717e00000, 0x0000000717e00000| Untracked 
| 213|0x0000000717f00000, 0x0000000717f00000, 0x0000000718000000|  0%| F|  |TAMS 0x0000000717f00000, 0x0000000717f00000| Untracked 
| 214|0x0000000718000000, 0x0000000718000000, 0x0000000718100000|  0%| F|  |TAMS 0x0000000718000000, 0x0000000718000000| Untracked 
| 215|0x0000000718100000, 0x0000000718100000, 0x0000000718200000|  0%| F|  |TAMS 0x0000000718100000, 0x0000000718100000| Untracked 
| 216|0x0000000718200000, 0x0000000718200000, 0x0000000718300000|  0%| F|  |TAMS 0x0000000718200000, 0x0000000718200000| Untracked 
| 217|0x0000000718300000, 0x0000000718300000, 0x0000000718400000|  0%| F|  |TAMS 0x0000000718300000, 0x0000000718300000| Untracked 
| 218|0x0000000718400000, 0x0000000718400000, 0x0000000718500000|  0%| F|  |TAMS 0x0000000718400000, 0x0000000718400000| Untracked 
| 219|0x0000000718500000, 0x0000000718500000, 0x0000000718600000|  0%| F|  |TAMS 0x0000000718500000, 0x0000000718500000| Untracked 
| 220|0x0000000718600000, 0x0000000718600000, 0x0000000718700000|  0%| F|  |TAMS 0x0000000718600000, 0x0000000718600000| Untracked 
| 221|0x0000000718700000, 0x0000000718700000, 0x0000000718800000|  0%| F|  |TAMS 0x0000000718700000, 0x0000000718700000| Untracked 
| 222|0x0000000718800000, 0x0000000718800000, 0x0000000718900000|  0%| F|  |TAMS 0x0000000718800000, 0x0000000718800000| Untracked 
| 223|0x0000000718900000, 0x0000000718900000, 0x0000000718a00000|  0%| F|  |TAMS 0x0000000718900000, 0x0000000718900000| Untracked 
| 224|0x0000000718a00000, 0x0000000718a00000, 0x0000000718b00000|  0%| F|  |TAMS 0x0000000718a00000, 0x0000000718a00000| Untracked 
| 225|0x0000000718b00000, 0x0000000718b00000, 0x0000000718c00000|  0%| F|  |TAMS 0x0000000718b00000, 0x0000000718b00000| Untracked 
| 226|0x0000000718c00000, 0x0000000718c00000, 0x0000000718d00000|  0%| F|  |TAMS 0x0000000718c00000, 0x0000000718c00000| Untracked 
| 227|0x0000000718d00000, 0x0000000718d00000, 0x0000000718e00000|  0%| F|  |TAMS 0x0000000718d00000, 0x0000000718d00000| Untracked 
| 228|0x0000000718e00000, 0x0000000718e00000, 0x0000000718f00000|  0%| F|  |TAMS 0x0000000718e00000, 0x0000000718e00000| Untracked 
| 229|0x0000000718f00000, 0x0000000718ff64b0, 0x0000000719000000| 96%| E|  |TAMS 0x0000000718f00000, 0x0000000718f00000| Complete 
| 230|0x0000000719000000, 0x0000000719100000, 0x0000000719100000|100%| E|CS|TAMS 0x0000000719000000, 0x0000000719000000| Complete 
| 231|0x0000000719100000, 0x0000000719200000, 0x0000000719200000|100%| E|CS|TAMS 0x0000000719100000, 0x0000000719100000| Complete 
| 232|0x0000000719200000, 0x0000000719300000, 0x0000000719300000|100%| E|CS|TAMS 0x0000000719200000, 0x0000000719200000| Complete 
| 233|0x0000000719300000, 0x0000000719400000, 0x0000000719400000|100%| E|CS|TAMS 0x0000000719300000, 0x0000000719300000| Complete 
| 234|0x0000000719400000, 0x0000000719500000, 0x0000000719500000|100%| E|  |TAMS 0x0000000719400000, 0x0000000719400000| Complete 
| 235|0x0000000719500000, 0x0000000719600000, 0x0000000719600000|100%| E|CS|TAMS 0x0000000719500000, 0x0000000719500000| Complete 
| 236|0x0000000719600000, 0x0000000719700000, 0x0000000719700000|100%| E|CS|TAMS 0x0000000719600000, 0x0000000719600000| Complete 
| 237|0x0000000719700000, 0x0000000719800000, 0x0000000719800000|100%| E|CS|TAMS 0x0000000719700000, 0x0000000719700000| Complete 
| 238|0x0000000719800000, 0x0000000719900000, 0x0000000719900000|100%| E|CS|TAMS 0x0000000719800000, 0x0000000719800000| Complete 
| 239|0x0000000719900000, 0x0000000719a00000, 0x0000000719a00000|100%| E|CS|TAMS 0x0000000719900000, 0x0000000719900000| Complete 
| 240|0x0000000719a00000, 0x0000000719b00000, 0x0000000719b00000|100%| E|CS|TAMS 0x0000000719a00000, 0x0000000719a00000| Complete 
| 241|0x0000000719b00000, 0x0000000719c00000, 0x0000000719c00000|100%| E|CS|TAMS 0x0000000719b00000, 0x0000000719b00000| Complete 
| 242|0x0000000719c00000, 0x0000000719d00000, 0x0000000719d00000|100%| E|CS|TAMS 0x0000000719c00000, 0x0000000719c00000| Complete 
| 243|0x0000000719d00000, 0x0000000719e00000, 0x0000000719e00000|100%| E|CS|TAMS 0x0000000719d00000, 0x0000000719d00000| Complete 
| 244|0x0000000719e00000, 0x0000000719f00000, 0x0000000719f00000|100%| E|CS|TAMS 0x0000000719e00000, 0x0000000719e00000| Complete 
| 245|0x0000000719f00000, 0x000000071a000000, 0x000000071a000000|100%| E|CS|TAMS 0x0000000719f00000, 0x0000000719f00000| Complete 
|2900|0x00000007bfe00000, 0x00000007bfe47000, 0x00000007bff00000| 27%|OA|  |TAMS 0x00000007bfe00000, 0x00000007bfe00000| Untracked 
|2901|0x00000007bff00000, 0x00000007bff6a000, 0x00000007c0000000| 41%|CA|  |TAMS 0x00000007bff00000, 0x00000007bff00000| Untracked 

Card table byte_map: [0x00007f4052ba5000,0x00007f4053350000] _byte_map_base: 0x00007f404f350000

Marking Bits (Prev, Next): (CMBitMap*) 0x00007f407007bb48, (CMBitMap*) 0x00007f407007bb80
 Prev Bits: [0x00007f404e6a2000, 0x00007f40523fa000)
 Next Bits: [0x00007f404a94a000, 0x00007f404e6a2000)

Polling page: 0x00007f4077df3000

Metaspace:

Usage:
  Non-class:      6.83 MB capacity,     6.32 MB ( 93%) used,   501.33 KB (  7%) free+waste,    18.25 KB ( <1%) overhead. 
      Class:    895.00 KB capacity,   809.12 KB ( 90%) used,    75.88 KB (  8%) free+waste,    10.00 KB (  1%) overhead. 
       Both:      7.70 MB capacity,     7.11 MB ( 92%) used,   577.20 KB (  7%) free+waste,    28.25 KB ( <1%) overhead. 

Virtual space:
  Non-class space:        8.00 MB reserved,       7.00 MB ( 88%) committed 
      Class space:        1.00 GB reserved,     896.00 KB ( <1%) committed 
             Both:        1.01 GB reserved,       7.88 MB ( <1%) committed 

Chunk freelists:
   Non-Class:  6.00 KB
       Class:  1.00 KB
        Both:  7.00 KB

MaxMetaspaceSize: unlimited
CompressedClassSpaceSize: 1.00 GB

CodeHeap 'non-profiled nmethods': size=120032Kb used=289Kb max_used=289Kb free=119742Kb
 bounds [0x00007f405ffca000, 0x00007f406023a000, 0x00007f4067502000]
CodeHeap 'profiled nmethods': size=120028Kb used=1833Kb max_used=1833Kb free=118194Kb
 bounds [0x00007f4058a93000, 0x00007f4058d03000, 0x00007f405ffca000]
CodeHeap 'non-nmethods': size=5700Kb used=1172Kb max_used=1187Kb free=4527Kb
 bounds [0x00007f4058502000, 0x00007f4058772000, 0x00007f4058a93000]
 total_blobs=1585 nmethods=946 adapters=343
 compilation: enabled
              stopped_count=0, restarted_count=0
 full_count=0

Compilation events (20 events):
Event: 0.515 Thread 0x00007f40701d6000  927       3       java.lang.ThreadLocal$ThreadLocalMap::getEntry (42 bytes)
Event: 0.516 Thread 0x00007f40701d6000 nmethod 927 0x00007f4058c54a90 code [0x00007f4058c54c60, 0x00007f4058c54fe8]
Event: 0.517 Thread 0x00007f40701d6000  928       3       java.lang.invoke.MethodTypeForm::pack (54 bytes)
Event: 0.517 Thread 0x00007f40701d6000 nmethod 928 0x00007f4058c55190 code [0x00007f4058c55340, 0x00007f4058c554b0]
Event: 0.517 Thread 0x00007f40701d3800 nmethod 924 0x00007f406000f210 code [0x00007f406000f3a0, 0x00007f406000f5d8]
Event: 0.518 Thread 0x00007f40701d6000  933       3       sun.invoke.util.VerifyAccess::isSamePackage (32 bytes)
Event: 0.519 Thread 0x00007f40701d6000 nmethod 933 0x00007f4058c55590 code [0x00007f4058c558a0, 0x00007f4058c56c88]
Event: 0.519 Thread 0x00007f40701d6000  934       3       java.lang.AbstractStringBuilder::append (33 bytes)
Event: 0.519 Thread 0x00007f40701d6000 nmethod 934 0x00007f4058c57290 code [0x00007f4058c57460, 0x00007f4058c576c8]
Event: 0.520 Thread 0x00007f40701d6000  937       3       java.lang.invoke.InvokerBytecodeGenerator::emitReferenceCast (185 bytes)
Event: 0.520 Thread 0x00007f40701d6000 nmethod 937 0x00007f4058c57810 code [0x00007f4058c57b00, 0x00007f4058c58b08]
Event: 0.520 Thread 0x00007f40701d6000  940       3       java.lang.invoke.LambdaForm::normalize (322 bytes)
Event: 0.522 Thread 0x00007f40701d6000 nmethod 940 0x00007f4058c59010 code [0x00007f4058c592e0, 0x00007f4058c5a778]
Event: 0.522 Thread 0x00007f40180eb800 nmethod 910 0x00007f4060010510 code [0x00007f4060010700, 0x00007f4060011518]
Event: 0.522 Thread 0x00007f40701d6000  941       3       java.lang.invoke.MethodType::insertParameterTypes (121 bytes)
Event: 0.523 Thread 0x00007f40701d6000 nmethod 941 0x00007f4058c5ae90 code [0x00007f4058c5b1a0, 0x00007f4058c5c0b8]
Event: 0.523 Thread 0x00007f40701d6000  943       3       java.lang.invoke.InnerClassLambdaMetafactory::getOpcodeOffset (38 bytes)
Event: 0.524 Thread 0x00007f40701d6000 nmethod 943 0x00007f4058c5c690 code [0x00007f4058c5c860, 0x00007f4058c5cb30]
Event: 7680.152 Thread 0x00007f40701d6000  946       3       java.lang.ref.ReferenceQueue::reallyPoll (65 bytes)
Event: 7680.152 Thread 0x00007f40701d6000 nmethod 946 0x00007f4058c5cc10 code [0x00007f4058c5ce00, 0x00007f4058c5d3b0]

GC Heap History (0 events):
No events

Deoptimization events (20 events):
Event: 0.272 Thread 0x00007f4070016000 Uncommon trap: trap_request=0xffffff4d fr.pc=0x00007f405ffca284 relative=0x00000000000000e4
Event: 0.272 Thread 0x00007f4070016000 Uncommon trap: reason=unstable_if action=reinterpret pc=0x00007f405ffca284 method=java.lang.String.isLatin1()Z @ 10 c2
Event: 0.272 Thread 0x00007f4070016000 DEOPT PACKING pc=0x00007f405ffca284 sp=0x00007f4077dc4be0
Event: 0.272 Thread 0x00007f4070016000 DEOPT UNPACKING pc=0x00007f405853b2a5 sp=0x00007f4077dc4b50 mode 2
Event: 0.288 Thread 0x00007f4070016000 DEOPT PACKING pc=0x00007f4058ab7212 sp=0x00007f4077dc1eb0
Event: 0.288 Thread 0x00007f4070016000 DEOPT UNPACKING pc=0x00007f405853b0ba sp=0x00007f4077dc1330 mode 0
Event: 0.341 Thread 0x00007f4070016000 DEOPT PACKING pc=0x00007f4058ae2392 sp=0x00007f4077dc46f0
Event: 0.341 Thread 0x00007f4070016000 DEOPT UNPACKING pc=0x00007f405853b0ba sp=0x00007f4077dc3b78 mode 0
Event: 0.359 Thread 0x00007f4070016000 Uncommon trap: trap_request=0xffffff4d fr.pc=0x00007f405ffdb868 relative=0x0000000000000228
Event: 0.359 Thread 0x00007f4070016000 Uncommon trap: reason=unstable_if action=reinterpret pc=0x00007f405ffdb868 method=java.lang.String.startsWith(Ljava/lang/String;I)Z @ 1 c2
Event: 0.359 Thread 0x00007f4070016000 DEOPT PACKING pc=0x00007f405ffdb868 sp=0x00007f4077dc2050
Event: 0.359 Thread 0x00007f4070016000 DEOPT UNPACKING pc=0x00007f405853b2a5 sp=0x00007f4077dc1ff0 mode 2
Event: 0.366 Thread 0x00007f4070016000 DEOPT PACKING pc=0x00007f4058bb946c sp=0x00007f4077dc4e50
Event: 0.366 Thread 0x00007f4070016000 DEOPT UNPACKING pc=0x00007f405853b0ba sp=0x00007f4077dc4340 mode 1
Event: 0.508 Thread 0x00007f4070016000 DEOPT PACKING pc=0x00007f4058b0de8a sp=0x00007f4077dc14d0
Event: 0.508 Thread 0x00007f4070016000 DEOPT UNPACKING pc=0x00007f405853b0ba sp=0x00007f4077dc0978 mode 0
Event: 0.512 Thread 0x00007f4070016000 DEOPT PACKING pc=0x00007f4058ab78ef sp=0x00007f4077dc3480
Event: 0.512 Thread 0x00007f4070016000 DEOPT UNPACKING pc=0x00007f405853b0ba sp=0x00007f4077dc2928 mode 0
Event: 0.515 Thread 0x00007f4070016000 DEOPT PACKING pc=0x00007f4058ab78ef sp=0x00007f4077dc34c0
Event: 0.515 Thread 0x00007f4070016000 DEOPT UNPACKING pc=0x00007f405853b0ba sp=0x00007f4077dc2980 mode 0

Classes redefined (20 events):
Event: 3705.445 Thread 0x00007f40701c7000 redefined class name=docker.com.docker.StartLinuxDocker, count=19
Event: 3714.982 Thread 0x00007f40701c7000 redefined class name=docker.com.docker.StartLinuxDocker, count=20
Event: 3868.699 Thread 0x00007f40701c7000 redefined class name=docker.com.docker.StartLinuxDocker, count=21
Event: 4076.775 Thread 0x00007f40701c7000 redefined class name=docker.com.docker.StartLinuxDocker, count=22
Event: 4101.321 Thread 0x00007f40701c7000 redefined class name=docker.com.docker.StartLinuxDocker, count=23
Event: 4116.949 Thread 0x00007f40701c7000 redefined class name=docker.com.docker.StartLinuxDocker, count=24
Event: 4165.952 Thread 0x00007f40701c7000 redefined class name=docker.com.docker.StartLinuxDocker, count=25
Event: 4182.879 Thread 0x00007f40701c7000 redefined class name=docker.com.docker.StartLinuxDocker, count=26
Event: 4186.896 Thread 0x00007f40701c7000 redefined class name=docker.com.docker.StartLinuxDocker, count=27
Event: 4458.071 Thread 0x00007f40701c7000 redefined class name=docker.com.docker.StartLinuxDocker, count=28
Event: 6650.397 Thread 0x00007f40701c7000 redefined class name=docker.com.docker.StartLinuxDocker, count=29
Event: 6656.387 Thread 0x00007f40701c7000 redefined class name=docker.com.docker.StartLinuxDocker, count=30
Event: 6820.544 Thread 0x00007f40701c7000 redefined class name=docker.com.docker.StartLinuxDocker, count=31
Event: 6848.988 Thread 0x00007f40701c7000 redefined class name=docker.com.docker.StartLinuxDocker, count=32
Event: 6857.367 Thread 0x00007f40701c7000 redefined class name=docker.com.docker.StartLinuxDocker, count=33
Event: 7273.583 Thread 0x00007f40701c7000 redefined class name=docker.com.docker.StartLinuxDocker, count=34
Event: 7335.697 Thread 0x00007f40701c7000 redefined class name=docker.com.docker.StartLinuxDocker, count=35
Event: 7456.739 Thread 0x00007f40701c7000 redefined class name=docker.com.docker.StartLinuxDocker, count=36
Event: 7458.834 Thread 0x00007f40701c7000 redefined class name=docker.com.docker.StartLinuxDocker, count=37
Event: 7590.271 Thread 0x00007f40701c7000 redefined class name=docker.com.docker.StartLinuxDocker, count=38

Internal exceptions (15 events):
Event: 0.248 Thread 0x00007f4070016000 Exception <a 'java/lang/NoSuchMethodError'{0x0000000719b52af0}: 'int java.lang.invoke.DirectMethodHandle$Holder.invokeStaticInit(java.lang.Object, java.lang.Object)'> (0x0000000719b52af0) thrown at [/build/openjdk-lts-iuKaMP/openjdk-lts-11.0.6+10/src/hots
Event: 0.314 Thread 0x00007f4070016000 Exception <a 'java/lang/NoSuchMethodError'{0x0000000719954088}: 'java.lang.Object java.lang.invoke.DirectMethodHandle$Holder.invokeStatic(java.lang.Object, java.lang.Object, java.lang.Object, java.lang.Object, java.lang.Object, java.lang.Object, java.lang
Event: 0.316 Thread 0x00007f4070016000 Exception <a 'java/lang/NoSuchMethodError'{0x0000000719961de8}: 'java.lang.Object java.lang.invoke.DirectMethodHandle$Holder.invokeStatic(java.lang.Object, java.lang.Object, java.lang.Object, java.lang.Object, java.lang.Object, java.lang.Object, java.lang
Event: 0.318 Thread 0x00007f4070016000 Exception <a 'java/lang/NoSuchMethodError'{0x0000000719970ee8}: 'java.lang.Object java.lang.invoke.DirectMethodHandle$Holder.invokeSpecial(java.lang.Object, java.lang.Object, int, int, java.lang.Object, java.lang.Object, java.lang.Object)'> (0x00000007199
Event: 0.318 Thread 0x00007f4070016000 Exception <a 'java/lang/NoSuchMethodError'{0x0000000719974478}: 'java.lang.Object java.lang.invoke.DelegatingMethodHandle$Holder.reinvoke_L(java.lang.Object, int, int, java.lang.Object, java.lang.Object, java.lang.Object)'> (0x0000000719974478) thrown at 
Event: 0.319 Thread 0x00007f4070016000 Exception <a 'java/lang/NoSuchMethodError'{0x0000000719978880}: 'java.lang.Object java.lang.invoke.DirectMethodHandle$Holder.invokeStatic(java.lang.Object, java.lang.Object, java.lang.Object, java.lang.Object, int)'> (0x0000000719978880) thrown at [/build
Event: 0.412 Thread 0x00007f4070016000 Exception <a 'java/lang/NoSuchMethodError'{0x0000000719529270}: 'int java.lang.invoke.DirectMethodHandle$Holder.invokeVirtual(java.lang.Object, java.lang.Object)'> (0x0000000719529270) thrown at [/build/openjdk-lts-iuKaMP/openjdk-lts-11.0.6+10/src/hotspot
Event: 0.420 Thread 0x00007f4070016000 Exception <a 'java/lang/NoSuchMethodError'{0x00000007195a0b40}: 'int java.lang.invoke.DirectMethodHandle$Holder.invokeStaticInit(java.lang.Object, java.lang.Object, java.lang.Object)'> (0x00000007195a0b40) thrown at [/build/openjdk-lts-iuKaMP/openjdk-lts-
Event: 0.449 Thread 0x00007f4070016000 Exception <a 'java/lang/NoSuchMethodError'{0x00000007194a74c0}: 'java.lang.Object java.lang.invoke.Invokers$Holder.linkToTargetMethod(java.lang.Object, java.lang.Object, java.lang.Object, java.lang.Object, java.lang.Object, java.lang.Object, java.lang.Obj
Event: 0.488 Thread 0x00007f4070016000 Exception <a 'java/lang/NoSuchMethodError'{0x0000000719273038}: 'void java.lang.invoke.DirectMethodHandle$Holder.invokeInterface(java.lang.Object, java.lang.Object)'> (0x0000000719273038) thrown at [/build/openjdk-lts-iuKaMP/openjdk-lts-11.0.6+10/src/hots
Event: 0.517 Thread 0x00007f4070016000 Exception <a 'java/lang/NoSuchMethodError'{0x00000007191fdd88}: 'java.lang.Object java.lang.invoke.DirectMethodHandle$Holder.invokeStaticInit(java.lang.Object, java.lang.Object, long, java.lang.Object)'> (0x00000007191fdd88) thrown at [/build/openjdk-lts-
Event: 0.518 Thread 0x00007f4070016000 Exception <a 'java/lang/NoSuchMethodError'{0x000000071900a560}: 'java.lang.Object java.lang.invoke.Invokers$Holder.linkToTargetMethod(java.lang.Object, long, java.lang.Object)'> (0x000000071900a560) thrown at [/build/openjdk-lts-iuKaMP/openjdk-lts-11.0.6+
Event: 0.520 Thread 0x00007f4070016000 Exception <a 'java/lang/NoSuchMethodError'{0x0000000719011a78}: 'java.lang.Object java.lang.invoke.DirectMethodHandle$Holder.invokeStatic(java.lang.Object, java.lang.Object, java.lang.Object, int)'> (0x0000000719011a78) thrown at [/build/openjdk-lts-iuKaM
Event: 0.520 Thread 0x00007f4070016000 Exception <a 'java/lang/NoSuchMethodError'{0x0000000719015390}: 'java.lang.Object java.lang.invoke.DirectMethodHandle$Holder.invokeSpecial(java.lang.Object, java.lang.Object, java.lang.Object, java.lang.Object, int)'> (0x0000000719015390) thrown at [/buil
Event: 0.520 Thread 0x00007f4070016000 Exception <a 'java/lang/NoSuchMethodError'{0x00000007190183f8}: 'java.lang.Object java.lang.invoke.Invokers$Holder.linkToTargetMethod(java.lang.Object, java.lang.Object, int, java.lang.Object)'> (0x00000007190183f8) thrown at [/build/openjdk-lts-iuKaMP/op

Events (20 events):
Event: 7458.838 Executing VM operation: ChangeBreakpoints
Event: 7458.839 Executing VM operation: ChangeBreakpoints done
Event: 7590.268 Executing VM operation: RedefineClasses
Event: 7590.272 Executing VM operation: RedefineClasses done
Event: 7590.276 Executing VM operation: ChangeBreakpoints
Event: 7590.277 Executing VM operation: ChangeBreakpoints done
Event: 7710.957 Executing VM operation: RevokeBias
Event: 7710.960 Executing coalesced safepoint VM operation: RevokeBias
Event: 7710.960 Executing coalesced safepoint VM operation: RevokeBias done
Event: 7710.960 Executing VM operation: RevokeBias done
Event: 7710.960 Executing VM operation: RevokeBias
Event: 7710.960 Executing VM operation: RevokeBias done
Event: 7710.961 Thread 0x00007f40705cb800 Thread exited: 0x00007f40705cb800
Event: 7710.961 Thread 0x00007f40705cc800 Thread exited: 0x00007f40705cc800
Event: 7710.961 Executing VM operation: RevokeBias
Event: 7710.961 Executing coalesced safepoint VM operation: RevokeBias
Event: 7710.961 Executing coalesced safepoint VM operation: RevokeBias done
Event: 7710.961 Executing VM operation: RevokeBias done
Event: 7710.961 loading class java/lang/ProcessBuilder$NullInputStream
Event: 7710.961 loading class java/lang/ProcessBuilder$NullInputStream done


Dynamic libraries:
70aa00000-71a000000 rw-p 00000000 00:00 0 
71a000000-7bfe00000 ---p 00000000 00:00 0 
7bfe00000-7bfe47000 rw-p 01105000 fd:01 12059979                         /usr/lib/jvm/java-11-openjdk-amd64/lib/server/classes.jsa
7bfe47000-7bff00000 rw-p 00000000 00:00 0 
7bff00000-7bff6a000 rw-p 0109b000 fd:01 12059979                         /usr/lib/jvm/java-11-openjdk-amd64/lib/server/classes.jsa
7bff6a000-7c0000000 rw-p 00000000 00:00 0 
7c0000000-800000000 ---p 00000000 00:00 0 
800000000-800002000 rwxp 00001000 fd:01 12059979                         /usr/lib/jvm/java-11-openjdk-amd64/lib/server/classes.jsa
800002000-80109a000 rw-p 00003000 fd:01 12059979                         /usr/lib/jvm/java-11-openjdk-amd64/lib/server/classes.jsa
840000000-8400e0000 rw-p 00000000 00:00 0 
8400e0000-880000000 ---p 00000000 00:00 0 
55ee21c4f000-55ee21c50000 r-xp 00000000 fd:01 11141522                   /usr/lib/jvm/java-11-openjdk-amd64/bin/java
55ee21e50000-55ee21e51000 r--p 00001000 fd:01 11141522                   /usr/lib/jvm/java-11-openjdk-amd64/bin/java
55ee21e51000-55ee21e52000 rw-p 00002000 fd:01 11141522                   /usr/lib/jvm/java-11-openjdk-amd64/bin/java
55ee23b21000-55ee23b42000 rw-p 00000000 00:00 0                          [heap]
7f3fe8000000-7f3fe8021000 rw-p 00000000 00:00 0 
7f3fe8021000-7f3fec000000 ---p 00000000 00:00 0 
7f3ff0000000-7f3ff0021000 rw-p 00000000 00:00 0 
7f3ff0021000-7f3ff4000000 ---p 00000000 00:00 0 
7f3ff4000000-7f3ff4021000 rw-p 00000000 00:00 0 
7f3ff4021000-7f3ff8000000 ---p 00000000 00:00 0 
7f3ff8000000-7f3ff82ff000 rw-p 00000000 00:00 0 
7f3ff82ff000-7f3ffc000000 ---p 00000000 00:00 0 
7f3ffc000000-7f3ffc021000 rw-p 00000000 00:00 0 
7f3ffc021000-7f4000000000 ---p 00000000 00:00 0 
7f4000000000-7f4000021000 rw-p 00000000 00:00 0 
7f4000021000-7f4004000000 ---p 00000000 00:00 0 
7f4004000000-7f4004021000 rw-p 00000000 00:00 0 
7f4004021000-7f4008000000 ---p 00000000 00:00 0 
7f4008000000-7f4008021000 rw-p 00000000 00:00 0 
7f4008021000-7f400c000000 ---p 00000000 00:00 0 
7f400c000000-7f400c021000 rw-p 00000000 00:00 0 
7f400c021000-7f4010000000 ---p 00000000 00:00 0 
7f4010000000-7f40100a2000 rw-p 00000000 00:00 0 
7f40100a2000-7f4014000000 ---p 00000000 00:00 0 
7f4014000000-7f4014021000 rw-p 00000000 00:00 0 
7f4014021000-7f4018000000 ---p 00000000 00:00 0 
7f4018000000-7f4018319000 rw-p 00000000 00:00 0 
7f4018319000-7f401c000000 ---p 00000000 00:00 0 
7f401c000000-7f401c021000 rw-p 00000000 00:00 0 
7f401c021000-7f4020000000 ---p 00000000 00:00 0 
7f4020000000-7f4020021000 rw-p 00000000 00:00 0 
7f4020021000-7f4024000000 ---p 00000000 00:00 0 
7f4024000000-7f40242f5000 rw-p 00000000 00:00 0 
7f40242f5000-7f4028000000 ---p 00000000 00:00 0 
7f4028000000-7f4028021000 rw-p 00000000 00:00 0 
7f4028021000-7f402c000000 ---p 00000000 00:00 0 
7f402c000000-7f402c021000 rw-p 00000000 00:00 0 
7f402c021000-7f4030000000 ---p 00000000 00:00 0 
7f4030000000-7f4030021000 rw-p 00000000 00:00 0 
7f4030021000-7f4034000000 ---p 00000000 00:00 0 
7f4034000000-7f4034021000 rw-p 00000000 00:00 0 
7f4034021000-7f4038000000 ---p 00000000 00:00 0 
7f4038000000-7f4038021000 rw-p 00000000 00:00 0 
7f4038021000-7f403c000000 ---p 00000000 00:00 0 
7f403c000000-7f403c021000 rw-p 00000000 00:00 0 
7f403c021000-7f4040000000 ---p 00000000 00:00 0 
7f4041066000-7f404106a000 ---p 00000000 00:00 0 
7f404106a000-7f4041167000 rw-p 00000000 00:00 0 
7f4041167000-7f404116b000 ---p 00000000 00:00 0 
7f404116b000-7f4041268000 rw-p 00000000 00:00 0 
7f4041268000-7f404126c000 ---p 00000000 00:00 0 
7f404126c000-7f4041369000 rw-p 00000000 00:00 0 
7f4041369000-7f404136b000 r-xp 00000000 fd:01 12067828                   /usr/lib/jvm/java-11-openjdk-amd64/lib/libextnet.so
7f404136b000-7f404156a000 ---p 00002000 fd:01 12067828                   /usr/lib/jvm/java-11-openjdk-amd64/lib/libextnet.so
7f404156a000-7f404156b000 r--p 00001000 fd:01 12067828                   /usr/lib/jvm/java-11-openjdk-amd64/lib/libextnet.so
7f404156b000-7f404156c000 rw-p 00002000 fd:01 12067828                   /usr/lib/jvm/java-11-openjdk-amd64/lib/libextnet.so
7f404156c000-7f4041570000 ---p 00000000 00:00 0 
7f4041570000-7f404166d000 rw-p 00000000 00:00 0 
7f404166d000-7f4041683000 r-xp 00000000 fd:01 12067847                   /usr/lib/jvm/java-11-openjdk-amd64/lib/libnet.so
7f4041683000-7f4041882000 ---p 00016000 fd:01 12067847                   /usr/lib/jvm/java-11-openjdk-amd64/lib/libnet.so
7f4041882000-7f4041883000 r--p 00015000 fd:01 12067847                   /usr/lib/jvm/java-11-openjdk-amd64/lib/libnet.so
7f4041883000-7f4041884000 rw-p 00016000 fd:01 12067847                   /usr/lib/jvm/java-11-openjdk-amd64/lib/libnet.so
7f4041884000-7f4041894000 r-xp 00000000 fd:01 12067848                   /usr/lib/jvm/java-11-openjdk-amd64/lib/libnio.so
7f4041894000-7f4041a93000 ---p 00010000 fd:01 12067848                   /usr/lib/jvm/java-11-openjdk-amd64/lib/libnio.so
7f4041a93000-7f4041a94000 r--p 0000f000 fd:01 12067848                   /usr/lib/jvm/java-11-openjdk-amd64/lib/libnio.so
7f4041a94000-7f4041a95000 rw-p 00010000 fd:01 12067848                   /usr/lib/jvm/java-11-openjdk-amd64/lib/libnio.so
7f4041a95000-7f4041a99000 ---p 00000000 00:00 0 
7f4041a99000-7f4041b96000 rw-p 00000000 00:00 0 
7f4041b96000-7f4041b97000 ---p 00000000 00:00 0 
7f4041b97000-7f4041c98000 rw-p 00000000 00:00 0 
7f4041c98000-7f4041c9c000 ---p 00000000 00:00 0 
7f4041c9c000-7f4041d99000 rw-p 00000000 00:00 0 
7f4041d99000-7f4041d9d000 ---p 00000000 00:00 0 
7f4041d9d000-7f4041e9a000 rw-p 00000000 00:00 0 
7f4041e9a000-7f4041e9e000 ---p 00000000 00:00 0 
7f4041e9e000-7f4041f9b000 rw-p 00000000 00:00 0 
7f4041f9b000-7f4041f9f000 ---p 00000000 00:00 0 
7f4041f9f000-7f404209c000 rw-p 00000000 00:00 0 
7f404209c000-7f40420a0000 r-xp 00000000 fd:01 12067827                   /usr/lib/jvm/java-11-openjdk-amd64/lib/libdt_socket.so
7f40420a0000-7f40422a0000 ---p 00004000 fd:01 12067827                   /usr/lib/jvm/java-11-openjdk-amd64/lib/libdt_socket.so
7f40422a0000-7f40422a1000 r--p 00004000 fd:01 12067827                   /usr/lib/jvm/java-11-openjdk-amd64/lib/libdt_socket.so
7f40422a1000-7f40422a2000 rw-p 00005000 fd:01 12067827                   /usr/lib/jvm/java-11-openjdk-amd64/lib/libdt_socket.so
7f40422a2000-7f40422a6000 ---p 00000000 00:00 0 
7f40422a6000-7f40423a3000 rw-p 00000000 00:00 0 
7f40423a3000-7f40423a7000 ---p 00000000 00:00 0 
7f40423a7000-7f40424a4000 rw-p 00000000 00:00 0 
7f40424a4000-7f40424a8000 ---p 00000000 00:00 0 
7f40424a8000-7f40425a5000 rw-p 00000000 00:00 0 
7f40425a5000-7f40425a9000 ---p 00000000 00:00 0 
7f40425a9000-7f40426a6000 rw-p 00000000 00:00 0 
7f40426a6000-7f4043075000 r--p 00000000 fd:01 11016805                   /usr/lib/locale/locale-archive
7f4043075000-7f4043079000 ---p 00000000 00:00 0 
7f4043079000-7f4043176000 rw-p 00000000 00:00 0 
7f4043176000-7f404317a000 ---p 00000000 00:00 0 
7f404317a000-7f4043277000 rw-p 00000000 00:00 0 
7f4043277000-7f4043278000 ---p 00000000 00:00 0 
7f4043278000-7f4043afa000 rw-p 00000000 00:00 0 
7f4043afa000-7f4043bfa000 ---p 00000000 00:00 0 
7f4043bfa000-7f4043bfb000 ---p 00000000 00:00 0 
7f4043bfb000-7f4043cfc000 rw-p 00000000 00:00 0 
7f4043cfc000-7f4043cfd000 ---p 00000000 00:00 0 
7f4043cfd000-7f4044000000 rw-p 00000000 00:00 0 
7f4044000000-7f4044021000 rw-p 00000000 00:00 0 
7f4044021000-7f4048000000 ---p 00000000 00:00 0 
7f4048042000-7f404a648000 rw-p 00000000 00:00 0 
7f404a648000-7f404a649000 ---p 00000000 00:00 0 
7f404a649000-7f404a74a000 rw-p 00000000 00:00 0 
7f404a74a000-7f404a74b000 ---p 00000000 00:00 0 
7f404a74b000-7f404ad22000 rw-p 00000000 00:00 0 
7f404ad22000-7f404d69a000 ---p 00000000 00:00 0 
7f404d69a000-7f404d6a2000 rw-p 00000000 00:00 0 
7f404d6a2000-7f404e6a2000 ---p 00000000 00:00 0 
7f404e6a2000-7f404ea7a000 rw-p 00000000 00:00 0 
7f404ea7a000-7f40513f2000 ---p 00000000 00:00 0 
7f40513f2000-7f40513fa000 rw-p 00000000 00:00 0 
7f40513fa000-7f40523fa000 ---p 00000000 00:00 0 
7f40523fa000-7f4052475000 rw-p 00000000 00:00 0 
7f4052475000-7f40529a4000 ---p 00000000 00:00 0 
7f40529a4000-7f40529a5000 rw-p 00000000 00:00 0 
7f40529a5000-7f4052ba5000 ---p 00000000 00:00 0 
7f4052ba5000-7f4052c20000 rw-p 00000000 00:00 0 
7f4052c20000-7f405314f000 ---p 00000000 00:00 0 
7f405314f000-7f4053150000 rw-p 00000000 00:00 0 
7f4053150000-7f4053350000 ---p 00000000 00:00 0 
7f4053350000-7f40533cb000 rw-p 00000000 00:00 0 
7f40533cb000-7f40538fa000 ---p 00000000 00:00 0 
7f40538fa000-7f40538fb000 rw-p 00000000 00:00 0 
7f40538fb000-7f4053afb000 ---p 00000000 00:00 0 
7f4053afb000-7f4054000000 rw-p 00000000 00:00 0 
7f4054000000-7f4054021000 rw-p 00000000 00:00 0 
7f4054021000-7f4058000000 ---p 00000000 00:00 0 
7f4058012000-7f4058315000 rw-p 00000000 00:00 0 
7f4058315000-7f4058316000 ---p 00000000 00:00 0 
7f4058316000-7f405841c000 rw-p 00000000 00:00 0 
7f405841c000-7f4058502000 ---p 00000000 00:00 0 
7f4058502000-7f4058772000 rwxp 00000000 00:00 0 
7f4058772000-7f4058a93000 ---p 00000000 00:00 0 
7f4058a93000-7f4058d03000 rwxp 00000000 00:00 0 
7f4058d03000-7f405ffca000 ---p 00000000 00:00 0 
7f405ffca000-7f406023a000 rwxp 00000000 00:00 0 
7f406023a000-7f4067502000 ---p 00000000 00:00 0 
7f4067502000-7f406fbf2000 r--s 00000000 fd:01 12067857                   /usr/lib/jvm/java-11-openjdk-amd64/lib/modules
7f406fbf2000-7f406fbf7000 r-xp 00000000 fd:01 12067839                   /usr/lib/jvm/java-11-openjdk-amd64/lib/libjimage.so
7f406fbf7000-7f406fdf6000 ---p 00005000 fd:01 12067839                   /usr/lib/jvm/java-11-openjdk-amd64/lib/libjimage.so
7f406fdf6000-7f406fdf7000 r--p 00004000 fd:01 12067839                   /usr/lib/jvm/java-11-openjdk-amd64/lib/libjimage.so
7f406fdf7000-7f406fdf8000 rw-p 00005000 fd:01 12067839                   /usr/lib/jvm/java-11-openjdk-amd64/lib/libjimage.so
7f406fdf8000-7f406fdff000 r-xp 00000000 fd:01 12067856                   /usr/lib/jvm/java-11-openjdk-amd64/lib/libzip.so
7f406fdff000-7f406fffe000 ---p 00007000 fd:01 12067856                   /usr/lib/jvm/java-11-openjdk-amd64/lib/libzip.so
7f406fffe000-7f406ffff000 r--p 00006000 fd:01 12067856                   /usr/lib/jvm/java-11-openjdk-amd64/lib/libzip.so
7f406ffff000-7f4070000000 rw-p 00007000 fd:01 12067856                   /usr/lib/jvm/java-11-openjdk-amd64/lib/libzip.so
7f4070000000-7f40705d9000 rw-p 00000000 00:00 0 
7f40705d9000-7f4074000000 ---p 00000000 00:00 0 
7f407402c000-7f4074030000 ---p 00000000 00:00 0 
7f4074030000-7f4074084000 rw-p 00000000 00:00 0 
7f4074084000-7f407416a000 ---p 00000000 00:00 0 
7f407416a000-7f4074175000 r-xp 00000000 fd:01 6427711                    /lib/x86_64-linux-gnu/libnss_files-2.27.so
7f4074175000-7f4074374000 ---p 0000b000 fd:01 6427711                    /lib/x86_64-linux-gnu/libnss_files-2.27.so
7f4074374000-7f4074375000 r--p 0000a000 fd:01 6427711                    /lib/x86_64-linux-gnu/libnss_files-2.27.so
7f4074375000-7f4074376000 rw-p 0000b000 fd:01 6427711                    /lib/x86_64-linux-gnu/libnss_files-2.27.so
7f4074376000-7f407437c000 rw-p 00000000 00:00 0 
7f407437c000-7f4074393000 r-xp 00000000 fd:01 6427705                    /lib/x86_64-linux-gnu/libnsl-2.27.so
7f4074393000-7f4074592000 ---p 00017000 fd:01 6427705                    /lib/x86_64-linux-gnu/libnsl-2.27.so
7f4074592000-7f4074593000 r--p 00016000 fd:01 6427705                    /lib/x86_64-linux-gnu/libnsl-2.27.so
7f4074593000-7f4074594000 rw-p 00017000 fd:01 6427705                    /lib/x86_64-linux-gnu/libnsl-2.27.so
7f4074594000-7f4074596000 rw-p 00000000 00:00 0 
7f4074596000-7f40745a1000 r-xp 00000000 fd:01 6427722                    /lib/x86_64-linux-gnu/libnss_nis-2.27.so
7f40745a1000-7f40747a0000 ---p 0000b000 fd:01 6427722                    /lib/x86_64-linux-gnu/libnss_nis-2.27.so
7f40747a0000-7f40747a1000 r--p 0000a000 fd:01 6427722                    /lib/x86_64-linux-gnu/libnss_nis-2.27.so
7f40747a1000-7f40747a2000 rw-p 0000b000 fd:01 6427722                    /lib/x86_64-linux-gnu/libnss_nis-2.27.so
7f40747a2000-7f40747aa000 r-xp 00000000 fd:01 6427707                    /lib/x86_64-linux-gnu/libnss_compat-2.27.so
7f40747aa000-7f40749aa000 ---p 00008000 fd:01 6427707                    /lib/x86_64-linux-gnu/libnss_compat-2.27.so
7f40749aa000-7f40749ab000 r--p 00008000 fd:01 6427707                    /lib/x86_64-linux-gnu/libnss_compat-2.27.so
7f40749ab000-7f40749ac000 rw-p 00009000 fd:01 6427707                    /lib/x86_64-linux-gnu/libnss_compat-2.27.so
7f40749ac000-7f40749e7000 r-xp 00000000 fd:01 12067838                   /usr/lib/jvm/java-11-openjdk-amd64/lib/libjdwp.so
7f40749e7000-7f4074be6000 ---p 0003b000 fd:01 12067838                   /usr/lib/jvm/java-11-openjdk-amd64/lib/libjdwp.so
7f4074be6000-7f4074be7000 r--p 0003a000 fd:01 12067838                   /usr/lib/jvm/java-11-openjdk-amd64/lib/libjdwp.so
7f4074be7000-7f4074be8000 rw-p 0003b000 fd:01 12067838                   /usr/lib/jvm/java-11-openjdk-amd64/lib/libjdwp.so
7f4074be8000-7f4074c11000 r-xp 00000000 fd:01 12067835                   /usr/lib/jvm/java-11-openjdk-amd64/lib/libjava.so
7f4074c11000-7f4074e10000 ---p 00029000 fd:01 12067835                   /usr/lib/jvm/java-11-openjdk-amd64/lib/libjava.so
7f4074e10000-7f4074e11000 r--p 00028000 fd:01 12067835                   /usr/lib/jvm/java-11-openjdk-amd64/lib/libjava.so
7f4074e11000-7f4074e13000 rw-p 00029000 fd:01 12067835                   /usr/lib/jvm/java-11-openjdk-amd64/lib/libjava.so
7f4074e13000-7f4074e20000 r-xp 00000000 fd:01 12067855                   /usr/lib/jvm/java-11-openjdk-amd64/lib/libverify.so
7f4074e20000-7f407501f000 ---p 0000d000 fd:01 12067855                   /usr/lib/jvm/java-11-openjdk-amd64/lib/libverify.so
7f407501f000-7f4075021000 r--p 0000c000 fd:01 12067855                   /usr/lib/jvm/java-11-openjdk-amd64/lib/libverify.so
7f4075021000-7f4075022000 rw-p 0000e000 fd:01 12067855                   /usr/lib/jvm/java-11-openjdk-amd64/lib/libverify.so
7f4075022000-7f4075029000 r-xp 00000000 fd:01 6427762                    /lib/x86_64-linux-gnu/librt-2.27.so
7f4075029000-7f4075228000 ---p 00007000 fd:01 6427762                    /lib/x86_64-linux-gnu/librt-2.27.so
7f4075228000-7f4075229000 r--p 00006000 fd:01 6427762                    /lib/x86_64-linux-gnu/librt-2.27.so
7f4075229000-7f407522a000 rw-p 00007000 fd:01 6427762                    /lib/x86_64-linux-gnu/librt-2.27.so
7f407522a000-7f4075241000 r-xp 00000000 fd:01 6427658                    /lib/x86_64-linux-gnu/libgcc_s.so.1
7f4075241000-7f4075440000 ---p 00017000 fd:01 6427658                    /lib/x86_64-linux-gnu/libgcc_s.so.1
7f4075440000-7f4075441000 r--p 00016000 fd:01 6427658                    /lib/x86_64-linux-gnu/libgcc_s.so.1
7f4075441000-7f4075442000 rw-p 00017000 fd:01 6427658                    /lib/x86_64-linux-gnu/libgcc_s.so.1
7f4075442000-7f40755df000 r-xp 00000000 fd:01 6427684                    /lib/x86_64-linux-gnu/libm-2.27.so
7f40755df000-7f40757de000 ---p 0019d000 fd:01 6427684                    /lib/x86_64-linux-gnu/libm-2.27.so
7f40757de000-7f40757df000 r--p 0019c000 fd:01 6427684                    /lib/x86_64-linux-gnu/libm-2.27.so
7f40757df000-7f40757e0000 rw-p 0019d000 fd:01 6427684                    /lib/x86_64-linux-gnu/libm-2.27.so
7f40757e0000-7f4075959000 r-xp 00000000 fd:01 11018864                   /usr/lib/x86_64-linux-gnu/libstdc++.so.6.0.25
7f4075959000-7f4075b59000 ---p 00179000 fd:01 11018864                   /usr/lib/x86_64-linux-gnu/libstdc++.so.6.0.25
7f4075b59000-7f4075b63000 r--p 00179000 fd:01 11018864                   /usr/lib/x86_64-linux-gnu/libstdc++.so.6.0.25
7f4075b63000-7f4075b65000 rw-p 00183000 fd:01 11018864                   /usr/lib/x86_64-linux-gnu/libstdc++.so.6.0.25
7f4075b65000-7f4075b69000 rw-p 00000000 00:00 0 
7f4075b69000-7f4076c42000 r-xp 00000000 fd:01 12067861                   /usr/lib/jvm/java-11-openjdk-amd64/lib/server/libjvm.so
7f4076c42000-7f4076e41000 ---p 010d9000 fd:01 12067861                   /usr/lib/jvm/java-11-openjdk-amd64/lib/server/libjvm.so
7f4076e41000-7f4076efe000 r--p 010d8000 fd:01 12067861                   /usr/lib/jvm/java-11-openjdk-amd64/lib/server/libjvm.so
7f4076efe000-7f4076f38000 rw-p 01195000 fd:01 12067861                   /usr/lib/jvm/java-11-openjdk-amd64/lib/server/libjvm.so
7f4076f38000-7f4076f8e000 rw-p 00000000 00:00 0 
7f4076f8e000-7f4076fa8000 r-xp 00000000 fd:01 6427754                    /lib/x86_64-linux-gnu/libpthread-2.27.so
7f4076fa8000-7f40771a7000 ---p 0001a000 fd:01 6427754                    /lib/x86_64-linux-gnu/libpthread-2.27.so
7f40771a7000-7f40771a8000 r--p 00019000 fd:01 6427754                    /lib/x86_64-linux-gnu/libpthread-2.27.so
7f40771a8000-7f40771a9000 rw-p 0001a000 fd:01 6427754                    /lib/x86_64-linux-gnu/libpthread-2.27.so
7f40771a9000-7f40771ad000 rw-p 00000000 00:00 0 
7f40771ad000-7f40771b0000 r-xp 00000000 fd:01 6427644                    /lib/x86_64-linux-gnu/libdl-2.27.so
7f40771b0000-7f40773af000 ---p 00003000 fd:01 6427644                    /lib/x86_64-linux-gnu/libdl-2.27.so
7f40773af000-7f40773b0000 r--p 00002000 fd:01 6427644                    /lib/x86_64-linux-gnu/libdl-2.27.so
7f40773b0000-7f40773b1000 rw-p 00003000 fd:01 6427644                    /lib/x86_64-linux-gnu/libdl-2.27.so
7f40773b1000-7f40773cd000 r-xp 00000000 fd:01 6427793                    /lib/x86_64-linux-gnu/libz.so.1.2.11
7f40773cd000-7f40775cc000 ---p 0001c000 fd:01 6427793                    /lib/x86_64-linux-gnu/libz.so.1.2.11
7f40775cc000-7f40775cd000 r--p 0001b000 fd:01 6427793                    /lib/x86_64-linux-gnu/libz.so.1.2.11
7f40775cd000-7f40775ce000 rw-p 0001c000 fd:01 6427793                    /lib/x86_64-linux-gnu/libz.so.1.2.11
7f40775ce000-7f40777b5000 r-xp 00000000 fd:01 6427621                    /lib/x86_64-linux-gnu/libc-2.27.so
7f40777b5000-7f40779b5000 ---p 001e7000 fd:01 6427621                    /lib/x86_64-linux-gnu/libc-2.27.so
7f40779b5000-7f40779b9000 r--p 001e7000 fd:01 6427621                    /lib/x86_64-linux-gnu/libc-2.27.so
7f40779b9000-7f40779bb000 rw-p 001eb000 fd:01 6427621                    /lib/x86_64-linux-gnu/libc-2.27.so
7f40779bb000-7f40779bf000 rw-p 00000000 00:00 0 
7f40779bf000-7f40779cf000 r-xp 00000000 fd:01 12060004                   /usr/lib/jvm/java-11-openjdk-amd64/lib/jli/libjli.so
7f40779cf000-7f4077bce000 ---p 00010000 fd:01 12060004                   /usr/lib/jvm/java-11-openjdk-amd64/lib/jli/libjli.so
7f4077bce000-7f4077bcf000 r--p 0000f000 fd:01 12060004                   /usr/lib/jvm/java-11-openjdk-amd64/lib/jli/libjli.so
7f4077bcf000-7f4077bd0000 rw-p 00010000 fd:01 12060004                   /usr/lib/jvm/java-11-openjdk-amd64/lib/jli/libjli.so
7f4077bd0000-7f4077bf7000 r-xp 00000000 fd:01 6427593                    /lib/x86_64-linux-gnu/ld-2.27.so
7f4077c01000-7f4077cc6000 rw-p 00000000 00:00 0 
7f4077cc6000-7f4077cca000 ---p 00000000 00:00 0 
7f4077cca000-7f4077dc9000 rw-p 00000000 00:00 0 
7f4077dd6000-7f4077ddd000 r--s 00000000 fd:01 11275254                   /usr/lib/x86_64-linux-gnu/gconv/gconv-modules.cache
7f4077ddd000-7f4077de2000 rw-p 00000000 00:00 0 
7f4077de2000-7f4077de9000 ---p 00000000 00:00 0 
7f4077de9000-7f4077deb000 r--s 00007000 fd:01 11407959                   /usr/share/java/java-atk-wrapper.jar
7f4077deb000-7f4077df3000 rw-s 00000000 fd:01 4196531                    /tmp/hsperfdata_gslab/7474
7f4077df3000-7f4077df4000 ---p 00000000 00:00 0 
7f4077df4000-7f4077df5000 r--p 00000000 00:00 0 
7f4077df5000-7f4077df7000 rw-p 00000000 00:00 0 
7f4077df7000-7f4077df8000 r--p 00027000 fd:01 6427593                    /lib/x86_64-linux-gnu/ld-2.27.so
7f4077df8000-7f4077df9000 rw-p 00028000 fd:01 6427593                    /lib/x86_64-linux-gnu/ld-2.27.so
7f4077df9000-7f4077dfa000 rw-p 00000000 00:00 0 
7fff63777000-7fff63799000 rw-p 00000000 00:00 0                          [stack]
7fff637ba000-7fff637bd000 r--p 00000000 00:00 0                          [vvar]
7fff637bd000-7fff637be000 r-xp 00000000 00:00 0                          [vdso]
ffffffffff600000-ffffffffff601000 --xp 00000000 00:00 0                  [vsyscall]


VM Arguments:
jvm_args: -agentlib:jdwp=transport=dt_socket,suspend=y,address=localhost:35049 -ea -Dfile.encoding=UTF-8 
java_command: org.testng.remote.RemoteTestNG -serport 42689 -protocol json -d /home/gslab/Desktop/Files/com.docker/test-output /tmp/testng-eclipse--1832411639/testng-customsuite.xml
java_class_path (initial): /home/gslab/eclipse/java-2019-09/eclipse/configuration/org.eclipse.osgi/526/0/.cp/lib/testng-remote.jar:/home/gslab/Desktop/Files/com.docker/target/test-classes:/home/gslab/Desktop/Files/com.docker/target/classes:/home/gslab/.p2/pool/plugins/org.testng_7.0.0.r201908191551.jar:/home/gslab/.p2/pool/plugins/com.beust.jcommander_1.72.0.jar:/home/gslab/.p2/pool/plugins/org.apache-extras.beanshell.bsh_2.0.0.b6.jar:/home/gslab/.p2/pool/plugins/org.yaml.snakeyaml_1.21.0.jar:/home/gslab/.m2/repository/junit/junit/3.8.1/junit-3.8.1.jar:/home/gslab/.m2/repository/org/seleniumhq/selenium/selenium-java/3.141.59/selenium-java-3.141.59.jar:/home/gslab/.m2/repository/org/seleniumhq/selenium/selenium-api/3.141.59/selenium-api-3.141.59.jar:/home/gslab/.m2/repository/org/seleniumhq/selenium/selenium-chrome-driver/3.141.59/selenium-chrome-driver-3.141.59.jar:/home/gslab/.m2/repository/org/seleniumhq/selenium/selenium-edge-driver/3.141.59/selenium-edge-driver-3.141.59.jar:/home/gslab/.m2/repository/org/seleniumhq/selenium/selenium-firefox-driver/3.141.59/selenium-firefox-driver-3.141.59.jar:/home/gslab/.m2/repository/org/seleniumhq/selenium/selenium-ie-driver/3.141.59/selenium-ie-driver-3.141.59.jar:/home/gslab/.m2/repository/org/seleniumhq/selenium/selenium-opera-driver/3.141.59/selenium-opera-driver-3.141.59.jar:/home/gslab/.m2/repository/org/seleniumhq/selenium/selenium-remote-driver/3.141.59/selenium-remote-driver-3.141.59.jar:/home/gslab/.m2/repository/org/seleniumhq/selenium/selenium-safari-driver/3.141.59/selenium-safari-driver-3.141.59.jar:/home/gslab/.m2/repository/org/seleniumhq/selenium/selenium-support/3.141.59/selenium-support-3.141.59.jar:/home/gslab/.m2/repository/net/bytebuddy/byte-buddy/1.8.15/byte-buddy-1.8.15.jar:/home/gslab/.m2/repository/org/apache/commons/commons-exec/1.3/commons-exec-1.3.jar:/home/gslab/.m2/repository/com/google/guava/guava/25.0-jre/guava-25.0-jre.jar:/home/gslab/.m2/repository/com/google/code/findbugs/jsr305/1.3.9/jsr
Launcher Type: SUN_STANDARD

[Global flags]
     intx CICompilerCount                          = 4                                         {product} {ergonomic}
     uint ConcGCThreads                            = 2                                         {product} {ergonomic}
     uint G1ConcRefinementThreads                  = 8                                         {product} {ergonomic}
   size_t G1HeapRegionSize                         = 1048576                                   {product} {ergonomic}
    uintx GCDrainStackTargetSize                   = 64                                        {product} {ergonomic}
   size_t InitialHeapSize                          = 257949696                                 {product} {ergonomic}
   size_t MarkStackSize                            = 4194304                                   {product} {ergonomic}
   size_t MaxHeapSize                              = 4116709376                                {product} {ergonomic}
   size_t MaxNewSize                               = 2469396480                                {product} {ergonomic}
   size_t MinHeapDeltaBytes                        = 1048576                                   {product} {ergonomic}
    uintx NonNMethodCodeHeapSize                   = 5836300                                {pd product} {ergonomic}
    uintx NonProfiledCodeHeapSize                  = 122910970                              {pd product} {ergonomic}
    uintx ProfiledCodeHeapSize                     = 122910970                              {pd product} {ergonomic}
    uintx ReservedCodeCacheSize                    = 251658240                              {pd product} {ergonomic}
     bool SegmentedCodeCache                       = true                                      {product} {ergonomic}
     bool UseCompressedClassPointers               = true                                 {lp64_product} {ergonomic}
     bool UseCompressedOops                        = true                                 {lp64_product} {ergonomic}
     bool UseG1GC                                  = true                                      {product} {ergonomic}

Logging:
Log output configuration:
 #0: stdout all=warning uptime,level,tags
 #1: stderr all=off uptime,level,tags

Environment Variables:
PATH=/home/gslab/.local/share/umake/bin:/home/gslab/.local/bin:/usr/local/sbin:/usr/local/bin:/usr/sbin:/usr/bin:/sbin:/bin:/usr/games:/usr/local/games:/MAVEN_HOME/bin:/snap/bin
USERNAME=gslab
SHELL=/bin/bash
DISPLAY=:0

Signal Handlers:
SIGSEGV: [libjvm.so+0xdf1470], sa_mask[0]=11111111011111111101111111111110, sa_flags=SA_RESTART|SA_SIGINFO
SIGBUS: [libjvm.so+0xdf1470], sa_mask[0]=11111111011111111101111111111110, sa_flags=SA_RESTART|SA_SIGINFO
SIGFPE: [libjvm.so+0xdf1470], sa_mask[0]=11111111011111111101111111111110, sa_flags=SA_RESTART|SA_SIGINFO
SIGPIPE: [libjvm.so+0xbc5560], sa_mask[0]=11111111011111111101111111111110, sa_flags=SA_RESTART|SA_SIGINFO
SIGXFSZ: [libjvm.so+0xbc5560], sa_mask[0]=11111111011111111101111111111110, sa_flags=SA_RESTART|SA_SIGINFO
SIGILL: [libjvm.so+0xdf1470], sa_mask[0]=11111111011111111101111111111110, sa_flags=SA_RESTART|SA_SIGINFO
SIGUSR2: [libjvm.so+0xbc5400], sa_mask[0]=00100000000000000000000000000000, sa_flags=SA_RESTART|SA_SIGINFO
SIGHUP: [libjvm.so+0xbc5760], sa_mask[0]=11111111011111111101111111111110, sa_flags=SA_RESTART|SA_SIGINFO
SIGINT: [libjvm.so+0xbc5760], sa_mask[0]=11111111011111111101111111111110, sa_flags=SA_RESTART|SA_SIGINFO
SIGTERM: [libjvm.so+0xbc5760], sa_mask[0]=11111111011111111101111111111110, sa_flags=SA_RESTART|SA_SIGINFO
SIGQUIT: [libjvm.so+0xbc5760], sa_mask[0]=11111111011111111101111111111110, sa_flags=SA_RESTART|SA_SIGINFO


---------------  S Y S T E M  ---------------

OS:DISTRIB_ID=Ubuntu
DISTRIB_RELEASE=18.04
DISTRIB_CODENAME=bionic
DISTRIB_DESCRIPTION="Ubuntu 18.04.3 LTS"
uname:Linux 5.3.0-40-generic #32~18.04.1-Ubuntu SMP Mon Feb 3 14:05:59 UTC 2020 x86_64
libc:glibc 2.27 NPTL 2.27 
rlimit: STACK 8192k, CORE 0k, NPROC 62531, NOFILE 4096, AS infinity, DATA infinity, FSIZE infinity
load average:2.94 2.43 2.28

/proc/meminfo:
MemTotal:       16080456 kB
MemFree:         1647572 kB
MemAvailable:    6002000 kB
Buffers:          505648 kB
Cached:          4391196 kB
SwapCached:            0 kB
Active:         10449580 kB
Inactive:        2779436 kB
Active(anon):    8419788 kB
Inactive(anon):   419760 kB
Active(file):    2029792 kB
Inactive(file):  2359676 kB
Unevictable:      453752 kB
Mlocked:             208 kB
SwapTotal:       1003516 kB
SwapFree:        1003516 kB
Dirty:               348 kB
Writeback:             0 kB
AnonPages:       8785760 kB
Mapped:          1569332 kB
Shmem:            883460 kB
KReclaimable:     300912 kB
Slab:             496644 kB
SReclaimable:     300912 kB
SUnreclaim:       195732 kB
KernelStack:       34164 kB
PageTables:       122740 kB
NFS_Unstable:          0 kB
Bounce:                0 kB
WritebackTmp:          0 kB
CommitLimit:     9043744 kB
Committed_AS:   26232816 kB
VmallocTotal:   34359738367 kB
VmallocUsed:       52056 kB
VmallocChunk:          0 kB
Percpu:             8512 kB
HardwareCorrupted:     0 kB
AnonHugePages:         0 kB
ShmemHugePages:        0 kB
ShmemPmdMapped:        0 kB
CmaTotal:              0 kB
CmaFree:               0 kB
HugePages_Total:       0
HugePages_Free:        0
HugePages_Rsvd:        0
HugePages_Surp:        0
Hugepagesize:       2048 kB
Hugetlb:               0 kB
DirectMap4k:      481832 kB
DirectMap2M:    12828672 kB
DirectMap1G:     4194304 kB


/proc/sys/kernel/threads-max (system-wide limit on the number of threads):
125063


/proc/sys/vm/max_map_count (maximum number of memory map areas a process may have):
65530


/proc/sys/kernel/pid_max (system-wide limit on number of process identifiers):
32768



container (cgroup) information:
container_type: cgroupv1
cpu_cpuset_cpus: 0-7
cpu_memory_nodes: 0
active_processor_count: 8
cpu_quota: -1
cpu_period: 100000
cpu_shares: -1
memory_limit_in_bytes: -1
memory_and_swap_limit_in_bytes: -2
memory_soft_limit_in_bytes: -1
memory_usage_in_bytes: 9169879040
memory_max_usage_in_bytes: 9738010624

Steal ticks since vm start: 0
Steal ticks percentage since vm start:  0.000

CPU:total 8 (initial active 8) (4 cores per cpu, 2 threads per core) family 6 model 60 stepping 3, cmov, cx8, fxsr, mmx, sse, sse2, sse3, ssse3, sse4.1, sse4.2, popcnt, avx, avx2, aes, clmul, erms, lzcnt, ht, tsc, tscinvbit, bmi1, bmi2, fma
CPU Model and flags from /proc/cpuinfo:
model name	: Intel(R) Core(TM) i7-4710MQ CPU @ 2.50GHz
flags		: fpu vme de pse tsc msr pae mce cx8 apic sep mtrr pge mca cmov pat pse36 clflush dts acpi mmx fxsr sse sse2 ss ht tm pbe syscall nx pdpe1gb rdtscp lm constant_tsc arch_perfmon pebs bts rep_good nopl xtopology nonstop_tsc cpuid aperfmperf pni pclmulqdq dtes64 monitor ds_cpl vmx est tm2 ssse3 sdbg fma cx16 xtpr pdcm pcid sse4_1 sse4_2 movbe popcnt tsc_deadline_timer aes xsave avx f16c rdrand lahf_lm abm cpuid_fault epb invpcid_single pti ssbd ibrs ibpb stibp tpr_shadow vnmi flexpriority ept vpid ept_ad fsgsbase tsc_adjust bmi1 avx2 smep bmi2 erms invpcid xsaveopt dtherm ida arat pln pts md_clear flush_l1d

Memory: 4k page, physical 16080456k(1649336k free), swap 1003516k(1003516k free)

vm_info: OpenJDK 64-Bit Server VM (11.0.6+10-post-Ubuntu-1ubuntu118.04.1) for linux-amd64 JRE (11.0.6+10-post-Ubuntu-1ubuntu118.04.1), built on Jan 15 2020 15:14:00 by "unknown" with gcc 7.4.0

END.
